{"K:\\f-drive\\workspace\\ai-tools\\packages\\core\\src\\config\\cascade.ts": {"path":"K:\\f-drive\\workspace\\ai-tools\\packages\\core\\src\\config\\cascade.ts","statementMap":{"0":{"start":{"line":1,"column":0},"end":{"line":1,"column":25}},"1":{"start":{"line":2,"column":0},"end":{"line":2,"column":25}},"2":{"start":{"line":3,"column":0},"end":{"line":3,"column":29}},"3":{"start":{"line":5,"column":0},"end":{"line":5,"column":65}},"4":{"start":{"line":7,"column":24},"end":{"line":7,"column":46}},"5":{"start":{"line":22,"column":18},"end":{"line":22,"column":55}},"6":{"start":{"line":23,"column":19},"end":{"line":25,"column":52}},"7":{"start":{"line":24,"column":18},"end":{"line":24,"column":43}},"8":{"start":{"line":25,"column":41},"end":{"line":25,"column":51}},"9":{"start":{"line":27,"column":4},"end":{"line":27,"column":39}},"10":{"start":{"line":32,"column":28},"end":{"line":32,"column":30}},"11":{"start":{"line":35,"column":14},"end":{"line":35,"column":31}},"12":{"start":{"line":36,"column":4},"end":{"line":41,"column":5}},"13":{"start":{"line":37,"column":6},"end":{"line":37,"column":50}},"14":{"start":{"line":38,"column":21},"end":{"line":38,"column":38}},"15":{"start":{"line":39,"column":6},"end":{"line":39,"column":32}},"16":{"start":{"line":39,"column":26},"end":{"line":39,"column":32}},"17":{"start":{"line":40,"column":6},"end":{"line":40,"column":19}},"18":{"start":{"line":44,"column":21},"end":{"line":44,"column":61}},"19":{"start":{"line":45,"column":4},"end":{"line":47,"column":5}},"20":{"start":{"line":46,"column":6},"end":{"line":46,"column":27}},"21":{"start":{"line":50,"column":4},"end":{"line":50,"column":27}},"22":{"start":{"line":55,"column":4},"end":{"line":68,"column":5}},"23":{"start":{"line":56,"column":18},"end":{"line":56,"column":51}},"24":{"start":{"line":57,"column":30},"end":{"line":57,"column":45}},"25":{"start":{"line":58,"column":21},"end":{"line":58,"column":58}},"26":{"start":{"line":59,"column":6},"end":{"line":64,"column":7}},"27":{"start":{"line":60,"column":8},"end":{"line":62,"column":10}},"28":{"start":{"line":63,"column":8},"end":{"line":63,"column":20}},"29":{"start":{"line":65,"column":6},"end":{"line":65,"column":25}},"30":{"start":{"line":67,"column":6},"end":{"line":67,"column":18}},"31":{"start":{"line":76,"column":34},"end":{"line":76,"column":36}},"32":{"start":{"line":78,"column":4},"end":{"line":92,"column":5}},"33":{"start":{"line":79,"column":6},"end":{"line":81,"column":7}},"34":{"start":{"line":80,"column":8},"end":{"line":80,"column":49}},"35":{"start":{"line":82,"column":6},"end":{"line":84,"column":7}},"36":{"start":{"line":83,"column":8},"end":{"line":83,"column":88}},"37":{"start":{"line":85,"column":6},"end":{"line":91,"column":7}},"38":{"start":{"line":87,"column":8},"end":{"line":90,"column":11}},"39":{"start":{"line":94,"column":4},"end":{"line":94,"column":18}},"40":{"start":{"line":16,"column":0},"end":{"line":16,"column":13}},"41":{"start":{"line":100,"column":15},"end":{"line":100,"column":32}},"42":{"start":{"line":101,"column":2},"end":{"line":105,"column":5}},"43":{"start":{"line":102,"column":4},"end":{"line":102,"column":39}},"44":{"start":{"line":102,"column":26},"end":{"line":102,"column":39}},"45":{"start":{"line":103,"column":4},"end":{"line":103,"column":21}},"46":{"start":{"line":104,"column":4},"end":{"line":104,"column":16}}},"fnMap":{"0":{"name":"(anonymous_1)","decl":{"start":{"line":21,"column":2},"end":{"line":21,"column":8}},"loc":{"start":{"line":21,"column":41},"end":{"line":28,"column":3}}},"1":{"name":"(anonymous_2)","decl":{"start":{"line":24,"column":11},"end":{"line":24,"column":12}},"loc":{"start":{"line":24,"column":18},"end":{"line":24,"column":43}}},"2":{"name":"(anonymous_3)","decl":{"start":{"line":25,"column":14},"end":{"line":25,"column":15}},"loc":{"start":{"line":25,"column":41},"end":{"line":25,"column":51}}},"3":{"name":"(anonymous_4)","decl":{"start":{"line":31,"column":2},"end":{"line":31,"column":8}},"loc":{"start":{"line":31,"column":39},"end":{"line":51,"column":3}}},"4":{"name":"(anonymous_5)","decl":{"start":{"line":54,"column":2},"end":{"line":54,"column":8}},"loc":{"start":{"line":54,"column":34},"end":{"line":69,"column":3}}},"5":{"name":"(anonymous_6)","decl":{"start":{"line":75,"column":2},"end":{"line":75,"column":8}},"loc":{"start":{"line":75,"column":38},"end":{"line":95,"column":3}}},"6":{"name":"deduplicateRegistries","decl":{"start":{"line":99,"column":9},"end":{"line":99,"column":30}},"loc":{"start":{"line":99,"column":59},"end":{"line":106,"column":1}}},"7":{"name":"(anonymous_8)","decl":{"start":{"line":101,"column":27},"end":{"line":101,"column":28}},"loc":{"start":{"line":101,"column":33},"end":{"line":105,"column":3}}}},"branchMap":{"0":{"loc":{"start":{"line":21,"column":14},"end":{"line":21,"column":41}},"type":"default-arg","locations":[{"start":{"line":21,"column":28},"end":{"line":21,"column":41}}]},"1":{"loc":{"start":{"line":39,"column":6},"end":{"line":39,"column":32}},"type":"if","locations":[{"start":{"line":39,"column":6},"end":{"line":39,"column":32}}]},"2":{"loc":{"start":{"line":45,"column":4},"end":{"line":47,"column":5}},"type":"if","locations":[{"start":{"line":45,"column":4},"end":{"line":47,"column":5}}]},"3":{"loc":{"start":{"line":59,"column":6},"end":{"line":64,"column":7}},"type":"if","locations":[{"start":{"line":59,"column":6},"end":{"line":64,"column":7}}]},"4":{"loc":{"start":{"line":79,"column":6},"end":{"line":81,"column":7}},"type":"if","locations":[{"start":{"line":79,"column":6},"end":{"line":81,"column":7}}]},"5":{"loc":{"start":{"line":82,"column":6},"end":{"line":84,"column":7}},"type":"if","locations":[{"start":{"line":82,"column":6},"end":{"line":84,"column":7}}]},"6":{"loc":{"start":{"line":83,"column":36},"end":{"line":83,"column":61}},"type":"binary-expr","locations":[{"start":{"line":83,"column":36},"end":{"line":83,"column":55}},{"start":{"line":83,"column":59},"end":{"line":83,"column":61}}]},"7":{"loc":{"start":{"line":85,"column":6},"end":{"line":91,"column":7}},"type":"if","locations":[{"start":{"line":85,"column":6},"end":{"line":91,"column":7}}]},"8":{"loc":{"start":{"line":89,"column":14},"end":{"line":89,"column":37}},"type":"binary-expr","locations":[{"start":{"line":89,"column":14},"end":{"line":89,"column":31}},{"start":{"line":89,"column":35},"end":{"line":89,"column":37}}]},"9":{"loc":{"start":{"line":102,"column":4},"end":{"line":102,"column":39}},"type":"if","locations":[{"start":{"line":102,"column":4},"end":{"line":102,"column":39}}]}},"s":{"0":1,"1":1,"2":1,"3":1,"4":1,"5":0,"6":0,"7":0,"8":0,"9":0,"10":0,"11":0,"12":0,"13":0,"14":0,"15":0,"16":0,"17":0,"18":0,"19":0,"20":0,"21":0,"22":5,"23":5,"24":4,"25":3,"26":3,"27":1,"28":1,"29":2,"30":2,"31":7,"32":7,"33":12,"34":3,"35":12,"36":2,"37":12,"38":7,"39":7,"40":1,"41":7,"42":7,"43":12,"44":1,"45":11,"46":11},"f":{"0":0,"1":0,"2":0,"3":0,"4":5,"5":7,"6":7,"7":12},"b":{"0":[0],"1":[0],"2":[0],"3":[1],"4":[3],"5":[2],"6":[2,1],"7":[7],"8":[7,3],"9":[1]}}
,"K:\\f-drive\\workspace\\ai-tools\\packages\\core\\src\\lock\\lock-file.ts": {"path":"K:\\f-drive\\workspace\\ai-tools\\packages\\core\\src\\lock\\lock-file.ts","statementMap":{"0":{"start":{"line":14,"column":0},"end":{"line":14,"column":16}},"1":{"start":{"line":36,"column":0},"end":{"line":36,"column":16}},"2":{"start":{"line":45,"column":0},"end":{"line":45,"column":16}},"3":{"start":{"line":57,"column":0},"end":{"line":57,"column":16}},"4":{"start":{"line":1,"column":0},"end":{"line":1,"column":25}},"5":{"start":{"line":2,"column":0},"end":{"line":2,"column":29}},"6":{"start":{"line":4,"column":0},"end":{"line":4,"column":63}},"7":{"start":{"line":5,"column":0},"end":{"line":5,"column":45}},"8":{"start":{"line":7,"column":13},"end":{"line":7,"column":50}},"9":{"start":{"line":15,"column":19},"end":{"line":15,"column":48}},"10":{"start":{"line":16,"column":2},"end":{"line":18,"column":3}},"11":{"start":{"line":17,"column":4},"end":{"line":17,"column":23}},"12":{"start":{"line":19,"column":14},"end":{"line":19,"column":47}},"13":{"start":{"line":21,"column":2},"end":{"line":25,"column":3}},"14":{"start":{"line":22,"column":4},"end":{"line":22,"column":29}},"15":{"start":{"line":24,"column":4},"end":{"line":24,"column":78}},"16":{"start":{"line":26,"column":17},"end":{"line":26,"column":52}},"17":{"start":{"line":27,"column":2},"end":{"line":29,"column":3}},"18":{"start":{"line":28,"column":4},"end":{"line":28,"column":81}},"19":{"start":{"line":30,"column":2},"end":{"line":30,"column":21}},"20":{"start":{"line":37,"column":19},"end":{"line":37,"column":48}},"21":{"start":{"line":38,"column":18},"end":{"line":38,"column":35}},"22":{"start":{"line":39,"column":18},"end":{"line":39,"column":54}},"23":{"start":{"line":40,"column":2},"end":{"line":40,"column":45}},"24":{"start":{"line":41,"column":2},"end":{"line":41,"column":35}},"25":{"start":{"line":50,"column":2},"end":{"line":53,"column":4}},"26":{"start":{"line":58,"column":16},"end":{"line":58,"column":33}},"27":{"start":{"line":59,"column":2},"end":{"line":59,"column":21}},"28":{"start":{"line":60,"column":2},"end":{"line":60,"column":28}}},"fnMap":{"0":{"name":"readLockFile","decl":{"start":{"line":14,"column":16},"end":{"line":14,"column":28}},"loc":{"start":{"line":14,"column":40},"end":{"line":31,"column":1}}},"1":{"name":"writeLockFile","decl":{"start":{"line":36,"column":16},"end":{"line":36,"column":29}},"loc":{"start":{"line":36,"column":60},"end":{"line":42,"column":1}}},"2":{"name":"upsertLockEntry","decl":{"start":{"line":45,"column":16},"end":{"line":45,"column":31}},"loc":{"start":{"line":48,"column":18},"end":{"line":54,"column":1}}},"3":{"name":"removeLockEntry","decl":{"start":{"line":57,"column":16},"end":{"line":57,"column":31}},"loc":{"start":{"line":57,"column":63},"end":{"line":61,"column":1}}}},"branchMap":{"0":{"loc":{"start":{"line":16,"column":2},"end":{"line":18,"column":3}},"type":"if","locations":[{"start":{"line":16,"column":2},"end":{"line":18,"column":3}}]},"1":{"loc":{"start":{"line":27,"column":2},"end":{"line":29,"column":3}},"type":"if","locations":[{"start":{"line":27,"column":2},"end":{"line":29,"column":3}}]}},"s":{"0":1,"1":1,"2":1,"3":1,"4":1,"5":1,"6":1,"7":1,"8":1,"9":4,"10":4,"11":1,"12":3,"13":3,"14":3,"15":1,"16":2,"17":2,"18":1,"19":1,"20":1,"21":1,"22":1,"23":1,"24":1,"25":9,"26":3,"27":3,"28":3},"f":{"0":4,"1":1,"2":9,"3":3},"b":{"0":[1],"1":[1]}}
,"K:\\f-drive\\workspace\\ai-tools\\packages\\core\\src\\manifest\\manifest-file.ts": {"path":"K:\\f-drive\\workspace\\ai-tools\\packages\\core\\src\\manifest\\manifest-file.ts","statementMap":{"0":{"start":{"line":12,"column":0},"end":{"line":12,"column":16}},"1":{"start":{"line":33,"column":0},"end":{"line":33,"column":16}},"2":{"start":{"line":40,"column":0},"end":{"line":40,"column":16}},"3":{"start":{"line":53,"column":0},"end":{"line":53,"column":16}},"4":{"start":{"line":1,"column":0},"end":{"line":1,"column":25}},"5":{"start":{"line":2,"column":0},"end":{"line":2,"column":29}},"6":{"start":{"line":4,"column":0},"end":{"line":4,"column":67}},"7":{"start":{"line":6,"column":13},"end":{"line":6,"column":49}},"8":{"start":{"line":13,"column":19},"end":{"line":13,"column":52}},"9":{"start":{"line":14,"column":2},"end":{"line":14,"column":44}},"10":{"start":{"line":14,"column":32},"end":{"line":14,"column":44}},"11":{"start":{"line":16,"column":14},"end":{"line":16,"column":47}},"12":{"start":{"line":18,"column":2},"end":{"line":22,"column":3}},"13":{"start":{"line":19,"column":4},"end":{"line":19,"column":29}},"14":{"start":{"line":21,"column":4},"end":{"line":21,"column":78}},"15":{"start":{"line":23,"column":17},"end":{"line":23,"column":56}},"16":{"start":{"line":24,"column":2},"end":{"line":26,"column":3}},"17":{"start":{"line":25,"column":4},"end":{"line":25,"column":80}},"18":{"start":{"line":27,"column":2},"end":{"line":27,"column":21}},"19":{"start":{"line":34,"column":19},"end":{"line":34,"column":52}},"20":{"start":{"line":35,"column":18},"end":{"line":35,"column":58}},"21":{"start":{"line":36,"column":2},"end":{"line":36,"column":46}},"22":{"start":{"line":46,"column":2},"end":{"line":48,"column":3}},"23":{"start":{"line":47,"column":4},"end":{"line":47,"column":88}},"24":{"start":{"line":49,"column":2},"end":{"line":49,"column":80}},"25":{"start":{"line":54,"column":16},"end":{"line":54,"column":45}},"26":{"start":{"line":55,"column":19},"end":{"line":55,"column":51}},"27":{"start":{"line":56,"column":2},"end":{"line":56,"column":21}},"28":{"start":{"line":57,"column":2},"end":{"line":57,"column":24}},"29":{"start":{"line":58,"column":2},"end":{"line":58,"column":42}}},"fnMap":{"0":{"name":"readManifest","decl":{"start":{"line":12,"column":16},"end":{"line":12,"column":28}},"loc":{"start":{"line":12,"column":40},"end":{"line":28,"column":1}}},"1":{"name":"writeManifest","decl":{"start":{"line":33,"column":16},"end":{"line":33,"column":29}},"loc":{"start":{"line":33,"column":68},"end":{"line":37,"column":1}}},"2":{"name":"upsertToolDependency","decl":{"start":{"line":40,"column":16},"end":{"line":40,"column":36}},"loc":{"start":{"line":44,"column":13},"end":{"line":50,"column":1}}},"3":{"name":"removeToolDependency","decl":{"start":{"line":53,"column":16},"end":{"line":53,"column":36}},"loc":{"start":{"line":53,"column":76},"end":{"line":59,"column":1}}}},"branchMap":{"0":{"loc":{"start":{"line":14,"column":2},"end":{"line":14,"column":44}},"type":"if","locations":[{"start":{"line":14,"column":2},"end":{"line":14,"column":44}}]},"1":{"loc":{"start":{"line":24,"column":2},"end":{"line":26,"column":3}},"type":"if","locations":[{"start":{"line":24,"column":2},"end":{"line":26,"column":3}}]},"2":{"loc":{"start":{"line":44,"column":2},"end":{"line":44,"column":13}},"type":"default-arg","locations":[{"start":{"line":44,"column":8},"end":{"line":44,"column":13}}]},"3":{"loc":{"start":{"line":46,"column":2},"end":{"line":48,"column":3}},"type":"if","locations":[{"start":{"line":46,"column":2},"end":{"line":48,"column":3}}]},"4":{"loc":{"start":{"line":47,"column":42},"end":{"line":47,"column":65}},"type":"binary-expr","locations":[{"start":{"line":47,"column":42},"end":{"line":47,"column":59}},{"start":{"line":47,"column":63},"end":{"line":47,"column":65}}]},"5":{"loc":{"start":{"line":49,"column":37},"end":{"line":49,"column":57}},"type":"binary-expr","locations":[{"start":{"line":49,"column":37},"end":{"line":49,"column":51}},{"start":{"line":49,"column":55},"end":{"line":49,"column":57}}]},"6":{"loc":{"start":{"line":54,"column":22},"end":{"line":54,"column":42}},"type":"binary-expr","locations":[{"start":{"line":54,"column":22},"end":{"line":54,"column":36}},{"start":{"line":54,"column":40},"end":{"line":54,"column":42}}]},"7":{"loc":{"start":{"line":55,"column":25},"end":{"line":55,"column":48}},"type":"binary-expr","locations":[{"start":{"line":55,"column":25},"end":{"line":55,"column":42}},{"start":{"line":55,"column":46},"end":{"line":55,"column":48}}]}},"s":{"0":1,"1":1,"2":1,"3":1,"4":1,"5":1,"6":1,"7":1,"8":5,"9":5,"10":1,"11":4,"12":4,"13":4,"14":1,"15":3,"16":3,"17":1,"18":2,"19":2,"20":2,"21":2,"22":4,"23":1,"24":3,"25":4,"26":4,"27":4,"28":4,"29":4},"f":{"0":5,"1":2,"2":4,"3":4},"b":{"0":[1],"1":[1],"2":[3],"3":[1],"4":[1,1],"5":[3,2],"6":[4,1],"7":[4,2]}}
,"K:\\f-drive\\workspace\\ai-tools\\packages\\core\\src\\schema\\config-schema.ts": {"path":"K:\\f-drive\\workspace\\ai-tools\\packages\\core\\src\\schema\\config-schema.ts","statementMap":{"0":{"start":{"line":1,"column":0},"end":{"line":1,"column":24}},"1":{"start":{"line":5,"column":13},"end":{"line":10,"column":3}},"2":{"start":{"line":14,"column":13},"end":{"line":19,"column":3}},"3":{"start":{"line":23,"column":13},"end":{"line":27,"column":3}},"4":{"start":{"line":31,"column":13},"end":{"line":36,"column":3}},"5":{"start":{"line":40,"column":13},"end":{"line":46,"column":3}},"6":{"start":{"line":48,"column":13},"end":{"line":51,"column":3}}},"fnMap":{},"branchMap":{},"s":{"0":3,"1":3,"2":3,"3":3,"4":3,"5":3,"6":3},"f":{},"b":{}}
,"K:\\f-drive\\workspace\\ai-tools\\packages\\core\\src\\schema\\tool-schema.ts": {"path":"K:\\f-drive\\workspace\\ai-tools\\packages\\core\\src\\schema\\tool-schema.ts","statementMap":{"0":{"start":{"line":1,"column":0},"end":{"line":1,"column":24}},"1":{"start":{"line":5,"column":13},"end":{"line":9,"column":3}},"2":{"start":{"line":11,"column":13},"end":{"line":31,"column":3}}},"fnMap":{},"branchMap":{},"s":{"0":1,"1":1,"2":1},"f":{},"b":{}}
,"K:\\f-drive\\workspace\\ai-tools\\packages\\core\\src\\types\\lock.ts": {"path":"K:\\f-drive\\workspace\\ai-tools\\packages\\core\\src\\types\\lock.ts","statementMap":{"0":{"start":{"line":30,"column":0},"end":{"line":30,"column":16}},"1":{"start":{"line":41,"column":0},"end":{"line":41,"column":16}},"2":{"start":{"line":31,"column":2},"end":{"line":37,"column":4}},"3":{"start":{"line":42,"column":2},"end":{"line":42,"column":43}}},"fnMap":{"0":{"name":"toLockEntry","decl":{"start":{"line":30,"column":16},"end":{"line":30,"column":27}},"loc":{"start":{"line":30,"column":65},"end":{"line":38,"column":1}}},"1":{"name":"emptyLock","decl":{"start":{"line":41,"column":16},"end":{"line":41,"column":25}},"loc":{"start":{"line":41,"column":25},"end":{"line":43,"column":1}}}},"branchMap":{},"s":{"0":1,"1":1,"2":0,"3":8},"f":{"0":0,"1":8},"b":{}}
}
