TN:
SF:src\config\cascade.ts
FN:21,(anonymous_1)
FN:24,(anonymous_2)
FN:25,(anonymous_3)
FN:31,(anonymous_4)
FN:54,(anonymous_5)
FN:75,(anonymous_6)
FN:99,deduplicateRegistries
FN:101,(anonymous_8)
FNF:8
FNH:4
FNDA:0,(anonymous_1)
FNDA:0,(anonymous_2)
FNDA:0,(anonymous_3)
FNDA:0,(anonymous_4)
FNDA:5,(anonymous_5)
FNDA:7,(anonymous_6)
FNDA:7,deduplicateRegistries
FNDA:12,(anonymous_8)
DA:1,1
DA:2,1
DA:3,1
DA:5,1
DA:7,1
DA:16,1
DA:22,0
DA:23,0
DA:24,0
DA:25,0
DA:27,0
DA:32,0
DA:35,0
DA:36,0
DA:37,0
DA:38,0
DA:39,0
DA:40,0
DA:44,0
DA:45,0
DA:46,0
DA:50,0
DA:55,5
DA:56,5
DA:57,4
DA:58,3
DA:59,3
DA:60,1
DA:63,1
DA:65,2
DA:67,2
DA:76,7
DA:78,7
DA:79,12
DA:80,3
DA:82,12
DA:83,2
DA:85,12
DA:87,7
DA:94,7
DA:100,7
DA:101,7
DA:102,12
DA:103,11
DA:104,11
LF:45
LH:29
BRDA:21,0,0,0
BRDA:39,1,0,0
BRDA:45,2,0,0
BRDA:59,3,0,1
BRDA:79,4,0,3
BRDA:82,5,0,2
BRDA:83,6,0,2
BRDA:83,6,1,1
BRDA:85,7,0,7
BRDA:89,8,0,7
BRDA:89,8,1,3
BRDA:102,9,0,1
BRF:12
BRH:9
end_of_record
TN:
SF:src\lock\lock-file.ts
FN:14,readLockFile
FN:36,writeLockFile
FN:45,upsertLockEntry
FN:57,removeLockEntry
FNF:4
FNH:4
FNDA:4,readLockFile
FNDA:1,writeLockFile
FNDA:9,upsertLockEntry
FNDA:3,removeLockEntry
DA:1,1
DA:2,1
DA:4,1
DA:5,1
DA:7,1
DA:14,1
DA:15,4
DA:16,4
DA:17,1
DA:19,3
DA:21,3
DA:22,3
DA:24,1
DA:26,2
DA:27,2
DA:28,1
DA:30,1
DA:36,1
DA:37,1
DA:38,1
DA:39,1
DA:40,1
DA:41,1
DA:45,1
DA:50,9
DA:57,1
DA:58,3
DA:59,3
DA:60,3
LF:29
LH:29
BRDA:16,0,0,1
BRDA:27,1,0,1
BRF:2
BRH:2
end_of_record
TN:
SF:src\manifest\manifest-file.ts
FN:12,readManifest
FN:33,writeManifest
FN:40,upsertToolDependency
FN:53,removeToolDependency
FNF:4
FNH:4
FNDA:5,readManifest
FNDA:2,writeManifest
FNDA:4,upsertToolDependency
FNDA:4,removeToolDependency
DA:1,1
DA:2,1
DA:4,1
DA:6,1
DA:12,1
DA:13,5
DA:14,5
DA:16,4
DA:18,4
DA:19,4
DA:21,1
DA:23,3
DA:24,3
DA:25,1
DA:27,2
DA:33,1
DA:34,2
DA:35,2
DA:36,2
DA:40,1
DA:46,4
DA:47,1
DA:49,3
DA:53,1
DA:54,4
DA:55,4
DA:56,4
DA:57,4
DA:58,4
LF:29
LH:29
BRDA:14,0,0,1
BRDA:24,1,0,1
BRDA:44,2,0,3
BRDA:46,3,0,1
BRDA:47,4,0,1
BRDA:47,4,1,1
BRDA:49,5,0,3
BRDA:49,5,1,2
BRDA:54,6,0,4
BRDA:54,6,1,1
BRDA:55,7,0,4
BRDA:55,7,1,2
BRF:12
BRH:12
end_of_record
TN:
SF:src\schema\config-schema.ts
FNF:0
FNH:0
DA:1,3
DA:5,3
DA:14,3
DA:23,3
DA:31,3
DA:40,3
DA:48,3
LF:7
LH:7
BRF:0
BRH:0
end_of_record
TN:
SF:src\schema\tool-schema.ts
FNF:0
FNH:0
DA:1,1
DA:5,1
DA:11,1
LF:3
LH:3
BRF:0
BRH:0
end_of_record
TN:
SF:src\types\lock.ts
FN:30,toLockEntry
FN:41,emptyLock
FNF:2
FNH:1
FNDA:0,toLockEntry
FNDA:8,emptyLock
DA:30,1
DA:31,0
DA:41,1
DA:42,8
LF:4
LH:3
BRF:0
BRH:0
end_of_record
