{"K:\\f-drive\\workspace\\ai-tools\\packages\\server\\src\\app.ts": {"path":"K:\\f-drive\\workspace\\ai-tools\\packages\\server\\src\\app.ts","statementMap":{"0":{"start":{"line":25,"column":0},"end":{"line":25,"column":7}},"1":{"start":{"line":42,"column":0},"end":{"line":42,"column":7}},"2":{"start":{"line":1,"column":0},"end":{"line":1,"column":30}},"3":{"start":{"line":2,"column":0},"end":{"line":2,"column":33}},"4":{"start":{"line":3,"column":0},"end":{"line":3,"column":29}},"5":{"start":{"line":4,"column":0},"end":{"line":4,"column":52}},"6":{"start":{"line":5,"column":0},"end":{"line":5,"column":55}},"7":{"start":{"line":6,"column":0},"end":{"line":6,"column":62}},"8":{"start":{"line":26,"column":18},"end":{"line":26,"column":62}},"9":{"start":{"line":28,"column":2},"end":{"line":28,"column":49}},"10":{"start":{"line":30,"column":18},"end":{"line":30,"column":72}},"11":{"start":{"line":31,"column":16},"end":{"line":31,"column":38}},"12":{"start":{"line":33,"column":2},"end":{"line":33,"column":43}},"13":{"start":{"line":34,"column":2},"end":{"line":34,"column":65}},"14":{"start":{"line":36,"column":2},"end":{"line":36,"column":17}},"15":{"start":{"line":46,"column":14},"end":{"line":46,"column":37}},"16":{"start":{"line":47,"column":18},"end":{"line":50,"column":4}},"17":{"start":{"line":51,"column":2},"end":{"line":51,"column":26}}},"fnMap":{"0":{"name":"buildApp","decl":{"start":{"line":25,"column":22},"end":{"line":25,"column":30}},"loc":{"start":{"line":25,"column":58},"end":{"line":37,"column":1}}},"1":{"name":"startServer","decl":{"start":{"line":42,"column":22},"end":{"line":42,"column":33}},"loc":{"start":{"line":42,"column":61},"end":{"line":52,"column":1}}}},"branchMap":{"0":{"loc":{"start":{"line":25,"column":31},"end":{"line":25,"column":58}},"type":"default-arg","locations":[{"start":{"line":25,"column":56},"end":{"line":25,"column":58}}]},"1":{"loc":{"start":{"line":26,"column":36},"end":{"line":26,"column":59}},"type":"binary-expr","locations":[{"start":{"line":26,"column":36},"end":{"line":26,"column":50}},{"start":{"line":26,"column":54},"end":{"line":26,"column":59}}]},"2":{"loc":{"start":{"line":30,"column":18},"end":{"line":30,"column":72}},"type":"binary-expr","locations":[{"start":{"line":30,"column":18},"end":{"line":30,"column":33}},{"start":{"line":30,"column":37},"end":{"line":30,"column":72}}]},"3":{"loc":{"start":{"line":34,"column":40},"end":{"line":34,"column":63}},"type":"binary-expr","locations":[{"start":{"line":34,"column":40},"end":{"line":34,"column":57}},{"start":{"line":34,"column":61},"end":{"line":34,"column":63}}]},"4":{"loc":{"start":{"line":42,"column":34},"end":{"line":42,"column":61}},"type":"default-arg","locations":[{"start":{"line":42,"column":59},"end":{"line":42,"column":61}}]},"5":{"loc":{"start":{"line":48,"column":10},"end":{"line":48,"column":30}},"type":"binary-expr","locations":[{"start":{"line":48,"column":10},"end":{"line":48,"column":22}},{"start":{"line":48,"column":26},"end":{"line":48,"column":30}}]},"6":{"loc":{"start":{"line":49,"column":10},"end":{"line":49,"column":35}},"type":"binary-expr","locations":[{"start":{"line":49,"column":10},"end":{"line":49,"column":22}},{"start":{"line":49,"column":26},"end":{"line":49,"column":35}}]}},"s":{"0":1,"1":1,"2":1,"3":1,"4":1,"5":1,"6":1,"7":1,"8":17,"9":17,"10":17,"11":17,"12":17,"13":17,"14":17,"15":0,"16":0,"17":0},"f":{"0":17,"1":0},"b":{"0":[0],"1":[17,0],"2":[17,0],"3":[17,17],"4":[0],"5":[0,0],"6":[0,0]}}
,"K:\\f-drive\\workspace\\ai-tools\\packages\\server\\src\\routes\\registry.ts": {"path":"K:\\f-drive\\workspace\\ai-tools\\packages\\server\\src\\routes\\registry.ts","statementMap":{"0":{"start":{"line":20,"column":0},"end":{"line":20,"column":7}},"1":{"start":{"line":2,"column":0},"end":{"line":2,"column":31}},"2":{"start":{"line":3,"column":0},"end":{"line":3,"column":29}},"3":{"start":{"line":24,"column":2},"end":{"line":26,"column":5}},"4":{"start":{"line":25,"column":4},"end":{"line":25,"column":76}},"5":{"start":{"line":25,"column":44},"end":{"line":25,"column":72}},"6":{"start":{"line":29,"column":2},"end":{"line":35,"column":5}},"7":{"start":{"line":30,"column":4},"end":{"line":34,"column":7}},"8":{"start":{"line":38,"column":2},"end":{"line":52,"column":5}},"9":{"start":{"line":39,"column":18},"end":{"line":39,"column":55}},"10":{"start":{"line":40,"column":28},"end":{"line":41,"column":null}},"11":{"start":{"line":41,"column":27},"end":{"line":41,"column":85}},"12":{"start":{"line":44,"column":30},"end":{"line":44,"column":32}},"13":{"start":{"line":45,"column":4},"end":{"line":49,"column":5}},"14":{"start":{"line":46,"column":6},"end":{"line":48,"column":7}},"15":{"start":{"line":47,"column":8},"end":{"line":47,"column":37}},"16":{"start":{"line":51,"column":4},"end":{"line":51,"column":30}},"17":{"start":{"line":56,"column":2},"end":{"line":70,"column":5}},"18":{"start":{"line":57,"column":16},"end":{"line":57,"column":54}},"19":{"start":{"line":58,"column":4},"end":{"line":69,"column":27}},"20":{"start":{"line":59,"column":31},"end":{"line":59,"column":33}},"21":{"start":{"line":60,"column":6},"end":{"line":60,"column":52}},"22":{"start":{"line":60,"column":36},"end":{"line":60,"column":50}},"23":{"start":{"line":61,"column":6},"end":{"line":67,"column":9}},"24":{"start":{"line":62,"column":8},"end":{"line":66,"column":9}},"25":{"start":{"line":63,"column":10},"end":{"line":63,"column":70}},"26":{"start":{"line":65,"column":10},"end":{"line":65,"column":20}},"27":{"start":{"line":68,"column":6},"end":{"line":68,"column":30}}},"fnMap":{"0":{"name":"registerRegistryRoutes","decl":{"start":{"line":20,"column":22},"end":{"line":20,"column":44}},"loc":{"start":{"line":22,"column":29},"end":{"line":53,"column":1}}},"1":{"name":"(anonymous_2)","decl":{"start":{"line":24,"column":27},"end":{"line":24,"column":32}},"loc":{"start":{"line":24,"column":49},"end":{"line":26,"column":3}}},"2":{"name":"(anonymous_3)","decl":{"start":{"line":25,"column":36},"end":{"line":25,"column":37}},"loc":{"start":{"line":25,"column":44},"end":{"line":25,"column":72}}},"3":{"name":"(anonymous_4)","decl":{"start":{"line":29,"column":25},"end":{"line":29,"column":30}},"loc":{"start":{"line":29,"column":47},"end":{"line":35,"column":3}}},"4":{"name":"(anonymous_5)","decl":{"start":{"line":38,"column":64},"end":{"line":38,"column":69}},"loc":{"start":{"line":38,"column":85},"end":{"line":52,"column":3}}},"5":{"name":"(anonymous_6)","decl":{"start":{"line":41,"column":20},"end":{"line":41,"column":21}},"loc":{"start":{"line":41,"column":27},"end":{"line":41,"column":85}}},"6":{"name":"fetchJSON","decl":{"start":{"line":55,"column":9},"end":{"line":55,"column":18}},"loc":{"start":{"line":55,"column":30},"end":{"line":71,"column":1}}},"7":{"name":"(anonymous_8)","decl":{"start":{"line":56,"column":21},"end":{"line":56,"column":22}},"loc":{"start":{"line":56,"column":41},"end":{"line":70,"column":3}}},"8":{"name":"(anonymous_9)","decl":{"start":{"line":58,"column":62},"end":{"line":58,"column":63}},"loc":{"start":{"line":58,"column":70},"end":{"line":69,"column":5}}},"9":{"name":"(anonymous_10)","decl":{"start":{"line":60,"column":21},"end":{"line":60,"column":22}},"loc":{"start":{"line":60,"column":36},"end":{"line":60,"column":50}}},"10":{"name":"(anonymous_11)","decl":{"start":{"line":61,"column":20},"end":{"line":61,"column":23}},"loc":{"start":{"line":61,"column":25},"end":{"line":67,"column":7}}}},"branchMap":{"0":{"loc":{"start":{"line":39,"column":37},"end":{"line":39,"column":54}},"type":"binary-expr","locations":[{"start":{"line":39,"column":37},"end":{"line":39,"column":48}},{"start":{"line":39,"column":52},"end":{"line":39,"column":54}}]},"1":{"loc":{"start":{"line":46,"column":6},"end":{"line":48,"column":7}},"type":"if","locations":[{"start":{"line":46,"column":6},"end":{"line":48,"column":7}}]},"2":{"loc":{"start":{"line":46,"column":10},"end":{"line":46,"column":70}},"type":"binary-expr","locations":[{"start":{"line":46,"column":10},"end":{"line":46,"column":39}},{"start":{"line":46,"column":43},"end":{"line":46,"column":70}}]},"3":{"loc":{"start":{"line":57,"column":16},"end":{"line":57,"column":54}},"type":"cond-expr","locations":[{"start":{"line":57,"column":42},"end":{"line":57,"column":47}},{"start":{"line":57,"column":50},"end":{"line":57,"column":54}}]}},"s":{"0":1,"1":1,"2":1,"3":17,"4":0,"5":0,"6":17,"7":1,"8":17,"9":0,"10":0,"11":0,"12":0,"13":0,"14":0,"15":0,"16":0,"17":0,"18":0,"19":0,"20":0,"21":0,"22":0,"23":0,"24":0,"25":0,"26":0,"27":0},"f":{"0":17,"1":0,"2":0,"3":1,"4":0,"5":0,"6":0,"7":0,"8":0,"9":0,"10":0},"b":{"0":[0,0],"1":[0],"2":[0,0],"3":[0,0]}}
,"K:\\f-drive\\workspace\\ai-tools\\packages\\server\\src\\routes\\tools.ts": {"path":"K:\\f-drive\\workspace\\ai-tools\\packages\\server\\src\\routes\\tools.ts","statementMap":{"0":{"start":{"line":22,"column":0},"end":{"line":22,"column":7}},"1":{"start":{"line":2,"column":0},"end":{"line":2,"column":24}},"2":{"start":{"line":3,"column":0},"end":{"line":3,"column":52}},"3":{"start":{"line":6,"column":26},"end":{"line":10,"column":2}},"4":{"start":{"line":27,"column":2},"end":{"line":30,"column":5}},"5":{"start":{"line":28,"column":16},"end":{"line":28,"column":32}},"6":{"start":{"line":29,"column":4},"end":{"line":29,"column":27}},"7":{"start":{"line":33,"column":2},"end":{"line":44,"column":5}},"8":{"start":{"line":34,"column":18},"end":{"line":34,"column":35}},"9":{"start":{"line":35,"column":20},"end":{"line":42,"column":7}},"10":{"start":{"line":35,"column":52},"end":{"line":42,"column":6}},"11":{"start":{"line":43,"column":4},"end":{"line":43,"column":31}},"12":{"start":{"line":47,"column":2},"end":{"line":54,"column":4}},"13":{"start":{"line":50,"column":21},"end":{"line":50,"column":57}},"14":{"start":{"line":51,"column":6},"end":{"line":51,"column":73}},"15":{"start":{"line":51,"column":19},"end":{"line":51,"column":73}},"16":{"start":{"line":52,"column":6},"end":{"line":52,"column":41}},"17":{"start":{"line":56,"column":2},"end":{"line":67,"column":4}},"18":{"start":{"line":59,"column":6},"end":{"line":62,"column":7}},"19":{"start":{"line":60,"column":25},"end":{"line":60,"column":60}},"20":{"start":{"line":61,"column":8},"end":{"line":61,"column":63}},"21":{"start":{"line":63,"column":21},"end":{"line":63,"column":67}},"22":{"start":{"line":64,"column":6},"end":{"line":64,"column":73}},"23":{"start":{"line":64,"column":19},"end":{"line":64,"column":73}},"24":{"start":{"line":65,"column":6},"end":{"line":65,"column":41}},"25":{"start":{"line":70,"column":2},"end":{"line":83,"column":4}},"26":{"start":{"line":73,"column":6},"end":{"line":81,"column":7}},"27":{"start":{"line":74,"column":20},"end":{"line":74,"column":75}},"28":{"start":{"line":75,"column":8},"end":{"line":78,"column":21}},"29":{"start":{"line":80,"column":8},"end":{"line":80,"column":62}},"30":{"start":{"line":86,"column":2},"end":{"line":112,"column":5}},"31":{"start":{"line":87,"column":19},"end":{"line":87,"column":56}},"32":{"start":{"line":88,"column":4},"end":{"line":90,"column":5}},"33":{"start":{"line":89,"column":6},"end":{"line":89,"column":71}},"34":{"start":{"line":92,"column":32},"end":{"line":92,"column":43}},"35":{"start":{"line":95,"column":20},"end":{"line":95,"column":67}},"36":{"start":{"line":95,"column":49},"end":{"line":95,"column":66}},"37":{"start":{"line":96,"column":4},"end":{"line":100,"column":5}},"38":{"start":{"line":97,"column":6},"end":{"line":99,"column":9}},"39":{"start":{"line":98,"column":63},"end":{"line":98,"column":68}},"40":{"start":{"line":102,"column":4},"end":{"line":111,"column":5}},"41":{"start":{"line":103,"column":6},"end":{"line":103,"column":37}},"42":{"start":{"line":104,"column":6},"end":{"line":108,"column":9}},"43":{"start":{"line":110,"column":6},"end":{"line":110,"column":71}}},"fnMap":{"0":{"name":"registerToolRoutes","decl":{"start":{"line":22,"column":22},"end":{"line":22,"column":40}},"loc":{"start":{"line":24,"column":18},"end":{"line":113,"column":1}}},"1":{"name":"(anonymous_1)","decl":{"start":{"line":27,"column":24},"end":{"line":27,"column":29}},"loc":{"start":{"line":27,"column":46},"end":{"line":30,"column":3}}},"2":{"name":"(anonymous_2)","decl":{"start":{"line":33,"column":58},"end":{"line":33,"column":63}},"loc":{"start":{"line":33,"column":79},"end":{"line":44,"column":3}}},"3":{"name":"(anonymous_3)","decl":{"start":{"line":35,"column":44},"end":{"line":35,"column":45}},"loc":{"start":{"line":35,"column":52},"end":{"line":42,"column":6}}},"4":{"name":"(anonymous_4)","decl":{"start":{"line":49,"column":4},"end":{"line":49,"column":9}},"loc":{"start":{"line":49,"column":25},"end":{"line":53,"column":5}}},"5":{"name":"(anonymous_5)","decl":{"start":{"line":58,"column":4},"end":{"line":58,"column":9}},"loc":{"start":{"line":58,"column":25},"end":{"line":66,"column":5}}},"6":{"name":"(anonymous_6)","decl":{"start":{"line":72,"column":4},"end":{"line":72,"column":9}},"loc":{"start":{"line":72,"column":25},"end":{"line":82,"column":5}}},"7":{"name":"(anonymous_7)","decl":{"start":{"line":86,"column":44},"end":{"line":86,"column":49}},"loc":{"start":{"line":86,"column":65},"end":{"line":112,"column":3}}},"8":{"name":"(anonymous_8)","decl":{"start":{"line":95,"column":42},"end":{"line":95,"column":43}},"loc":{"start":{"line":95,"column":49},"end":{"line":95,"column":66}}},"9":{"name":"(anonymous_9)","decl":{"start":{"line":98,"column":56},"end":{"line":98,"column":57}},"loc":{"start":{"line":98,"column":63},"end":{"line":98,"column":68}}}},"branchMap":{"0":{"loc":{"start":{"line":34,"column":18},"end":{"line":34,"column":35}},"type":"binary-expr","locations":[{"start":{"line":34,"column":18},"end":{"line":34,"column":29}},{"start":{"line":34,"column":33},"end":{"line":34,"column":35}}]},"1":{"loc":{"start":{"line":51,"column":6},"end":{"line":51,"column":73}},"type":"if","locations":[{"start":{"line":51,"column":6},"end":{"line":51,"column":73}}]},"2":{"loc":{"start":{"line":59,"column":6},"end":{"line":62,"column":7}},"type":"if","locations":[{"start":{"line":59,"column":6},"end":{"line":62,"column":7}}]},"3":{"loc":{"start":{"line":64,"column":6},"end":{"line":64,"column":73}},"type":"if","locations":[{"start":{"line":64,"column":6},"end":{"line":64,"column":73}}]},"4":{"loc":{"start":{"line":88,"column":4},"end":{"line":90,"column":5}},"type":"if","locations":[{"start":{"line":88,"column":4},"end":{"line":90,"column":5}}]},"5":{"loc":{"start":{"line":96,"column":4},"end":{"line":100,"column":5}},"type":"if","locations":[{"start":{"line":96,"column":4},"end":{"line":100,"column":5}}]}},"s":{"0":1,"1":1,"2":1,"3":1,"4":17,"5":2,"6":2,"7":17,"8":3,"9":3,"10":2,"11":3,"12":17,"13":2,"14":2,"15":1,"16":1,"17":17,"18":3,"19":1,"20":1,"21":2,"22":2,"23":1,"24":1,"25":17,"26":2,"27":2,"28":1,"29":1,"30":17,"31":14,"32":14,"33":1,"34":13,"35":13,"36":13,"37":13,"38":1,"39":1,"40":12,"41":12,"42":11,"43":1},"f":{"0":17,"1":2,"2":3,"3":2,"4":2,"5":3,"6":2,"7":14,"8":13,"9":1},"b":{"0":[3,0],"1":[1],"2":[1],"3":[1],"4":[1],"5":[1]}}
,"K:\\f-drive\\workspace\\ai-tools\\packages\\server\\src\\storage\\tool-store.ts": {"path":"K:\\f-drive\\workspace\\ai-tools\\packages\\server\\src\\storage\\tool-store.ts","statementMap":{"0":{"start":{"line":1,"column":0},"end":{"line":1,"column":25}},"1":{"start":{"line":2,"column":0},"end":{"line":2,"column":29}},"2":{"start":{"line":3,"column":0},"end":{"line":3,"column":33}},"3":{"start":{"line":22,"column":31},"end":{"line":22,"column":46}},"4":{"start":{"line":23,"column":4},"end":{"line":23,"column":47}},"5":{"start":{"line":28,"column":16},"end":{"line":28,"column":64}},"6":{"start":{"line":29,"column":4},"end":{"line":31,"column":5}},"7":{"start":{"line":30,"column":6},"end":{"line":30,"column":80}},"8":{"start":{"line":32,"column":4},"end":{"line":32,"column":43}},"9":{"start":{"line":34,"column":4},"end":{"line":37,"column":6}},"10":{"start":{"line":38,"column":4},"end":{"line":41,"column":6}},"11":{"start":{"line":46,"column":28},"end":{"line":46,"column":85}},"12":{"start":{"line":47,"column":4},"end":{"line":47,"column":38}},"13":{"start":{"line":47,"column":26},"end":{"line":47,"column":38}},"14":{"start":{"line":49,"column":16},"end":{"line":49,"column":54}},"15":{"start":{"line":50,"column":4},"end":{"line":50,"column":69}},"16":{"start":{"line":50,"column":57},"end":{"line":50,"column":69}},"17":{"start":{"line":52,"column":21},"end":{"line":53,"column":null}},"18":{"start":{"line":56,"column":18},"end":{"line":57,"column":null}},"19":{"start":{"line":60,"column":4},"end":{"line":64,"column":6}},"20":{"start":{"line":69,"column":20},"end":{"line":69,"column":63}},"21":{"start":{"line":70,"column":4},"end":{"line":70,"column":43}},"22":{"start":{"line":70,"column":33},"end":{"line":70,"column":43}},"23":{"start":{"line":71,"column":4},"end":{"line":74,"column":72}},"24":{"start":{"line":73,"column":21},"end":{"line":73,"column":69}},"25":{"start":{"line":74,"column":22},"end":{"line":74,"column":70}},"26":{"start":{"line":79,"column":24},"end":{"line":79,"column":36}},"27":{"start":{"line":80,"column":26},"end":{"line":80,"column":55}},"28":{"start":{"line":81,"column":17},"end":{"line":83,"column":27}},"29":{"start":{"line":85,"column":36},"end":{"line":85,"column":38}},"30":{"start":{"line":87,"column":21},"end":{"line":89,"column":10}},"31":{"start":{"line":91,"column":4},"end":{"line":113,"column":5}},"32":{"start":{"line":92,"column":21},"end":{"line":92,"column":48}},"33":{"start":{"line":93,"column":6},"end":{"line":93,"column":28}},"34":{"start":{"line":93,"column":19},"end":{"line":93,"column":28}},"35":{"start":{"line":95,"column":21},"end":{"line":95,"column":46}},"36":{"start":{"line":96,"column":6},"end":{"line":96,"column":28}},"37":{"start":{"line":96,"column":19},"end":{"line":96,"column":28}},"38":{"start":{"line":98,"column":27},"end":{"line":98,"column":33}},"39":{"start":{"line":100,"column":23},"end":{"line":108,"column":22}},"40":{"start":{"line":110,"column":6},"end":{"line":112,"column":7}},"41":{"start":{"line":111,"column":8},"end":{"line":111,"column":31}},"42":{"start":{"line":115,"column":4},"end":{"line":115,"column":19}},"43":{"start":{"line":120,"column":19},"end":{"line":120,"column":42}},"44":{"start":{"line":121,"column":4},"end":{"line":121,"column":66}},"45":{"start":{"line":121,"column":17},"end":{"line":121,"column":66}},"46":{"start":{"line":123,"column":20},"end":{"line":126,"column":7}},"47":{"start":{"line":123,"column":79},"end":{"line":126,"column":6}},"48":{"start":{"line":128,"column":4},"end":{"line":128,"column":56}},"49":{"start":{"line":133,"column":16},"end":{"line":133,"column":48}},"50":{"start":{"line":134,"column":4},"end":{"line":134,"column":80}},"51":{"start":{"line":140,"column":4},"end":{"line":140,"column":64}},"52":{"start":{"line":144,"column":21},"end":{"line":144,"column":44}},"53":{"start":{"line":145,"column":4},"end":{"line":145,"column":31}},"54":{"start":{"line":21,"column":0},"end":{"line":21,"column":13}},"55":{"start":{"line":154,"column":2},"end":{"line":154,"column":33}}},"fnMap":{"0":{"name":"(anonymous_1)","decl":{"start":{"line":22,"column":2},"end":{"line":22,"column":31}},"loc":{"start":{"line":22,"column":46},"end":{"line":24,"column":3}}},"1":{"name":"(anonymous_2)","decl":{"start":{"line":27,"column":2},"end":{"line":27,"column":9}},"loc":{"start":{"line":27,"column":63},"end":{"line":42,"column":3}}},"2":{"name":"(anonymous_3)","decl":{"start":{"line":45,"column":2},"end":{"line":45,"column":5}},"loc":{"start":{"line":45,"column":35},"end":{"line":65,"column":3}}},"3":{"name":"(anonymous_4)","decl":{"start":{"line":68,"column":2},"end":{"line":68,"column":14}},"loc":{"start":{"line":68,"column":27},"end":{"line":75,"column":3}}},"4":{"name":"(anonymous_5)","decl":{"start":{"line":73,"column":14},"end":{"line":73,"column":15}},"loc":{"start":{"line":73,"column":21},"end":{"line":73,"column":69}}},"5":{"name":"(anonymous_6)","decl":{"start":{"line":74,"column":12},"end":{"line":74,"column":13}},"loc":{"start":{"line":74,"column":22},"end":{"line":74,"column":70}}},"6":{"name":"(anonymous_7)","decl":{"start":{"line":78,"column":2},"end":{"line":78,"column":8}},"loc":{"start":{"line":78,"column":22},"end":{"line":116,"column":3}}},"7":{"name":"(anonymous_8)","decl":{"start":{"line":119,"column":2},"end":{"line":119,"column":14}},"loc":{"start":{"line":119,"column":44},"end":{"line":129,"column":3}}},"8":{"name":"(anonymous_9)","decl":{"start":{"line":123,"column":53},"end":{"line":123,"column":54}},"loc":{"start":{"line":123,"column":79},"end":{"line":126,"column":6}}},"9":{"name":"(anonymous_10)","decl":{"start":{"line":132,"column":2},"end":{"line":132,"column":11}},"loc":{"start":{"line":132,"column":41},"end":{"line":135,"column":3}}},"10":{"name":"(anonymous_11)","decl":{"start":{"line":139,"column":10},"end":{"line":139,"column":20}},"loc":{"start":{"line":139,"column":50},"end":{"line":141,"column":3}}},"11":{"name":"(anonymous_12)","decl":{"start":{"line":143,"column":10},"end":{"line":143,"column":23}},"loc":{"start":{"line":143,"column":36},"end":{"line":146,"column":3}}},"12":{"name":"sanitizeName","decl":{"start":{"line":153,"column":9},"end":{"line":153,"column":21}},"loc":{"start":{"line":153,"column":34},"end":{"line":155,"column":1}}}},"branchMap":{"0":{"loc":{"start":{"line":29,"column":4},"end":{"line":31,"column":5}},"type":"if","locations":[{"start":{"line":29,"column":4},"end":{"line":31,"column":5}}]},"1":{"loc":{"start":{"line":46,"column":28},"end":{"line":46,"column":85}},"type":"cond-expr","locations":[{"start":{"line":46,"column":51},"end":{"line":46,"column":75}},{"start":{"line":46,"column":78},"end":{"line":46,"column":85}}]},"2":{"loc":{"start":{"line":47,"column":4},"end":{"line":47,"column":38}},"type":"if","locations":[{"start":{"line":47,"column":4},"end":{"line":47,"column":38}}]},"3":{"loc":{"start":{"line":50,"column":4},"end":{"line":50,"column":69}},"type":"if","locations":[{"start":{"line":50,"column":4},"end":{"line":50,"column":69}}]},"4":{"loc":{"start":{"line":70,"column":4},"end":{"line":70,"column":43}},"type":"if","locations":[{"start":{"line":70,"column":4},"end":{"line":70,"column":43}}]},"5":{"loc":{"start":{"line":81,"column":17},"end":{"line":83,"column":27}},"type":"cond-expr","locations":[{"start":{"line":82,"column":8},"end":{"line":82,"column":53}},{"start":{"line":83,"column":8},"end":{"line":83,"column":27}}]},"6":{"loc":{"start":{"line":87,"column":21},"end":{"line":89,"column":10}},"type":"cond-expr","locations":[{"start":{"line":88,"column":8},"end":{"line":88,"column":36}},{"start":{"line":89,"column":8},"end":{"line":89,"column":10}}]},"7":{"loc":{"start":{"line":93,"column":6},"end":{"line":93,"column":28}},"type":"if","locations":[{"start":{"line":93,"column":6},"end":{"line":93,"column":28}}]},"8":{"loc":{"start":{"line":96,"column":6},"end":{"line":96,"column":28}},"type":"if","locations":[{"start":{"line":96,"column":6},"end":{"line":96,"column":28}}]},"9":{"loc":{"start":{"line":104,"column":12},"end":{"line":104,"column":35}},"type":"binary-expr","locations":[{"start":{"line":104,"column":12},"end":{"line":104,"column":29}},{"start":{"line":104,"column":33},"end":{"line":104,"column":35}}]},"10":{"loc":{"start":{"line":105,"column":12},"end":{"line":105,"column":31}},"type":"binary-expr","locations":[{"start":{"line":105,"column":12},"end":{"line":105,"column":25}},{"start":{"line":105,"column":29},"end":{"line":105,"column":31}}]},"11":{"loc":{"start":{"line":110,"column":6},"end":{"line":112,"column":7}},"type":"if","locations":[{"start":{"line":110,"column":6},"end":{"line":112,"column":7}}]},"12":{"loc":{"start":{"line":121,"column":4},"end":{"line":121,"column":66}},"type":"if","locations":[{"start":{"line":121,"column":4},"end":{"line":121,"column":66}}]},"13":{"loc":{"start":{"line":145,"column":11},"end":{"line":145,"column":30}},"type":"binary-expr","locations":[{"start":{"line":145,"column":11},"end":{"line":145,"column":22}},{"start":{"line":145,"column":26},"end":{"line":145,"column":30}}]}},"s":{"0":2,"1":2,"2":2,"3":35,"4":35,"5":38,"6":38,"7":2,"8":36,"9":36,"10":36,"11":41,"12":41,"13":2,"14":39,"15":39,"16":4,"17":35,"18":35,"19":35,"20":21,"21":21,"22":3,"23":18,"24":21,"25":3,"26":10,"27":10,"28":10,"29":10,"30":10,"31":10,"32":14,"33":14,"34":0,"35":14,"36":14,"37":0,"38":14,"39":14,"40":14,"41":8,"42":10,"43":18,"44":18,"45":2,"46":16,"47":16,"48":16,"49":14,"50":14,"51":77,"52":18,"53":18,"54":2,"55":98},"f":{"0":35,"1":38,"2":41,"3":21,"4":21,"5":3,"6":10,"7":18,"8":16,"9":14,"10":77,"11":18,"12":98},"b":{"0":[2],"1":[4,37],"2":[2],"3":[4],"4":[3],"5":[0,10],"6":[10,0],"7":[0],"8":[0],"9":[14,14],"10":[14,14],"11":[8],"12":[2],"13":[18,2]}}
}
