TN:
SF:src\app.ts
FN:25,buildApp
FN:42,startServer
FNF:2
FNH:1
FNDA:17,buildApp
FNDA:0,startServer
DA:1,1
DA:2,1
DA:3,1
DA:4,1
DA:5,1
DA:6,1
DA:25,1
DA:26,17
DA:28,17
DA:30,17
DA:31,17
DA:33,17
DA:34,17
DA:36,17
DA:42,1
DA:46,0
DA:47,0
DA:51,0
LF:18
LH:15
BRDA:25,0,0,0
BRDA:26,1,0,17
BRDA:26,1,1,0
BRDA:30,2,0,17
BRDA:30,2,1,0
BRDA:34,3,0,17
BRDA:34,3,1,17
BRDA:42,4,0,0
BRDA:48,5,0,0
BRDA:48,5,1,0
BRDA:49,6,0,0
BRDA:49,6,1,0
BRF:12
BRH:4
end_of_record
TN:
SF:src\routes\registry.ts
FN:20,registerRegistryRoutes
FN:24,(anonymous_2)
FN:25,(anonymous_3)
FN:29,(anonymous_4)
FN:38,(anonymous_5)
FN:41,(anonymous_6)
FN:55,fetchJSON
FN:56,(anonymous_8)
FN:58,(anonymous_9)
FN:60,(anonymous_10)
FN:61,(anonymous_11)
FNF:11
FNH:2
FNDA:17,registerRegistryRoutes
FNDA:0,(anonymous_2)
FNDA:0,(anonymous_3)
FNDA:1,(anonymous_4)
FNDA:0,(anonymous_5)
FNDA:0,(anonymous_6)
FNDA:0,fetchJSON
FNDA:0,(anonymous_8)
FNDA:0,(anonymous_9)
FNDA:0,(anonymous_10)
FNDA:0,(anonymous_11)
DA:2,1
DA:3,1
DA:20,1
DA:24,17
DA:25,0
DA:29,17
DA:30,1
DA:38,17
DA:39,0
DA:40,0
DA:41,0
DA:44,0
DA:45,0
DA:46,0
DA:47,0
DA:51,0
DA:56,0
DA:57,0
DA:58,0
DA:59,0
DA:60,0
DA:61,0
DA:62,0
DA:63,0
DA:65,0
DA:68,0
LF:26
LH:7
BRDA:39,0,0,0
BRDA:39,0,1,0
BRDA:46,1,0,0
BRDA:46,2,0,0
BRDA:46,2,1,0
BRDA:57,3,0,0
BRDA:57,3,1,0
BRF:7
BRH:0
end_of_record
TN:
SF:src\routes\tools.ts
FN:22,registerToolRoutes
FN:27,(anonymous_1)
FN:33,(anonymous_2)
FN:35,(anonymous_3)
FN:49,(anonymous_4)
FN:58,(anonymous_5)
FN:72,(anonymous_6)
FN:86,(anonymous_7)
FN:95,(anonymous_8)
FN:98,(anonymous_9)
FNF:10
FNH:10
FNDA:17,registerToolRoutes
FNDA:2,(anonymous_1)
FNDA:3,(anonymous_2)
FNDA:2,(anonymous_3)
FNDA:2,(anonymous_4)
FNDA:3,(anonymous_5)
FNDA:2,(anonymous_6)
FNDA:14,(anonymous_7)
FNDA:13,(anonymous_8)
FNDA:1,(anonymous_9)
DA:2,1
DA:3,1
DA:6,1
DA:22,1
DA:27,17
DA:28,2
DA:29,2
DA:33,17
DA:34,3
DA:35,3
DA:43,3
DA:47,17
DA:50,2
DA:51,2
DA:52,1
DA:56,17
DA:59,3
DA:60,1
DA:61,1
DA:63,2
DA:64,2
DA:65,1
DA:70,17
DA:73,2
DA:74,2
DA:75,1
DA:80,1
DA:86,17
DA:87,14
DA:88,14
DA:89,1
DA:92,13
DA:95,13
DA:96,13
DA:97,1
DA:98,1
DA:102,12
DA:103,12
DA:104,11
DA:110,1
LF:40
LH:40
BRDA:34,0,0,3
BRDA:34,0,1,0
BRDA:51,1,0,1
BRDA:59,2,0,1
BRDA:64,3,0,1
BRDA:88,4,0,1
BRDA:96,5,0,1
BRF:7
BRH:6
end_of_record
TN:
SF:src\storage\tool-store.ts
FN:22,(anonymous_1)
FN:27,(anonymous_2)
FN:45,(anonymous_3)
FN:68,(anonymous_4)
FN:73,(anonymous_5)
FN:74,(anonymous_6)
FN:78,(anonymous_7)
FN:119,(anonymous_8)
FN:123,(anonymous_9)
FN:132,(anonymous_10)
FN:139,(anonymous_11)
FN:143,(anonymous_12)
FN:153,sanitizeName
FNF:13
FNH:13
FNDA:35,(anonymous_1)
FNDA:38,(anonymous_2)
FNDA:41,(anonymous_3)
FNDA:21,(anonymous_4)
FNDA:21,(anonymous_5)
FNDA:3,(anonymous_6)
FNDA:10,(anonymous_7)
FNDA:18,(anonymous_8)
FNDA:16,(anonymous_9)
FNDA:14,(anonymous_10)
FNDA:77,(anonymous_11)
FNDA:18,(anonymous_12)
FNDA:98,sanitizeName
DA:1,2
DA:2,2
DA:3,2
DA:21,2
DA:22,35
DA:23,35
DA:28,38
DA:29,38
DA:30,2
DA:32,36
DA:34,36
DA:38,36
DA:46,41
DA:47,41
DA:49,39
DA:50,39
DA:52,35
DA:56,35
DA:60,35
DA:69,21
DA:70,21
DA:71,18
DA:73,21
DA:74,3
DA:79,10
DA:80,10
DA:81,10
DA:85,10
DA:87,10
DA:91,10
DA:92,14
DA:93,14
DA:95,14
DA:96,14
DA:98,14
DA:100,14
DA:110,14
DA:111,8
DA:115,10
DA:120,18
DA:121,18
DA:123,16
DA:128,16
DA:133,14
DA:134,14
DA:140,77
DA:144,18
DA:145,18
DA:154,98
LF:49
LH:49
BRDA:29,0,0,2
BRDA:46,1,0,4
BRDA:46,1,1,37
BRDA:47,2,0,2
BRDA:50,3,0,4
BRDA:70,4,0,3
BRDA:81,5,0,0
BRDA:81,5,1,10
BRDA:87,6,0,10
BRDA:87,6,1,0
BRDA:93,7,0,0
BRDA:96,8,0,0
BRDA:104,9,0,14
BRDA:104,9,1,14
BRDA:105,10,0,14
BRDA:105,10,1,14
BRDA:110,11,0,8
BRDA:121,12,0,2
BRDA:145,13,0,18
BRDA:145,13,1,2
BRF:20
BRH:16
end_of_record
