<?xml version="1.0" encoding="UTF-8"?>
<coverage generated="1777044430076" clover="3.2.0">
  <project timestamp="1777044430076" name="All files">
    <metrics statements="80" coveredstatements="66" conditionals="26" coveredconditionals="17" methods="16" coveredmethods="14" elements="122" coveredelements="97" complexity="0" loc="80" ncloc="80" packages="1" files="2" classes="2"/>
    <file name="config-manager.ts" path="K:\f-drive\workspace\ai-tools\packages\cli\src\utils\config-manager.ts">
      <metrics statements="29" coveredstatements="21" conditionals="15" coveredconditionals="11" methods="8" coveredmethods="6"/>
      <line num="1" count="2" type="stmt"/>
      <line num="2" count="2" type="stmt"/>
      <line num="3" count="2" type="stmt"/>
      <line num="4" count="2" type="stmt"/>
      <line num="11" count="2" type="stmt"/>
      <line num="26" count="2" type="stmt"/>
      <line num="31" count="18" type="stmt"/>
      <line num="32" count="18" type="stmt"/>
      <line num="36" count="0" type="stmt"/>
      <line num="40" count="2" type="cond" truecount="2" falsecount="0"/>
      <line num="48" count="7" type="stmt"/>
      <line num="49" count="7" type="stmt"/>
      <line num="50" count="7" type="cond" truecount="1" falsecount="0"/>
      <line num="51" count="1" type="stmt"/>
      <line num="53" count="6" type="stmt"/>
      <line num="54" count="6" type="cond" truecount="1" falsecount="0"/>
      <line num="55" count="5" type="stmt"/>
      <line num="57" count="1" type="stmt"/>
      <line num="62" count="1" type="cond" truecount="2" falsecount="1"/>
      <line num="63" count="0" type="stmt"/>
      <line num="65" count="1" type="stmt"/>
      <line num="73" count="3" type="cond" truecount="2" falsecount="0"/>
      <line num="74" count="3" type="cond" truecount="3" falsecount="1"/>
      <line num="79" count="0" type="stmt"/>
      <line num="80" count="0" type="stmt"/>
      <line num="81" count="0" type="cond" truecount="0" falsecount="1"/>
      <line num="82" count="0" type="stmt"/>
      <line num="84" count="0" type="stmt"/>
      <line num="85" count="0" type="stmt"/>
    </file>
    <file name="installer.ts" path="K:\f-drive\workspace\ai-tools\packages\cli\src\utils\installer.ts">
      <metrics statements="51" coveredstatements="45" conditionals="11" coveredconditionals="6" methods="8" coveredmethods="8"/>
      <line num="1" count="1" type="stmt"/>
      <line num="2" count="1" type="stmt"/>
      <line num="3" count="1" type="stmt"/>
      <line num="5" count="1" type="stmt"/>
      <line num="18" count="1" type="stmt"/>
      <line num="20" count="8" type="stmt"/>
      <line num="21" count="8" type="cond" truecount="0" falsecount="1"/>
      <line num="32" count="2" type="stmt"/>
      <line num="33" count="2" type="stmt"/>
      <line num="34" count="2" type="stmt"/>
      <line num="36" count="2" type="stmt"/>
      <line num="38" count="2" type="stmt"/>
      <line num="42" count="2" type="stmt"/>
      <line num="44" count="2" type="stmt"/>
      <line num="45" count="2" type="stmt"/>
      <line num="46" count="2" type="cond" truecount="1" falsecount="0"/>
      <line num="47" count="1" type="stmt"/>
      <line num="49" count="1" type="cond" truecount="1" falsecount="1"/>
      <line num="53" count="1" type="stmt"/>
      <line num="54" count="1" type="stmt"/>
      <line num="55" count="1" type="stmt"/>
      <line num="58" count="1" type="stmt"/>
      <line num="70" count="1" type="stmt"/>
      <line num="71" count="1" type="stmt"/>
      <line num="72" count="1" type="stmt"/>
      <line num="74" count="1" type="stmt"/>
      <line num="82" count="5" type="stmt"/>
      <line num="83" count="5" type="stmt"/>
      <line num="84" count="5" type="cond" truecount="1" falsecount="0"/>
      <line num="85" count="1" type="stmt"/>
      <line num="88" count="4" type="stmt"/>
      <line num="89" count="4" type="stmt"/>
      <line num="90" count="4" type="cond" truecount="1" falsecount="0"/>
      <line num="91" count="3" type="stmt"/>
      <line num="92" count="3" type="stmt"/>
      <line num="94" count="3" type="stmt"/>
      <line num="98" count="4" type="stmt"/>
      <line num="99" count="4" type="stmt"/>
      <line num="100" count="4" type="stmt"/>
      <line num="104" count="4" type="stmt"/>
      <line num="111" count="2" type="stmt"/>
      <line num="124" count="2" type="stmt"/>
      <line num="125" count="2" type="cond" truecount="0" falsecount="1"/>
      <line num="126" count="0" type="stmt"/>
      <line num="128" count="2" type="stmt"/>
      <line num="135" count="3" type="cond" truecount="2" falsecount="1"/>
      <line num="136" count="0" type="stmt"/>
      <line num="137" count="0" type="stmt"/>
      <line num="138" count="0" type="cond" truecount="0" falsecount="1"/>
      <line num="139" count="0" type="stmt"/>
      <line num="140" count="0" type="stmt"/>
    </file>
  </project>
</coverage>
