{"total": {"lines":{"total":2135,"covered":2008,"skipped":0,"pct":94.05},"statements":{"total":2285,"covered":2117,"skipped":0,"pct":92.64},"functions":{"total":275,"covered":258,"skipped":0,"pct":93.81},"branches":{"total":1043,"covered":835,"skipped":0,"pct":80.05},"branchesTrue":{"total":0,"covered":0,"skipped":0,"pct":100}}
,"K:\\f-drive\\workspace\\ai-tools\\packages\\cli\\src\\adapters\\claude.ts": {"lines":{"total":13,"covered":12,"skipped":0,"pct":92.3},"functions":{"total":3,"covered":3,"skipped":0,"pct":100},"statements":{"total":15,"covered":13,"skipped":0,"pct":86.66},"branches":{"total":4,"covered":3,"skipped":0,"pct":75}}
,"K:\\f-drive\\workspace\\ai-tools\\packages\\cli\\src\\adapters\\cursor.ts": {"lines":{"total":13,"covered":13,"skipped":0,"pct":100},"functions":{"total":3,"covered":3,"skipped":0,"pct":100},"statements":{"total":15,"covered":15,"skipped":0,"pct":100},"branches":{"total":4,"covered":4,"skipped":0,"pct":100}}
,"K:\\f-drive\\workspace\\ai-tools\\packages\\cli\\src\\adapters\\index.ts": {"lines":{"total":13,"covered":13,"skipped":0,"pct":100},"functions":{"total":6,"covered":1,"skipped":0,"pct":16.66},"statements":{"total":18,"covered":18,"skipped":0,"pct":100},"branches":{"total":1,"covered":1,"skipped":0,"pct":100}}
,"K:\\f-drive\\workspace\\ai-tools\\packages\\cli\\src\\adapters\\types.ts": {"lines":{"total":6,"covered":6,"skipped":0,"pct":100},"functions":{"total":1,"covered":1,"skipped":0,"pct":100},"statements":{"total":6,"covered":6,"skipped":0,"pct":100},"branches":{"total":3,"covered":3,"skipped":0,"pct":100}}
,"K:\\f-drive\\workspace\\ai-tools\\packages\\cli\\src\\adapters\\universal.ts": {"lines":{"total":12,"covered":12,"skipped":0,"pct":100},"functions":{"total":3,"covered":3,"skipped":0,"pct":100},"statements":{"total":13,"covered":13,"skipped":0,"pct":100},"branches":{"total":3,"covered":3,"skipped":0,"pct":100}}
,"K:\\f-drive\\workspace\\ai-tools\\packages\\cli\\src\\adapters\\vscode.ts": {"lines":{"total":13,"covered":12,"skipped":0,"pct":92.3},"functions":{"total":3,"covered":3,"skipped":0,"pct":100},"statements":{"total":15,"covered":14,"skipped":0,"pct":93.33},"branches":{"total":4,"covered":4,"skipped":0,"pct":100}}
,"K:\\f-drive\\workspace\\ai-tools\\packages\\cli\\src\\adapters\\windsurf.ts": {"lines":{"total":13,"covered":13,"skipped":0,"pct":100},"functions":{"total":3,"covered":3,"skipped":0,"pct":100},"statements":{"total":15,"covered":14,"skipped":0,"pct":93.33},"branches":{"total":4,"covered":3,"skipped":0,"pct":75}}
,"K:\\f-drive\\workspace\\ai-tools\\packages\\cli\\src\\bundled\\aitools-convert.ts": {"lines":{"total":3,"covered":3,"skipped":0,"pct":100},"functions":{"total":0,"covered":0,"skipped":0,"pct":100},"statements":{"total":3,"covered":3,"skipped":0,"pct":100},"branches":{"total":0,"covered":0,"skipped":0,"pct":100}}
,"K:\\f-drive\\workspace\\ai-tools\\packages\\cli\\src\\bundled\\create-ai-tool.ts": {"lines":{"total":3,"covered":3,"skipped":0,"pct":100},"functions":{"total":0,"covered":0,"skipped":0,"pct":100},"statements":{"total":3,"covered":3,"skipped":0,"pct":100},"branches":{"total":0,"covered":0,"skipped":0,"pct":100}}
,"K:\\f-drive\\workspace\\ai-tools\\packages\\cli\\src\\commands\\compat.ts": {"lines":{"total":172,"covered":165,"skipped":0,"pct":95.93},"functions":{"total":26,"covered":25,"skipped":0,"pct":96.15},"statements":{"total":203,"covered":185,"skipped":0,"pct":91.13},"branches":{"total":104,"covered":82,"skipped":0,"pct":78.84}}
,"K:\\f-drive\\workspace\\ai-tools\\packages\\cli\\src\\commands\\config.ts": {"lines":{"total":146,"covered":137,"skipped":0,"pct":93.83},"functions":{"total":11,"covered":11,"skipped":0,"pct":100},"statements":{"total":152,"covered":140,"skipped":0,"pct":92.1},"branches":{"total":53,"covered":42,"skipped":0,"pct":79.24}}
,"K:\\f-drive\\workspace\\ai-tools\\packages\\cli\\src\\commands\\dev-init.ts": {"lines":{"total":41,"covered":40,"skipped":0,"pct":97.56},"functions":{"total":2,"covered":2,"skipped":0,"pct":100},"statements":{"total":41,"covered":40,"skipped":0,"pct":97.56},"branches":{"total":11,"covered":10,"skipped":0,"pct":90.9}}
,"K:\\f-drive\\workspace\\ai-tools\\packages\\cli\\src\\commands\\init.ts": {"lines":{"total":36,"covered":34,"skipped":0,"pct":94.44},"functions":{"total":4,"covered":4,"skipped":0,"pct":100},"statements":{"total":36,"covered":34,"skipped":0,"pct":94.44},"branches":{"total":8,"covered":6,"skipped":0,"pct":75}}
,"K:\\f-drive\\workspace\\ai-tools\\packages\\cli\\src\\commands\\install.ts": {"lines":{"total":90,"covered":90,"skipped":0,"pct":100},"functions":{"total":5,"covered":5,"skipped":0,"pct":100},"statements":{"total":90,"covered":90,"skipped":0,"pct":100},"branches":{"total":34,"covered":30,"skipped":0,"pct":88.23}}
,"K:\\f-drive\\workspace\\ai-tools\\packages\\cli\\src\\commands\\list.ts": {"lines":{"total":23,"covered":23,"skipped":0,"pct":100},"functions":{"total":2,"covered":2,"skipped":0,"pct":100},"statements":{"total":23,"covered":23,"skipped":0,"pct":100},"branches":{"total":2,"covered":2,"skipped":0,"pct":100}}
,"K:\\f-drive\\workspace\\ai-tools\\packages\\cli\\src\\commands\\manifest.ts": {"lines":{"total":283,"covered":248,"skipped":0,"pct":87.63},"functions":{"total":33,"covered":29,"skipped":0,"pct":87.87},"statements":{"total":310,"covered":267,"skipped":0,"pct":86.12},"branches":{"total":197,"covered":149,"skipped":0,"pct":75.63}}
,"K:\\f-drive\\workspace\\ai-tools\\packages\\cli\\src\\commands\\mcp.ts": {"lines":{"total":135,"covered":121,"skipped":0,"pct":89.62},"functions":{"total":17,"covered":13,"skipped":0,"pct":76.47},"statements":{"total":141,"covered":125,"skipped":0,"pct":88.65},"branches":{"total":49,"covered":40,"skipped":0,"pct":81.63}}
,"K:\\f-drive\\workspace\\ai-tools\\packages\\cli\\src\\commands\\publish.ts": {"lines":{"total":90,"covered":89,"skipped":0,"pct":98.88},"functions":{"total":7,"covered":6,"skipped":0,"pct":85.71},"statements":{"total":95,"covered":93,"skipped":0,"pct":97.89},"branches":{"total":38,"covered":28,"skipped":0,"pct":73.68}}
,"K:\\f-drive\\workspace\\ai-tools\\packages\\cli\\src\\commands\\registry.ts": {"lines":{"total":78,"covered":76,"skipped":0,"pct":97.43},"functions":{"total":7,"covered":7,"skipped":0,"pct":100},"statements":{"total":81,"covered":79,"skipped":0,"pct":97.53},"branches":{"total":54,"covered":43,"skipped":0,"pct":79.62}}
,"K:\\f-drive\\workspace\\ai-tools\\packages\\cli\\src\\commands\\search.ts": {"lines":{"total":60,"covered":60,"skipped":0,"pct":100},"functions":{"total":5,"covered":5,"skipped":0,"pct":100},"statements":{"total":60,"covered":60,"skipped":0,"pct":100},"branches":{"total":11,"covered":10,"skipped":0,"pct":90.9}}
,"K:\\f-drive\\workspace\\ai-tools\\packages\\cli\\src\\commands\\uninstall.ts": {"lines":{"total":24,"covered":24,"skipped":0,"pct":100},"functions":{"total":2,"covered":2,"skipped":0,"pct":100},"statements":{"total":24,"covered":24,"skipped":0,"pct":100},"branches":{"total":1,"covered":1,"skipped":0,"pct":100}}
,"K:\\f-drive\\workspace\\ai-tools\\packages\\cli\\src\\commands\\update.ts": {"lines":{"total":49,"covered":49,"skipped":0,"pct":100},"functions":{"total":2,"covered":2,"skipped":0,"pct":100},"statements":{"total":49,"covered":49,"skipped":0,"pct":100},"branches":{"total":17,"covered":14,"skipped":0,"pct":82.35}}
,"K:\\f-drive\\workspace\\ai-tools\\packages\\cli\\src\\transformers\\agent.ts": {"lines":{"total":44,"covered":40,"skipped":0,"pct":90.9},"functions":{"total":3,"covered":3,"skipped":0,"pct":100},"statements":{"total":47,"covered":43,"skipped":0,"pct":91.48},"branches":{"total":27,"covered":24,"skipped":0,"pct":88.88}}
,"K:\\f-drive\\workspace\\ai-tools\\packages\\cli\\src\\transformers\\command.ts": {"lines":{"total":29,"covered":29,"skipped":0,"pct":100},"functions":{"total":3,"covered":3,"skipped":0,"pct":100},"statements":{"total":31,"covered":30,"skipped":0,"pct":96.77},"branches":{"total":23,"covered":22,"skipped":0,"pct":95.65}}
,"K:\\f-drive\\workspace\\ai-tools\\packages\\cli\\src\\transformers\\hook.ts": {"lines":{"total":116,"covered":109,"skipped":0,"pct":93.96},"functions":{"total":11,"covered":11,"skipped":0,"pct":100},"statements":{"total":136,"covered":125,"skipped":0,"pct":91.91},"branches":{"total":92,"covered":76,"skipped":0,"pct":82.6}}
,"K:\\f-drive\\workspace\\ai-tools\\packages\\cli\\src\\transformers\\index.ts": {"lines":{"total":36,"covered":35,"skipped":0,"pct":97.22},"functions":{"total":6,"covered":5,"skipped":0,"pct":83.33},"statements":{"total":40,"covered":39,"skipped":0,"pct":97.5},"branches":{"total":22,"covered":20,"skipped":0,"pct":90.9}}
,"K:\\f-drive\\workspace\\ai-tools\\packages\\cli\\src\\transformers\\rule.ts": {"lines":{"total":69,"covered":68,"skipped":0,"pct":98.55},"functions":{"total":6,"covered":6,"skipped":0,"pct":100},"statements":{"total":78,"covered":74,"skipped":0,"pct":94.87},"branches":{"total":48,"covered":43,"skipped":0,"pct":89.58}}
,"K:\\f-drive\\workspace\\ai-tools\\packages\\cli\\src\\transformers\\types.ts": {"lines":{"total":17,"covered":17,"skipped":0,"pct":100},"functions":{"total":7,"covered":7,"skipped":0,"pct":100},"statements":{"total":17,"covered":17,"skipped":0,"pct":100},"branches":{"total":3,"covered":3,"skipped":0,"pct":100}}
,"K:\\f-drive\\workspace\\ai-tools\\packages\\cli\\src\\utils\\cache-manager.ts": {"lines":{"total":38,"covered":37,"skipped":0,"pct":97.36},"functions":{"total":11,"covered":11,"skipped":0,"pct":100},"statements":{"total":39,"covered":38,"skipped":0,"pct":97.43},"branches":{"total":13,"covered":12,"skipped":0,"pct":92.3}}
,"K:\\f-drive\\workspace\\ai-tools\\packages\\cli\\src\\utils\\config-manager.ts": {"lines":{"total":52,"covered":48,"skipped":0,"pct":92.3},"functions":{"total":15,"covered":14,"skipped":0,"pct":93.33},"statements":{"total":53,"covered":49,"skipped":0,"pct":92.45},"branches":{"total":26,"covered":22,"skipped":0,"pct":84.61}}
,"K:\\f-drive\\workspace\\ai-tools\\packages\\cli\\src\\utils\\git-registry-client.ts": {"lines":{"total":132,"covered":120,"skipped":0,"pct":90.9},"functions":{"total":33,"covered":33,"skipped":0,"pct":100},"statements":{"total":140,"covered":124,"skipped":0,"pct":88.57},"branches":{"total":59,"covered":37,"skipped":0,"pct":62.71}}
,"K:\\f-drive\\workspace\\ai-tools\\packages\\cli\\src\\utils\\installer.ts": {"lines":{"total":199,"covered":179,"skipped":0,"pct":89.94},"functions":{"total":12,"covered":12,"skipped":0,"pct":100},"statements":{"total":204,"covered":182,"skipped":0,"pct":89.21},"branches":{"total":95,"covered":70,"skipped":0,"pct":73.68}}
,"K:\\f-drive\\workspace\\ai-tools\\packages\\cli\\src\\utils\\registry-client.ts": {"lines":{"total":87,"covered":83,"skipped":0,"pct":95.4},"functions":{"total":23,"covered":23,"skipped":0,"pct":100},"statements":{"total":92,"covered":88,"skipped":0,"pct":95.65},"branches":{"total":33,"covered":28,"skipped":0,"pct":84.84}}
}
