{"K:\\f-drive\\workspace\\ai-tools\\packages\\cli\\src\\utils\\config-manager.ts": {"path":"K:\\f-drive\\workspace\\ai-tools\\packages\\cli\\src\\utils\\config-manager.ts","statementMap":{"0":{"start":{"line":1,"column":0},"end":{"line":1,"column":25}},"1":{"start":{"line":2,"column":0},"end":{"line":2,"column":25}},"2":{"start":{"line":3,"column":0},"end":{"line":3,"column":29}},"3":{"start":{"line":4,"column":0},"end":{"line":4,"column":47}},"4":{"start":{"line":11,"column":82},"end":{"line":24,"column":2}},"5":{"start":{"line":31,"column":4},"end":{"line":31,"column":19}},"6":{"start":{"line":32,"column":4},"end":{"line":32,"column":42}},"7":{"start":{"line":36,"column":4},"end":{"line":36,"column":23}},"8":{"start":{"line":40,"column":4},"end":{"line":40,"column":49}},"9":{"start":{"line":48,"column":24},"end":{"line":48,"column":46}},"10":{"start":{"line":49,"column":21},"end":{"line":49,"column":60}},"11":{"start":{"line":50,"column":4},"end":{"line":52,"column":5}},"12":{"start":{"line":51,"column":6},"end":{"line":51,"column":39}},"13":{"start":{"line":53,"column":21},"end":{"line":53,"column":59}},"14":{"start":{"line":54,"column":4},"end":{"line":56,"column":5}},"15":{"start":{"line":55,"column":6},"end":{"line":55,"column":46}},"16":{"start":{"line":57,"column":4},"end":{"line":57,"column":20}},"17":{"start":{"line":62,"column":4},"end":{"line":64,"column":5}},"18":{"start":{"line":63,"column":6},"end":{"line":63,"column":49}},"19":{"start":{"line":65,"column":4},"end":{"line":65,"column":13}},"20":{"start":{"line":73,"column":23},"end":{"line":73,"column":51}},"21":{"start":{"line":74,"column":4},"end":{"line":74,"column":85}},"22":{"start":{"line":74,"column":42},"end":{"line":74,"column":83}},"23":{"start":{"line":79,"column":21},"end":{"line":79,"column":64}},"24":{"start":{"line":80,"column":34},"end":{"line":80,"column":36}},"25":{"start":{"line":81,"column":4},"end":{"line":83,"column":5}},"26":{"start":{"line":82,"column":6},"end":{"line":82,"column":80}},"27":{"start":{"line":84,"column":19},"end":{"line":84,"column":44}},"28":{"start":{"line":85,"column":4},"end":{"line":85,"column":79}},"29":{"start":{"line":26,"column":0},"end":{"line":26,"column":13}}},"fnMap":{"0":{"name":"(anonymous_1)","decl":{"start":{"line":30,"column":2},"end":{"line":30,"column":14}},"loc":{"start":{"line":30,"column":41},"end":{"line":33,"column":3}}},"1":{"name":"(anonymous_2)","decl":{"start":{"line":35,"column":2},"end":{"line":35,"column":5}},"loc":{"start":{"line":35,"column":5},"end":{"line":37,"column":3}}},"2":{"name":"(anonymous_3)","decl":{"start":{"line":39,"column":2},"end":{"line":39,"column":17}},"loc":{"start":{"line":39,"column":17},"end":{"line":41,"column":3}}},"3":{"name":"(anonymous_4)","decl":{"start":{"line":47,"column":2},"end":{"line":47,"column":20}},"loc":{"start":{"line":47,"column":64},"end":{"line":58,"column":3}}},"4":{"name":"(anonymous_5)","decl":{"start":{"line":61,"column":10},"end":{"line":61,"column":20}},"loc":{"start":{"line":61,"column":30},"end":{"line":66,"column":3}}},"5":{"name":"(anonymous_6)","decl":{"start":{"line":72,"column":2},"end":{"line":72,"column":15}},"loc":{"start":{"line":72,"column":15},"end":{"line":75,"column":3}}},"6":{"name":"(anonymous_7)","decl":{"start":{"line":74,"column":32},"end":{"line":74,"column":33}},"loc":{"start":{"line":74,"column":42},"end":{"line":74,"column":83}}},"7":{"name":"(anonymous_8)","decl":{"start":{"line":78,"column":2},"end":{"line":78,"column":20}},"loc":{"start":{"line":78,"column":50},"end":{"line":86,"column":3}}}},"branchMap":{"0":{"loc":{"start":{"line":30,"column":14},"end":{"line":30,"column":41}},"type":"default-arg","locations":[{"start":{"line":30,"column":28},"end":{"line":30,"column":41}}]},"1":{"loc":{"start":{"line":40,"column":11},"end":{"line":40,"column":48}},"type":"binary-expr","locations":[{"start":{"line":40,"column":11},"end":{"line":40,"column":35}},{"start":{"line":40,"column":39},"end":{"line":40,"column":48}}]},"2":{"loc":{"start":{"line":50,"column":4},"end":{"line":52,"column":5}},"type":"if","locations":[{"start":{"line":50,"column":4},"end":{"line":52,"column":5}}]},"3":{"loc":{"start":{"line":54,"column":4},"end":{"line":56,"column":5}},"type":"if","locations":[{"start":{"line":54,"column":4},"end":{"line":56,"column":5}}]},"4":{"loc":{"start":{"line":62,"column":4},"end":{"line":64,"column":5}},"type":"if","locations":[{"start":{"line":62,"column":4},"end":{"line":64,"column":5}}]},"5":{"loc":{"start":{"line":62,"column":8},"end":{"line":62,"column":39}},"type":"binary-expr","locations":[{"start":{"line":62,"column":8},"end":{"line":62,"column":26}},{"start":{"line":62,"column":30},"end":{"line":62,"column":39}}]},"6":{"loc":{"start":{"line":73,"column":23},"end":{"line":73,"column":51}},"type":"binary-expr","locations":[{"start":{"line":73,"column":23},"end":{"line":73,"column":45}},{"start":{"line":73,"column":49},"end":{"line":73,"column":51}}]},"7":{"loc":{"start":{"line":74,"column":43},"end":{"line":74,"column":60}},"type":"binary-expr","locations":[{"start":{"line":74,"column":43},"end":{"line":74,"column":53}},{"start":{"line":74,"column":57},"end":{"line":74,"column":60}}]},"8":{"loc":{"start":{"line":74,"column":65},"end":{"line":74,"column":82}},"type":"binary-expr","locations":[{"start":{"line":74,"column":65},"end":{"line":74,"column":75}},{"start":{"line":74,"column":79},"end":{"line":74,"column":82}}]},"9":{"loc":{"start":{"line":81,"column":4},"end":{"line":83,"column":5}},"type":"if","locations":[{"start":{"line":81,"column":4},"end":{"line":83,"column":5}}]}},"s":{"0":2,"1":2,"2":2,"3":2,"4":2,"5":18,"6":18,"7":0,"8":2,"9":7,"10":7,"11":7,"12":1,"13":6,"14":6,"15":5,"16":1,"17":1,"18":0,"19":1,"20":3,"21":3,"22":2,"23":0,"24":0,"25":0,"26":0,"27":0,"28":0,"29":2},"f":{"0":18,"1":0,"2":2,"3":7,"4":1,"5":3,"6":2,"7":0},"b":{"0":[0],"1":[2,1],"2":[1],"3":[5],"4":[0],"5":[1,1],"6":[3,1],"7":[2,0],"8":[2,1],"9":[0]}}
,"K:\\f-drive\\workspace\\ai-tools\\packages\\cli\\src\\utils\\installer.ts": {"path":"K:\\f-drive\\workspace\\ai-tools\\packages\\cli\\src\\utils\\installer.ts","statementMap":{"0":{"start":{"line":1,"column":0},"end":{"line":1,"column":25}},"1":{"start":{"line":2,"column":0},"end":{"line":2,"column":29}},"2":{"start":{"line":3,"column":0},"end":{"line":3,"column":33}},"3":{"start":{"line":5,"column":0},"end":{"line":5,"column":null}},"4":{"start":{"line":20,"column":21},"end":{"line":20,"column":49}},"5":{"start":{"line":21,"column":21},"end":{"line":21,"column":35}},"6":{"start":{"line":32,"column":20},"end":{"line":32,"column":74}},"7":{"start":{"line":33,"column":22},"end":{"line":33,"column":37}},"8":{"start":{"line":34,"column":24},"end":{"line":34,"column":87}},"9":{"start":{"line":36,"column":4},"end":{"line":36,"column":51}},"10":{"start":{"line":38,"column":35},"end":{"line":38,"column":37}},"11":{"start":{"line":42,"column":20},"end":{"line":42,"column":41}},"12":{"start":{"line":44,"column":4},"end":{"line":56,"column":5}},"13":{"start":{"line":45,"column":20},"end":{"line":45,"column":60}},"14":{"start":{"line":45,"column":40},"end":{"line":45,"column":59}},"15":{"start":{"line":46,"column":6},"end":{"line":48,"column":7}},"16":{"start":{"line":47,"column":8},"end":{"line":47,"column":105}},"17":{"start":{"line":49,"column":23},"end":{"line":51,"column":46}},"18":{"start":{"line":53,"column":6},"end":{"line":53,"column":64}},"19":{"start":{"line":54,"column":6},"end":{"line":54,"column":56}},"20":{"start":{"line":55,"column":6},"end":{"line":55,"column":34}},"21":{"start":{"line":58,"column":41},"end":{"line":67,"column":6}},"22":{"start":{"line":70,"column":17},"end":{"line":70,"column":39}},"23":{"start":{"line":71,"column":20},"end":{"line":71,"column":103}},"24":{"start":{"line":72,"column":4},"end":{"line":72,"column":37}},"25":{"start":{"line":74,"column":4},"end":{"line":74,"column":25}},"26":{"start":{"line":82,"column":17},"end":{"line":82,"column":39}},"27":{"start":{"line":83,"column":18},"end":{"line":83,"column":34}},"28":{"start":{"line":84,"column":4},"end":{"line":86,"column":5}},"29":{"start":{"line":85,"column":6},"end":{"line":85,"column":74}},"30":{"start":{"line":88,"column":30},"end":{"line":88,"column":32}},"31":{"start":{"line":89,"column":4},"end":{"line":96,"column":5}},"32":{"start":{"line":90,"column":6},"end":{"line":95,"column":7}},"33":{"start":{"line":91,"column":8},"end":{"line":91,"column":28}},"34":{"start":{"line":92,"column":8},"end":{"line":92,"column":31}},"35":{"start":{"line":94,"column":8},"end":{"line":94,"column":57}},"36":{"start":{"line":98,"column":20},"end":{"line":98,"column":47}},"37":{"start":{"line":99,"column":4},"end":{"line":99,"column":37}},"38":{"start":{"line":100,"column":4},"end":{"line":100,"column":19}},"39":{"start":{"line":104,"column":4},"end":{"line":104,"column":34}},"40":{"start":{"line":18,"column":0},"end":{"line":18,"column":13}},"41":{"start":{"line":111,"column":2},"end":{"line":111,"column":78}},"42":{"start":{"line":124,"column":26},"end":{"line":124,"column":58}},"43":{"start":{"line":125,"column":2},"end":{"line":127,"column":3}},"44":{"start":{"line":126,"column":4},"end":{"line":126,"column":70}},"45":{"start":{"line":128,"column":2},"end":{"line":128,"column":30}},"46":{"start":{"line":135,"column":2},"end":{"line":135,"column":58}},"47":{"start":{"line":135,"column":51},"end":{"line":135,"column":58}},"48":{"start":{"line":136,"column":2},"end":{"line":144,"column":3}},"49":{"start":{"line":137,"column":20},"end":{"line":137,"column":39}},"50":{"start":{"line":138,"column":4},"end":{"line":141,"column":5}},"51":{"start":{"line":139,"column":6},"end":{"line":139,"column":24}},"52":{"start":{"line":140,"column":6},"end":{"line":140,"column":48}}},"fnMap":{"0":{"name":"(anonymous_1)","decl":{"start":{"line":19,"column":2},"end":{"line":19,"column":null}},"loc":{"start":{"line":21,"column":48},"end":{"line":22,"column":6}}},"1":{"name":"(anonymous_2)","decl":{"start":{"line":27,"column":2},"end":{"line":27,"column":7}},"loc":{"start":{"line":30,"column":23},"end":{"line":75,"column":3}}},"2":{"name":"(anonymous_3)","decl":{"start":{"line":45,"column":33},"end":{"line":45,"column":34}},"loc":{"start":{"line":45,"column":40},"end":{"line":45,"column":59}}},"3":{"name":"(anonymous_4)","decl":{"start":{"line":81,"column":2},"end":{"line":81,"column":11}},"loc":{"start":{"line":81,"column":24},"end":{"line":101,"column":3}}},"4":{"name":"(anonymous_5)","decl":{"start":{"line":103,"column":2},"end":{"line":103,"column":9}},"loc":{"start":{"line":103,"column":9},"end":{"line":105,"column":3}}},"5":{"name":"sha256","decl":{"start":{"line":110,"column":9},"end":{"line":110,"column":15}},"loc":{"start":{"line":110,"column":27},"end":{"line":112,"column":1}}},"6":{"name":"parseTarball","decl":{"start":{"line":123,"column":9},"end":{"line":123,"column":21}},"loc":{"start":{"line":123,"column":33},"end":{"line":129,"column":1}}},"7":{"name":"cleanEmptyDirs","decl":{"start":{"line":134,"column":9},"end":{"line":134,"column":23}},"loc":{"start":{"line":134,"column":51},"end":{"line":145,"column":1}}}},"branchMap":{"0":{"loc":{"start":{"line":21,"column":21},"end":{"line":21,"column":48}},"type":"default-arg","locations":[{"start":{"line":21,"column":35},"end":{"line":21,"column":48}}]},"1":{"loc":{"start":{"line":46,"column":6},"end":{"line":48,"column":7}},"type":"if","locations":[{"start":{"line":46,"column":6},"end":{"line":48,"column":7}}]},"2":{"loc":{"start":{"line":49,"column":23},"end":{"line":51,"column":46}},"type":"cond-expr","locations":[{"start":{"line":50,"column":10},"end":{"line":50,"column":56}},{"start":{"line":51,"column":10},"end":{"line":51,"column":46}}]},"3":{"loc":{"start":{"line":84,"column":4},"end":{"line":86,"column":5}},"type":"if","locations":[{"start":{"line":84,"column":4},"end":{"line":86,"column":5}}]},"4":{"loc":{"start":{"line":90,"column":6},"end":{"line":95,"column":7}},"type":"if","locations":[{"start":{"line":90,"column":6},"end":{"line":95,"column":7}}]},"5":{"loc":{"start":{"line":125,"column":2},"end":{"line":127,"column":3}},"type":"if","locations":[{"start":{"line":125,"column":2},"end":{"line":127,"column":3}}]},"6":{"loc":{"start":{"line":135,"column":2},"end":{"line":135,"column":58}},"type":"if","locations":[{"start":{"line":135,"column":2},"end":{"line":135,"column":58}}]},"7":{"loc":{"start":{"line":135,"column":6},"end":{"line":135,"column":49}},"type":"binary-expr","locations":[{"start":{"line":135,"column":6},"end":{"line":135,"column":20}},{"start":{"line":135,"column":24},"end":{"line":135,"column":49}}]},"8":{"loc":{"start":{"line":138,"column":4},"end":{"line":141,"column":5}},"type":"if","locations":[{"start":{"line":138,"column":4},"end":{"line":141,"column":5}}]}},"s":{"0":1,"1":1,"2":1,"3":1,"4":8,"5":8,"6":2,"7":2,"8":2,"9":2,"10":2,"11":2,"12":2,"13":2,"14":1,"15":2,"16":1,"17":1,"18":1,"19":1,"20":1,"21":1,"22":1,"23":1,"24":1,"25":1,"26":5,"27":5,"28":5,"29":1,"30":4,"31":4,"32":4,"33":3,"34":3,"35":3,"36":4,"37":4,"38":4,"39":4,"40":1,"41":2,"42":2,"43":2,"44":0,"45":2,"46":3,"47":3,"48":0,"49":0,"50":0,"51":0,"52":0},"f":{"0":8,"1":2,"2":1,"3":5,"4":4,"5":2,"6":2,"7":3},"b":{"0":[0],"1":[1],"2":[1,0],"3":[1],"4":[3],"5":[0],"6":[3],"7":[3,0],"8":[0]}}
}
