{"K:\\f-drive\\workspace\\ai-tools\\packages\\cli\\src\\adapters\\claude.ts": {"path":"K:\\f-drive\\workspace\\ai-tools\\packages\\cli\\src\\adapters\\claude.ts","statementMap":{"0":{"start":{"line":15,"column":0},"end":{"line":15,"column":25}},"1":{"start":{"line":16,"column":0},"end":{"line":16,"column":29}},"2":{"start":{"line":18,"column":0},"end":{"line":18,"column":49}},"3":{"start":{"line":33,"column":22},"end":{"line":33,"column":39}},"4":{"start":{"line":35,"column":78},"end":{"line":48,"column":4}},"5":{"start":{"line":51,"column":25},"end":{"line":51,"column":54}},"6":{"start":{"line":52,"column":14},"end":{"line":52,"column":44}},"7":{"start":{"line":53,"column":4},"end":{"line":53,"column":58}},"8":{"start":{"line":57,"column":4},"end":{"line":57,"column":67}},"9":{"start":{"line":57,"column":29},"end":{"line":57,"column":67}},"10":{"start":{"line":58,"column":4},"end":{"line":58,"column":58}},"11":{"start":{"line":62,"column":4},"end":{"line":62,"column":82}},"12":{"start":{"line":62,"column":29},"end":{"line":62,"column":82}},"13":{"start":{"line":63,"column":4},"end":{"line":63,"column":63}},"14":{"start":{"line":32,"column":0},"end":{"line":32,"column":13}}},"fnMap":{"0":{"name":"(anonymous_1)","decl":{"start":{"line":50,"column":2},"end":{"line":50,"column":12}},"loc":{"start":{"line":50,"column":99},"end":{"line":54,"column":3}}},"1":{"name":"(anonymous_2)","decl":{"start":{"line":56,"column":2},"end":{"line":56,"column":18}},"loc":{"start":{"line":56,"column":51},"end":{"line":59,"column":3}}},"2":{"name":"(anonymous_3)","decl":{"start":{"line":61,"column":2},"end":{"line":61,"column":20}},"loc":{"start":{"line":61,"column":53},"end":{"line":64,"column":3}}}},"branchMap":{"0":{"loc":{"start":{"line":53,"column":11},"end":{"line":53,"column":57}},"type":"cond-expr","locations":[{"start":{"line":53,"column":33},"end":{"line":53,"column":53}},{"start":{"line":53,"column":56},"end":{"line":53,"column":57}}]},"1":{"loc":{"start":{"line":57,"column":4},"end":{"line":57,"column":67}},"type":"if","locations":[{"start":{"line":57,"column":4},"end":{"line":57,"column":67}}]},"2":{"loc":{"start":{"line":62,"column":4},"end":{"line":62,"column":82}},"type":"if","locations":[{"start":{"line":62,"column":4},"end":{"line":62,"column":82}}]}},"s":{"0":14,"1":14,"2":14,"3":15,"4":15,"5":7,"6":7,"7":7,"8":1,"9":0,"10":1,"11":1,"12":1,"13":0,"14":14},"f":{"0":7,"1":1,"2":1},"b":{"0":[6,1],"1":[0],"2":[1]}}
,"K:\\f-drive\\workspace\\ai-tools\\packages\\cli\\src\\adapters\\cursor.ts": {"path":"K:\\f-drive\\workspace\\ai-tools\\packages\\cli\\src\\adapters\\cursor.ts","statementMap":{"0":{"start":{"line":15,"column":0},"end":{"line":15,"column":25}},"1":{"start":{"line":16,"column":0},"end":{"line":16,"column":29}},"2":{"start":{"line":18,"column":0},"end":{"line":18,"column":49}},"3":{"start":{"line":33,"column":22},"end":{"line":33,"column":39}},"4":{"start":{"line":35,"column":78},"end":{"line":48,"column":4}},"5":{"start":{"line":51,"column":25},"end":{"line":51,"column":54}},"6":{"start":{"line":52,"column":14},"end":{"line":52,"column":44}},"7":{"start":{"line":53,"column":4},"end":{"line":53,"column":58}},"8":{"start":{"line":57,"column":4},"end":{"line":57,"column":77}},"9":{"start":{"line":57,"column":29},"end":{"line":57,"column":77}},"10":{"start":{"line":58,"column":4},"end":{"line":58,"column":58}},"11":{"start":{"line":62,"column":4},"end":{"line":62,"column":79}},"12":{"start":{"line":62,"column":29},"end":{"line":62,"column":79}},"13":{"start":{"line":63,"column":4},"end":{"line":63,"column":60}},"14":{"start":{"line":32,"column":0},"end":{"line":32,"column":13}}},"fnMap":{"0":{"name":"(anonymous_1)","decl":{"start":{"line":50,"column":2},"end":{"line":50,"column":12}},"loc":{"start":{"line":50,"column":99},"end":{"line":54,"column":3}}},"1":{"name":"(anonymous_2)","decl":{"start":{"line":56,"column":2},"end":{"line":56,"column":18}},"loc":{"start":{"line":56,"column":51},"end":{"line":59,"column":3}}},"2":{"name":"(anonymous_3)","decl":{"start":{"line":61,"column":2},"end":{"line":61,"column":20}},"loc":{"start":{"line":61,"column":53},"end":{"line":64,"column":3}}}},"branchMap":{"0":{"loc":{"start":{"line":53,"column":11},"end":{"line":53,"column":57}},"type":"cond-expr","locations":[{"start":{"line":53,"column":33},"end":{"line":53,"column":53}},{"start":{"line":53,"column":56},"end":{"line":53,"column":57}}]},"1":{"loc":{"start":{"line":57,"column":4},"end":{"line":57,"column":77}},"type":"if","locations":[{"start":{"line":57,"column":4},"end":{"line":57,"column":77}}]},"2":{"loc":{"start":{"line":62,"column":4},"end":{"line":62,"column":79}},"type":"if","locations":[{"start":{"line":62,"column":4},"end":{"line":62,"column":79}}]}},"s":{"0":14,"1":14,"2":14,"3":15,"4":15,"5":4,"6":4,"7":4,"8":2,"9":1,"10":1,"11":8,"12":7,"13":1,"14":14},"f":{"0":4,"1":2,"2":8},"b":{"0":[3,1],"1":[1],"2":[7]}}
,"K:\\f-drive\\workspace\\ai-tools\\packages\\cli\\src\\adapters\\index.ts": {"path":"K:\\f-drive\\workspace\\ai-tools\\packages\\cli\\src\\adapters\\index.ts","statementMap":{"0":{"start":{"line":42,"column":0},"end":{"line":42,"column":16}},"1":{"start":{"line":17,"column":0},"end":{"line":17,"column":50}},"2":{"start":{"line":18,"column":0},"end":{"line":18,"column":44}},"3":{"start":{"line":19,"column":0},"end":{"line":19,"column":44}},"4":{"start":{"line":20,"column":0},"end":{"line":20,"column":44}},"5":{"start":{"line":21,"column":0},"end":{"line":21,"column":48}},"6":{"start":{"line":23,"column":0},"end":{"line":23,"column":9}},"7":{"start":{"line":23,"column":9},"end":{"line":23,"column":50}},"8":{"start":{"line":24,"column":0},"end":{"line":24,"column":9}},"9":{"start":{"line":24,"column":9},"end":{"line":24,"column":44}},"10":{"start":{"line":25,"column":0},"end":{"line":25,"column":9}},"11":{"start":{"line":25,"column":9},"end":{"line":25,"column":44}},"12":{"start":{"line":26,"column":0},"end":{"line":26,"column":9}},"13":{"start":{"line":26,"column":9},"end":{"line":26,"column":44}},"14":{"start":{"line":27,"column":0},"end":{"line":27,"column":9}},"15":{"start":{"line":27,"column":9},"end":{"line":27,"column":48}},"16":{"start":{"line":30,"column":58},"end":{"line":36,"column":2}},"17":{"start":{"line":43,"column":2},"end":{"line":43,"column":28}}},"fnMap":{"0":{"name":"(anonymous_0)","decl":{"start":{"line":23,"column":9},"end":{"line":23,"column":25}},"loc":{"start":{"line":23,"column":9},"end":{"line":23,"column":50}}},"1":{"name":"(anonymous_1)","decl":{"start":{"line":24,"column":9},"end":{"line":24,"column":22}},"loc":{"start":{"line":24,"column":9},"end":{"line":24,"column":44}}},"2":{"name":"(anonymous_2)","decl":{"start":{"line":25,"column":9},"end":{"line":25,"column":22}},"loc":{"start":{"line":25,"column":9},"end":{"line":25,"column":44}}},"3":{"name":"(anonymous_3)","decl":{"start":{"line":26,"column":9},"end":{"line":26,"column":22}},"loc":{"start":{"line":26,"column":9},"end":{"line":26,"column":44}}},"4":{"name":"(anonymous_4)","decl":{"start":{"line":27,"column":9},"end":{"line":27,"column":24}},"loc":{"start":{"line":27,"column":9},"end":{"line":27,"column":48}}},"5":{"name":"getAdapter","decl":{"start":{"line":42,"column":16},"end":{"line":42,"column":26}},"loc":{"start":{"line":42,"column":65},"end":{"line":44,"column":1}}}},"branchMap":{"0":{"loc":{"start":{"line":42,"column":27},"end":{"line":42,"column":65}},"type":"default-arg","locations":[{"start":{"line":42,"column":54},"end":{"line":42,"column":65}}]}},"s":{"0":14,"1":14,"2":14,"3":14,"4":14,"5":14,"6":14,"7":14,"8":14,"9":14,"10":14,"11":14,"12":14,"13":14,"14":14,"15":14,"16":14,"17":126},"f":{"0":0,"1":0,"2":0,"3":0,"4":0,"5":126},"b":{"0":[3]}}
,"K:\\f-drive\\workspace\\ai-tools\\packages\\cli\\src\\adapters\\types.ts": {"path":"K:\\f-drive\\workspace\\ai-tools\\packages\\cli\\src\\adapters\\types.ts","statementMap":{"0":{"start":{"line":49,"column":0},"end":{"line":49,"column":16}},"1":{"start":{"line":16,"column":0},"end":{"line":16,"column":50}},"2":{"start":{"line":50,"column":35},"end":{"line":50,"column":62}},"3":{"start":{"line":51,"column":2},"end":{"line":53,"column":3}},"4":{"start":{"line":52,"column":4},"end":{"line":52,"column":64}},"5":{"start":{"line":54,"column":2},"end":{"line":54,"column":20}}},"fnMap":{"0":{"name":"resolveFileCategory","decl":{"start":{"line":49,"column":16},"end":{"line":49,"column":35}},"loc":{"start":{"line":49,"column":88},"end":{"line":55,"column":1}}}},"branchMap":{"0":{"loc":{"start":{"line":51,"column":2},"end":{"line":53,"column":3}},"type":"if","locations":[{"start":{"line":51,"column":2},"end":{"line":53,"column":3}}]},"1":{"loc":{"start":{"line":51,"column":6},"end":{"line":51,"column":56}},"type":"binary-expr","locations":[{"start":{"line":51,"column":6},"end":{"line":51,"column":27}},{"start":{"line":51,"column":31},"end":{"line":51,"column":56}}]}},"s":{"0":14,"1":14,"2":49,"3":49,"4":1,"5":48},"f":{"0":49},"b":{"0":[1],"1":[49,48]}}
,"K:\\f-drive\\workspace\\ai-tools\\packages\\cli\\src\\adapters\\universal.ts": {"path":"K:\\f-drive\\workspace\\ai-tools\\packages\\cli\\src\\adapters\\universal.ts","statementMap":{"0":{"start":{"line":15,"column":0},"end":{"line":15,"column":25}},"1":{"start":{"line":16,"column":0},"end":{"line":16,"column":29}},"2":{"start":{"line":18,"column":0},"end":{"line":18,"column":49}},"3":{"start":{"line":28,"column":22},"end":{"line":28,"column":42}},"4":{"start":{"line":30,"column":78},"end":{"line":43,"column":4}},"5":{"start":{"line":46,"column":25},"end":{"line":46,"column":54}},"6":{"start":{"line":47,"column":14},"end":{"line":47,"column":44}},"7":{"start":{"line":48,"column":4},"end":{"line":48,"column":58}},"8":{"start":{"line":52,"column":4},"end":{"line":52,"column":77}},"9":{"start":{"line":52,"column":29},"end":{"line":52,"column":77}},"10":{"start":{"line":53,"column":4},"end":{"line":53,"column":59}},"11":{"start":{"line":57,"column":4},"end":{"line":57,"column":16}},"12":{"start":{"line":27,"column":0},"end":{"line":27,"column":13}}},"fnMap":{"0":{"name":"(anonymous_1)","decl":{"start":{"line":45,"column":2},"end":{"line":45,"column":12}},"loc":{"start":{"line":45,"column":99},"end":{"line":49,"column":3}}},"1":{"name":"(anonymous_2)","decl":{"start":{"line":51,"column":2},"end":{"line":51,"column":18}},"loc":{"start":{"line":51,"column":51},"end":{"line":54,"column":3}}},"2":{"name":"(anonymous_3)","decl":{"start":{"line":56,"column":2},"end":{"line":56,"column":20}},"loc":{"start":{"line":56,"column":55},"end":{"line":58,"column":3}}}},"branchMap":{"0":{"loc":{"start":{"line":48,"column":11},"end":{"line":48,"column":57}},"type":"cond-expr","locations":[{"start":{"line":48,"column":33},"end":{"line":48,"column":53}},{"start":{"line":48,"column":56},"end":{"line":48,"column":57}}]},"1":{"loc":{"start":{"line":52,"column":4},"end":{"line":52,"column":77}},"type":"if","locations":[{"start":{"line":52,"column":4},"end":{"line":52,"column":77}}]}},"s":{"0":14,"1":14,"2":14,"3":15,"4":15,"5":3,"6":3,"7":3,"8":2,"9":1,"10":1,"11":1,"12":14},"f":{"0":3,"1":2,"2":1},"b":{"0":[2,1],"1":[1]}}
,"K:\\f-drive\\workspace\\ai-tools\\packages\\cli\\src\\adapters\\vscode.ts": {"path":"K:\\f-drive\\workspace\\ai-tools\\packages\\cli\\src\\adapters\\vscode.ts","statementMap":{"0":{"start":{"line":15,"column":0},"end":{"line":15,"column":25}},"1":{"start":{"line":16,"column":0},"end":{"line":16,"column":29}},"2":{"start":{"line":18,"column":0},"end":{"line":18,"column":49}},"3":{"start":{"line":33,"column":22},"end":{"line":33,"column":39}},"4":{"start":{"line":35,"column":78},"end":{"line":48,"column":4}},"5":{"start":{"line":51,"column":25},"end":{"line":51,"column":54}},"6":{"start":{"line":52,"column":14},"end":{"line":52,"column":44}},"7":{"start":{"line":53,"column":4},"end":{"line":53,"column":58}},"8":{"start":{"line":57,"column":4},"end":{"line":57,"column":77}},"9":{"start":{"line":57,"column":29},"end":{"line":57,"column":77}},"10":{"start":{"line":58,"column":4},"end":{"line":58,"column":58}},"11":{"start":{"line":62,"column":4},"end":{"line":62,"column":88}},"12":{"start":{"line":62,"column":29},"end":{"line":62,"column":88}},"13":{"start":{"line":63,"column":4},"end":{"line":63,"column":70}},"14":{"start":{"line":32,"column":0},"end":{"line":32,"column":13}}},"fnMap":{"0":{"name":"(anonymous_1)","decl":{"start":{"line":50,"column":2},"end":{"line":50,"column":12}},"loc":{"start":{"line":50,"column":99},"end":{"line":54,"column":3}}},"1":{"name":"(anonymous_2)","decl":{"start":{"line":56,"column":2},"end":{"line":56,"column":18}},"loc":{"start":{"line":56,"column":51},"end":{"line":59,"column":3}}},"2":{"name":"(anonymous_3)","decl":{"start":{"line":61,"column":2},"end":{"line":61,"column":20}},"loc":{"start":{"line":61,"column":53},"end":{"line":64,"column":3}}}},"branchMap":{"0":{"loc":{"start":{"line":53,"column":11},"end":{"line":53,"column":57}},"type":"cond-expr","locations":[{"start":{"line":53,"column":33},"end":{"line":53,"column":53}},{"start":{"line":53,"column":56},"end":{"line":53,"column":57}}]},"1":{"loc":{"start":{"line":57,"column":4},"end":{"line":57,"column":77}},"type":"if","locations":[{"start":{"line":57,"column":4},"end":{"line":57,"column":77}}]},"2":{"loc":{"start":{"line":62,"column":4},"end":{"line":62,"column":88}},"type":"if","locations":[{"start":{"line":62,"column":4},"end":{"line":62,"column":88}}]}},"s":{"0":14,"1":14,"2":14,"3":15,"4":15,"5":28,"6":28,"7":28,"8":7,"9":6,"10":1,"11":1,"12":1,"13":0,"14":14},"f":{"0":28,"1":7,"2":1},"b":{"0":[27,1],"1":[6],"2":[1]}}
,"K:\\f-drive\\workspace\\ai-tools\\packages\\cli\\src\\adapters\\windsurf.ts": {"path":"K:\\f-drive\\workspace\\ai-tools\\packages\\cli\\src\\adapters\\windsurf.ts","statementMap":{"0":{"start":{"line":15,"column":0},"end":{"line":15,"column":25}},"1":{"start":{"line":16,"column":0},"end":{"line":16,"column":29}},"2":{"start":{"line":18,"column":0},"end":{"line":18,"column":49}},"3":{"start":{"line":33,"column":22},"end":{"line":33,"column":41}},"4":{"start":{"line":35,"column":78},"end":{"line":48,"column":4}},"5":{"start":{"line":51,"column":25},"end":{"line":51,"column":54}},"6":{"start":{"line":52,"column":14},"end":{"line":52,"column":44}},"7":{"start":{"line":53,"column":4},"end":{"line":53,"column":58}},"8":{"start":{"line":57,"column":4},"end":{"line":57,"column":79}},"9":{"start":{"line":57,"column":29},"end":{"line":57,"column":79}},"10":{"start":{"line":58,"column":4},"end":{"line":58,"column":60}},"11":{"start":{"line":62,"column":4},"end":{"line":62,"column":81}},"12":{"start":{"line":62,"column":29},"end":{"line":62,"column":81}},"13":{"start":{"line":63,"column":4},"end":{"line":63,"column":62}},"14":{"start":{"line":32,"column":0},"end":{"line":32,"column":13}}},"fnMap":{"0":{"name":"(anonymous_1)","decl":{"start":{"line":50,"column":2},"end":{"line":50,"column":12}},"loc":{"start":{"line":50,"column":99},"end":{"line":54,"column":3}}},"1":{"name":"(anonymous_2)","decl":{"start":{"line":56,"column":2},"end":{"line":56,"column":18}},"loc":{"start":{"line":56,"column":51},"end":{"line":59,"column":3}}},"2":{"name":"(anonymous_3)","decl":{"start":{"line":61,"column":2},"end":{"line":61,"column":20}},"loc":{"start":{"line":61,"column":53},"end":{"line":64,"column":3}}}},"branchMap":{"0":{"loc":{"start":{"line":53,"column":11},"end":{"line":53,"column":57}},"type":"cond-expr","locations":[{"start":{"line":53,"column":33},"end":{"line":53,"column":53}},{"start":{"line":53,"column":56},"end":{"line":53,"column":57}}]},"1":{"loc":{"start":{"line":57,"column":4},"end":{"line":57,"column":79}},"type":"if","locations":[{"start":{"line":57,"column":4},"end":{"line":57,"column":79}}]},"2":{"loc":{"start":{"line":62,"column":4},"end":{"line":62,"column":81}},"type":"if","locations":[{"start":{"line":62,"column":4},"end":{"line":62,"column":81}}]}},"s":{"0":14,"1":14,"2":14,"3":15,"4":15,"5":5,"6":5,"7":5,"8":2,"9":1,"10":1,"11":1,"12":0,"13":1,"14":14},"f":{"0":5,"1":2,"2":1},"b":{"0":[4,1],"1":[1],"2":[0]}}
,"K:\\f-drive\\workspace\\ai-tools\\packages\\cli\\src\\bundled\\aitools-convert.ts": {"path":"K:\\f-drive\\workspace\\ai-tools\\packages\\cli\\src\\bundled\\aitools-convert.ts","statementMap":{"0":{"start":{"line":16,"column":13},"end":{"line":59,"column":2}},"1":{"start":{"line":61,"column":13},"end":{"line":61,"column":54}},"2":{"start":{"line":62,"column":13},"end":{"line":62,"column":47}}},"fnMap":{},"branchMap":{},"s":{"0":1,"1":1,"2":1},"f":{},"b":{}}
,"K:\\f-drive\\workspace\\ai-tools\\packages\\cli\\src\\bundled\\create-ai-tool.ts": {"path":"K:\\f-drive\\workspace\\ai-tools\\packages\\cli\\src\\bundled\\create-ai-tool.ts","statementMap":{"0":{"start":{"line":18,"column":13},"end":{"line":149,"column":2}},"1":{"start":{"line":151,"column":13},"end":{"line":264,"column":2}},"2":{"start":{"line":266,"column":13},"end":{"line":366,"column":2}}},"fnMap":{},"branchMap":{},"s":{"0":1,"1":1,"2":1},"f":{},"b":{}}
,"K:\\f-drive\\workspace\\ai-tools\\packages\\cli\\src\\commands\\compat.ts": {"path":"K:\\f-drive\\workspace\\ai-tools\\packages\\cli\\src\\commands\\compat.ts","statementMap":{"0":{"start":{"line":41,"column":0},"end":{"line":41,"column":16}},"1":{"start":{"line":63,"column":0},"end":{"line":63,"column":16}},"2":{"start":{"line":99,"column":0},"end":{"line":99,"column":16}},"3":{"start":{"line":187,"column":0},"end":{"line":187,"column":16}},"4":{"start":{"line":15,"column":0},"end":{"line":15,"column":25}},"5":{"start":{"line":16,"column":0},"end":{"line":16,"column":29}},"6":{"start":{"line":17,"column":0},"end":{"line":17,"column":36}},"7":{"start":{"line":18,"column":0},"end":{"line":18,"column":26}},"8":{"start":{"line":19,"column":0},"end":{"line":19,"column":null}},"9":{"start":{"line":27,"column":0},"end":{"line":27,"column":70}},"10":{"start":{"line":30,"column":22},"end":{"line":30,"column":45}},"11":{"start":{"line":42,"column":16},"end":{"line":42,"column":60}},"12":{"start":{"line":43,"column":2},"end":{"line":43,"column":26}},"13":{"start":{"line":43,"column":14},"end":{"line":43,"column":26}},"14":{"start":{"line":44,"column":51},"end":{"line":44,"column":53}},"15":{"start":{"line":45,"column":2},"end":{"line":55,"column":3}},"16":{"start":{"line":46,"column":4},"end":{"line":46,"column":35}},"17":{"start":{"line":46,"column":26},"end":{"line":46,"column":35}},"18":{"start":{"line":47,"column":21},"end":{"line":47,"column":38}},"19":{"start":{"line":48,"column":4},"end":{"line":48,"column":34}},"20":{"start":{"line":48,"column":25},"end":{"line":48,"column":34}},"21":{"start":{"line":49,"column":16},"end":{"line":49,"column":46}},"22":{"start":{"line":50,"column":16},"end":{"line":50,"column":47}},"23":{"start":{"line":51,"column":4},"end":{"line":54,"column":55}},"24":{"start":{"line":51,"column":24},"end":{"line":51,"column":43}},"25":{"start":{"line":52,"column":9},"end":{"line":54,"column":55}},"26":{"start":{"line":52,"column":30},"end":{"line":52,"column":50}},"27":{"start":{"line":53,"column":9},"end":{"line":54,"column":55}},"28":{"start":{"line":53,"column":49},"end":{"line":53,"column":58}},"29":{"start":{"line":54,"column":9},"end":{"line":54,"column":55}},"30":{"start":{"line":56,"column":2},"end":{"line":56,"column":16}},"31":{"start":{"line":64,"column":14},"end":{"line":64,"column":19}},"32":{"start":{"line":65,"column":24},"end":{"line":65,"column":76}},"33":{"start":{"line":66,"column":2},"end":{"line":66,"column":43}},"34":{"start":{"line":66,"column":28},"end":{"line":66,"column":43}},"35":{"start":{"line":67,"column":18},"end":{"line":67,"column":73}},"36":{"start":{"line":68,"column":15},"end":{"line":68,"column":47}},"37":{"start":{"line":69,"column":19},"end":{"line":78,"column":15}},"38":{"start":{"line":72,"column":6},"end":{"line":72,"column":40}},"39":{"start":{"line":72,"column":28},"end":{"line":72,"column":40}},"40":{"start":{"line":73,"column":23},"end":{"line":73,"column":40}},"41":{"start":{"line":74,"column":6},"end":{"line":74,"column":39}},"42":{"start":{"line":74,"column":27},"end":{"line":74,"column":39}},"43":{"start":{"line":75,"column":18},"end":{"line":75,"column":48}},"44":{"start":{"line":76,"column":6},"end":{"line":76,"column":38}},"45":{"start":{"line":79,"column":2},"end":{"line":79,"column":48}},"46":{"start":{"line":105,"column":35},"end":{"line":105,"column":71}},"47":{"start":{"line":107,"column":2},"end":{"line":130,"column":5}},"48":{"start":{"line":108,"column":17},"end":{"line":108,"column":43}},"49":{"start":{"line":109,"column":18},"end":{"line":109,"column":35}},"50":{"start":{"line":111,"column":6},"end":{"line":112,"column":60}},"51":{"start":{"line":114,"column":38},"end":{"line":114,"column":40}},"52":{"start":{"line":115,"column":4},"end":{"line":124,"column":5}},"53":{"start":{"line":116,"column":6},"end":{"line":123,"column":7}},"54":{"start":{"line":117,"column":26},"end":{"line":117,"column":54}},"55":{"start":{"line":118,"column":8},"end":{"line":122,"column":9}},"56":{"start":{"line":119,"column":10},"end":{"line":119,"column":93}},"57":{"start":{"line":120,"column":15},"end":{"line":122,"column":9}},"58":{"start":{"line":121,"column":10},"end":{"line":121,"column":88}},"59":{"start":{"line":126,"column":19},"end":{"line":126,"column":43}},"60":{"start":{"line":127,"column":32},"end":{"line":127,"column":90}},"61":{"start":{"line":129,"column":4},"end":{"line":129,"column":80}},"62":{"start":{"line":136,"column":2},"end":{"line":141,"column":3}},"63":{"start":{"line":137,"column":24},"end":{"line":137,"column":48}},"64":{"start":{"line":138,"column":24},"end":{"line":138,"column":49}},"65":{"start":{"line":139,"column":24},"end":{"line":139,"column":46}},"66":{"start":{"line":140,"column":24},"end":{"line":140,"column":46}},"67":{"start":{"line":145,"column":2},"end":{"line":145,"column":55}},"68":{"start":{"line":145,"column":33},"end":{"line":145,"column":55}},"69":{"start":{"line":146,"column":2},"end":{"line":146,"column":42}},"70":{"start":{"line":146,"column":20},"end":{"line":146,"column":42}},"71":{"start":{"line":147,"column":2},"end":{"line":147,"column":89}},"72":{"start":{"line":147,"column":37},"end":{"line":147,"column":64}},"73":{"start":{"line":147,"column":67},"end":{"line":147,"column":89}},"74":{"start":{"line":148,"column":2},"end":{"line":148,"column":115}},"75":{"start":{"line":148,"column":37},"end":{"line":148,"column":87}},"76":{"start":{"line":148,"column":90},"end":{"line":148,"column":115}},"77":{"start":{"line":149,"column":2},"end":{"line":149,"column":26}},"78":{"start":{"line":153,"column":2},"end":{"line":165,"column":3}},"79":{"start":{"line":156,"column":6},"end":{"line":156,"column":25}},"80":{"start":{"line":158,"column":6},"end":{"line":158,"column":26}},"81":{"start":{"line":160,"column":6},"end":{"line":160,"column":26}},"82":{"start":{"line":162,"column":6},"end":{"line":162,"column":23}},"83":{"start":{"line":164,"column":6},"end":{"line":164,"column":23}},"84":{"start":{"line":169,"column":2},"end":{"line":169,"column":76}},"85":{"start":{"line":169,"column":33},"end":{"line":169,"column":76}},"86":{"start":{"line":170,"column":2},"end":{"line":170,"column":104}},"87":{"start":{"line":170,"column":20},"end":{"line":170,"column":104}},"88":{"start":{"line":171,"column":2},"end":{"line":175,"column":3}},"89":{"start":{"line":172,"column":15},"end":{"line":172,"column":41}},"90":{"start":{"line":173,"column":4},"end":{"line":173,"column":81}},"91":{"start":{"line":173,"column":42},"end":{"line":173,"column":81}},"92":{"start":{"line":174,"column":4},"end":{"line":174,"column":51}},"93":{"start":{"line":176,"column":2},"end":{"line":176,"column":78}},"94":{"start":{"line":176,"column":39},"end":{"line":176,"column":78}},"95":{"start":{"line":177,"column":18},"end":{"line":177,"column":75}},"96":{"start":{"line":177,"column":51},"end":{"line":177,"column":74}},"97":{"start":{"line":178,"column":18},"end":{"line":178,"column":75}},"98":{"start":{"line":178,"column":51},"end":{"line":178,"column":74}},"99":{"start":{"line":179,"column":26},"end":{"line":179,"column":28}},"100":{"start":{"line":180,"column":2},"end":{"line":180,"column":100}},"101":{"start":{"line":180,"column":22},"end":{"line":180,"column":100}},"102":{"start":{"line":180,"column":68},"end":{"line":180,"column":75}},"103":{"start":{"line":181,"column":2},"end":{"line":181,"column":100}},"104":{"start":{"line":181,"column":22},"end":{"line":181,"column":100}},"105":{"start":{"line":181,"column":65},"end":{"line":181,"column":72}},"106":{"start":{"line":182,"column":2},"end":{"line":182,"column":26}},"107":{"start":{"line":188,"column":2},"end":{"line":353,"column":7}},"108":{"start":{"line":194,"column":18},"end":{"line":194,"column":31}},"109":{"start":{"line":195,"column":27},"end":{"line":197,"column":39}},"110":{"start":{"line":199,"column":6},"end":{"line":202,"column":7}},"111":{"start":{"line":200,"column":8},"end":{"line":200,"column":73}},"112":{"start":{"line":201,"column":8},"end":{"line":201,"column":24}},"113":{"start":{"line":205,"column":6},"end":{"line":210,"column":7}},"114":{"start":{"line":206,"column":8},"end":{"line":206,"column":64}},"115":{"start":{"line":208,"column":8},"end":{"line":208,"column":79}},"116":{"start":{"line":209,"column":8},"end":{"line":209,"column":24}},"117":{"start":{"line":212,"column":21},"end":{"line":212,"column":54}},"118":{"start":{"line":213,"column":6},"end":{"line":216,"column":7}},"119":{"start":{"line":214,"column":8},"end":{"line":214,"column":103}},"120":{"start":{"line":215,"column":8},"end":{"line":215,"column":24}},"121":{"start":{"line":218,"column":23},"end":{"line":218,"column":34}},"122":{"start":{"line":219,"column":26},"end":{"line":219,"column":52}},"123":{"start":{"line":222,"column":58},"end":{"line":222,"column":60}},"124":{"start":{"line":223,"column":6},"end":{"line":232,"column":7}},"125":{"start":{"line":224,"column":26},"end":{"line":224,"column":80}},"126":{"start":{"line":224,"column":53},"end":{"line":224,"column":79}},"127":{"start":{"line":225,"column":8},"end":{"line":231,"column":9}},"128":{"start":{"line":226,"column":28},"end":{"line":226,"column":68}},"129":{"start":{"line":227,"column":10},"end":{"line":230,"column":11}},"130":{"start":{"line":228,"column":28},"end":{"line":228,"column":62}},"131":{"start":{"line":229,"column":12},"end":{"line":229,"column":63}},"132":{"start":{"line":234,"column":30},"end":{"line":236,"column":59}},"133":{"start":{"line":239,"column":6},"end":{"line":245,"column":7}},"134":{"start":{"line":240,"column":8},"end":{"line":244,"column":9}},"135":{"start":{"line":241,"column":10},"end":{"line":241,"column":61}},"136":{"start":{"line":242,"column":10},"end":{"line":242,"column":88}},"137":{"start":{"line":243,"column":10},"end":{"line":243,"column":26}},"138":{"start":{"line":247,"column":22},"end":{"line":247,"column":104}},"139":{"start":{"line":250,"column":6},"end":{"line":250,"column":108}},"140":{"start":{"line":251,"column":6},"end":{"line":251,"column":70}},"141":{"start":{"line":252,"column":6},"end":{"line":254,"column":7}},"142":{"start":{"line":253,"column":8},"end":{"line":253,"column":74}},"143":{"start":{"line":256,"column":6},"end":{"line":258,"column":7}},"144":{"start":{"line":257,"column":8},"end":{"line":257,"column":100}},"145":{"start":{"line":260,"column":6},"end":{"line":260,"column":22}},"146":{"start":{"line":262,"column":6},"end":{"line":285,"column":7}},"147":{"start":{"line":263,"column":21},"end":{"line":263,"column":40}},"148":{"start":{"line":264,"column":22},"end":{"line":264,"column":42}},"149":{"start":{"line":265,"column":24},"end":{"line":265,"column":51}},"150":{"start":{"line":266,"column":8},"end":{"line":266,"column":65}},"151":{"start":{"line":268,"column":8},"end":{"line":272,"column":9}},"152":{"start":{"line":269,"column":10},"end":{"line":271,"column":12}},"153":{"start":{"line":274,"column":8},"end":{"line":278,"column":9}},"154":{"start":{"line":275,"column":21},"end":{"line":275,"column":47}},"155":{"start":{"line":276,"column":27},"end":{"line":276,"column":74}},"156":{"start":{"line":277,"column":10},"end":{"line":277,"column":74}},"157":{"start":{"line":280,"column":8},"end":{"line":284,"column":9}},"158":{"start":{"line":281,"column":10},"end":{"line":283,"column":12}},"159":{"start":{"line":287,"column":6},"end":{"line":287,"column":22}},"160":{"start":{"line":289,"column":24},"end":{"line":290,"column":null}},"161":{"start":{"line":290,"column":15},"end":{"line":290,"column":91}},"162":{"start":{"line":290,"column":65},"end":{"line":290,"column":90}},"163":{"start":{"line":293,"column":6},"end":{"line":300,"column":7}},"164":{"start":{"line":294,"column":8},"end":{"line":294,"column":71}},"165":{"start":{"line":296,"column":8},"end":{"line":299,"column":10}},"166":{"start":{"line":303,"column":6},"end":{"line":326,"column":7}},"167":{"start":{"line":304,"column":29},"end":{"line":304,"column":83}},"168":{"start":{"line":304,"column":56},"end":{"line":304,"column":82}},"169":{"start":{"line":305,"column":8},"end":{"line":325,"column":9}},"170":{"start":{"line":306,"column":31},"end":{"line":306,"column":74}},"171":{"start":{"line":307,"column":10},"end":{"line":324,"column":11}},"172":{"start":{"line":308,"column":43},"end":{"line":308,"column":60}},"173":{"start":{"line":309,"column":12},"end":{"line":315,"column":13}},"174":{"start":{"line":310,"column":31},"end":{"line":312,"column":null}},"175":{"start":{"line":311,"column":16},"end":{"line":312,"column":120}},"176":{"start":{"line":312,"column":42},"end":{"line":312,"column":119}},"177":{"start":{"line":314,"column":14},"end":{"line":314,"column":62}},"178":{"start":{"line":314,"column":28},"end":{"line":314,"column":62}},"179":{"start":{"line":316,"column":12},"end":{"line":323,"column":13}},"180":{"start":{"line":317,"column":31},"end":{"line":317,"column":68}},"181":{"start":{"line":318,"column":32},"end":{"line":318,"column":89}},"182":{"start":{"line":319,"column":14},"end":{"line":319,"column":64}},"183":{"start":{"line":320,"column":14},"end":{"line":320,"column":111}},"184":{"start":{"line":322,"column":14},"end":{"line":322,"column":72}},"185":{"start":{"line":329,"column":6},"end":{"line":352,"column":7}},"186":{"start":{"line":330,"column":29},"end":{"line":330,"column":83}},"187":{"start":{"line":330,"column":56},"end":{"line":330,"column":82}},"188":{"start":{"line":331,"column":8},"end":{"line":351,"column":9}},"189":{"start":{"line":332,"column":31},"end":{"line":332,"column":74}},"190":{"start":{"line":333,"column":10},"end":{"line":350,"column":11}},"191":{"start":{"line":334,"column":43},"end":{"line":334,"column":60}},"192":{"start":{"line":335,"column":12},"end":{"line":341,"column":13}},"193":{"start":{"line":336,"column":31},"end":{"line":338,"column":null}},"194":{"start":{"line":337,"column":16},"end":{"line":338,"column":120}},"195":{"start":{"line":338,"column":42},"end":{"line":338,"column":119}},"196":{"start":{"line":340,"column":14},"end":{"line":340,"column":62}},"197":{"start":{"line":340,"column":28},"end":{"line":340,"column":62}},"198":{"start":{"line":342,"column":12},"end":{"line":349,"column":13}},"199":{"start":{"line":343,"column":31},"end":{"line":343,"column":68}},"200":{"start":{"line":344,"column":32},"end":{"line":344,"column":89}},"201":{"start":{"line":345,"column":14},"end":{"line":345,"column":64}},"202":{"start":{"line":346,"column":14},"end":{"line":346,"column":111}},"203":{"start":{"line":348,"column":14},"end":{"line":348,"column":72}}},"fnMap":{"0":{"name":"parseSkillFrontmatter","decl":{"start":{"line":41,"column":16},"end":{"line":41,"column":37}},"loc":{"start":{"line":41,"column":53},"end":{"line":57,"column":1}}},"1":{"name":"rewriteSkillFrontmatter","decl":{"start":{"line":63,"column":16},"end":{"line":63,"column":39}},"loc":{"start":{"line":63,"column":84},"end":{"line":80,"column":1}}},"2":{"name":"(anonymous_3)","decl":{"start":{"line":71,"column":12},"end":{"line":71,"column":13}},"loc":{"start":{"line":71,"column":21},"end":{"line":77,"column":5}}},"3":{"name":"analyzeCompat","decl":{"start":{"line":99,"column":16},"end":{"line":99,"column":29}},"loc":{"start":{"line":103,"column":28},"end":{"line":131,"column":1}}},"4":{"name":"(anonymous_5)","decl":{"start":{"line":107,"column":29},"end":{"line":107,"column":30}},"loc":{"start":{"line":107,"column":44},"end":{"line":130,"column":3}}},"5":{"name":"supportIcon","decl":{"start":{"line":135,"column":9},"end":{"line":135,"column":20}},"loc":{"start":{"line":135,"column":42},"end":{"line":142,"column":1}}},"6":{"name":"overallIcon","decl":{"start":{"line":144,"column":9},"end":{"line":144,"column":20}},"loc":{"start":{"line":144,"column":43},"end":{"line":150,"column":1}}},"7":{"name":"(anonymous_8)","decl":{"start":{"line":147,"column":30},"end":{"line":147,"column":31}},"loc":{"start":{"line":147,"column":37},"end":{"line":147,"column":64}}},"8":{"name":"(anonymous_9)","decl":{"start":{"line":148,"column":30},"end":{"line":148,"column":31}},"loc":{"start":{"line":148,"column":37},"end":{"line":148,"column":87}}},"9":{"name":"confidenceColor","decl":{"start":{"line":152,"column":9},"end":{"line":152,"column":24}},"loc":{"start":{"line":152,"column":47},"end":{"line":166,"column":1}}},"10":{"name":"overallLabel","decl":{"start":{"line":168,"column":9},"end":{"line":168,"column":21}},"loc":{"start":{"line":168,"column":44},"end":{"line":183,"column":1}}},"11":{"name":"(anonymous_12)","decl":{"start":{"line":177,"column":44},"end":{"line":177,"column":45}},"loc":{"start":{"line":177,"column":51},"end":{"line":177,"column":74}}},"12":{"name":"(anonymous_13)","decl":{"start":{"line":178,"column":44},"end":{"line":178,"column":45}},"loc":{"start":{"line":178,"column":51},"end":{"line":178,"column":74}}},"13":{"name":"(anonymous_14)","decl":{"start":{"line":180,"column":61},"end":{"line":180,"column":62}},"loc":{"start":{"line":180,"column":68},"end":{"line":180,"column":75}}},"14":{"name":"(anonymous_15)","decl":{"start":{"line":181,"column":58},"end":{"line":181,"column":59}},"loc":{"start":{"line":181,"column":65},"end":{"line":181,"column":72}}},"15":{"name":"createCompatCommand","decl":{"start":{"line":187,"column":16},"end":{"line":187,"column":35}},"loc":{"start":{"line":187,"column":35},"end":{"line":354,"column":1}}},"16":{"name":"(anonymous_17)","decl":{"start":{"line":193,"column":12},"end":{"line":193,"column":17}},"loc":{"start":{"line":193,"column":45},"end":{"line":353,"column":5}}},"17":{"name":"(anonymous_18)","decl":{"start":{"line":224,"column":46},"end":{"line":224,"column":47}},"loc":{"start":{"line":224,"column":53},"end":{"line":224,"column":79}}},"18":{"name":"(anonymous_19)","decl":{"start":{"line":290,"column":8},"end":{"line":290,"column":9}},"loc":{"start":{"line":290,"column":15},"end":{"line":290,"column":91}}},"19":{"name":"(anonymous_20)","decl":{"start":{"line":290,"column":58},"end":{"line":290,"column":59}},"loc":{"start":{"line":290,"column":65},"end":{"line":290,"column":90}}},"20":{"name":"(anonymous_21)","decl":{"start":{"line":304,"column":49},"end":{"line":304,"column":50}},"loc":{"start":{"line":304,"column":56},"end":{"line":304,"column":82}}},"21":{"name":"(anonymous_22)","decl":{"start":{"line":310,"column":45},"end":{"line":310,"column":46}},"loc":{"start":{"line":311,"column":16},"end":{"line":312,"column":120}}},"22":{"name":"(anonymous_23)","decl":{"start":{"line":312,"column":35},"end":{"line":312,"column":36}},"loc":{"start":{"line":312,"column":42},"end":{"line":312,"column":119}}},"23":{"name":"(anonymous_24)","decl":{"start":{"line":330,"column":49},"end":{"line":330,"column":50}},"loc":{"start":{"line":330,"column":56},"end":{"line":330,"column":82}}},"24":{"name":"(anonymous_25)","decl":{"start":{"line":336,"column":45},"end":{"line":336,"column":46}},"loc":{"start":{"line":337,"column":16},"end":{"line":338,"column":120}}},"25":{"name":"(anonymous_26)","decl":{"start":{"line":338,"column":35},"end":{"line":338,"column":36}},"loc":{"start":{"line":338,"column":42},"end":{"line":338,"column":119}}}},"branchMap":{"0":{"loc":{"start":{"line":43,"column":2},"end":{"line":43,"column":26}},"type":"if","locations":[{"start":{"line":43,"column":2},"end":{"line":43,"column":26}}]},"1":{"loc":{"start":{"line":46,"column":4},"end":{"line":46,"column":35}},"type":"if","locations":[{"start":{"line":46,"column":4},"end":{"line":46,"column":35}}]},"2":{"loc":{"start":{"line":48,"column":4},"end":{"line":48,"column":34}},"type":"if","locations":[{"start":{"line":48,"column":4},"end":{"line":48,"column":34}}]},"3":{"loc":{"start":{"line":51,"column":4},"end":{"line":54,"column":55}},"type":"if","locations":[{"start":{"line":51,"column":4},"end":{"line":54,"column":55}},{"start":{"line":52,"column":9},"end":{"line":54,"column":55}}]},"4":{"loc":{"start":{"line":52,"column":9},"end":{"line":54,"column":55}},"type":"if","locations":[{"start":{"line":52,"column":9},"end":{"line":54,"column":55}},{"start":{"line":53,"column":9},"end":{"line":54,"column":55}}]},"5":{"loc":{"start":{"line":53,"column":9},"end":{"line":54,"column":55}},"type":"if","locations":[{"start":{"line":53,"column":9},"end":{"line":54,"column":55}},{"start":{"line":54,"column":9},"end":{"line":54,"column":55}}]},"6":{"loc":{"start":{"line":53,"column":13},"end":{"line":53,"column":47}},"type":"binary-expr","locations":[{"start":{"line":53,"column":13},"end":{"line":53,"column":33}},{"start":{"line":53,"column":37},"end":{"line":53,"column":47}}]},"7":{"loc":{"start":{"line":66,"column":2},"end":{"line":66,"column":43}},"type":"if","locations":[{"start":{"line":66,"column":2},"end":{"line":66,"column":43}}]},"8":{"loc":{"start":{"line":72,"column":6},"end":{"line":72,"column":40}},"type":"if","locations":[{"start":{"line":72,"column":6},"end":{"line":72,"column":40}}]},"9":{"loc":{"start":{"line":74,"column":6},"end":{"line":74,"column":39}},"type":"if","locations":[{"start":{"line":74,"column":6},"end":{"line":74,"column":39}}]},"10":{"loc":{"start":{"line":111,"column":6},"end":{"line":112,"column":60}},"type":"binary-expr","locations":[{"start":{"line":111,"column":6},"end":{"line":111,"column":58}},{"start":{"line":112,"column":6},"end":{"line":112,"column":60}}]},"11":{"loc":{"start":{"line":115,"column":4},"end":{"line":124,"column":5}},"type":"if","locations":[{"start":{"line":115,"column":4},"end":{"line":124,"column":5}}]},"12":{"loc":{"start":{"line":115,"column":8},"end":{"line":115,"column":77}},"type":"binary-expr","locations":[{"start":{"line":115,"column":8},"end":{"line":115,"column":25}},{"start":{"line":115,"column":30},"end":{"line":115,"column":52}},{"start":{"line":115,"column":56},"end":{"line":115,"column":76}}]},"13":{"loc":{"start":{"line":118,"column":8},"end":{"line":122,"column":9}},"type":"if","locations":[{"start":{"line":118,"column":8},"end":{"line":122,"column":9}},{"start":{"line":120,"column":15},"end":{"line":122,"column":9}}]},"14":{"loc":{"start":{"line":120,"column":15},"end":{"line":122,"column":9}},"type":"if","locations":[{"start":{"line":120,"column":15},"end":{"line":122,"column":9}}]},"15":{"loc":{"start":{"line":126,"column":19},"end":{"line":126,"column":43}},"type":"binary-expr","locations":[{"start":{"line":126,"column":19},"end":{"line":126,"column":28}},{"start":{"line":126,"column":32},"end":{"line":126,"column":43}}]},"16":{"loc":{"start":{"line":136,"column":2},"end":{"line":141,"column":3}},"type":"switch","locations":[{"start":{"line":137,"column":4},"end":{"line":137,"column":48}},{"start":{"line":138,"column":4},"end":{"line":138,"column":49}},{"start":{"line":139,"column":4},"end":{"line":139,"column":46}},{"start":{"line":140,"column":4},"end":{"line":140,"column":46}}]},"17":{"loc":{"start":{"line":145,"column":2},"end":{"line":145,"column":55}},"type":"if","locations":[{"start":{"line":145,"column":2},"end":{"line":145,"column":55}}]},"18":{"loc":{"start":{"line":146,"column":2},"end":{"line":146,"column":42}},"type":"if","locations":[{"start":{"line":146,"column":2},"end":{"line":146,"column":42}}]},"19":{"loc":{"start":{"line":147,"column":2},"end":{"line":147,"column":89}},"type":"if","locations":[{"start":{"line":147,"column":2},"end":{"line":147,"column":89}}]},"20":{"loc":{"start":{"line":148,"column":2},"end":{"line":148,"column":115}},"type":"if","locations":[{"start":{"line":148,"column":2},"end":{"line":148,"column":115}}]},"21":{"loc":{"start":{"line":148,"column":37},"end":{"line":148,"column":87}},"type":"binary-expr","locations":[{"start":{"line":148,"column":37},"end":{"line":148,"column":60}},{"start":{"line":148,"column":64},"end":{"line":148,"column":87}}]},"22":{"loc":{"start":{"line":153,"column":2},"end":{"line":165,"column":3}},"type":"switch","locations":[{"start":{"line":154,"column":4},"end":{"line":154,"column":18}},{"start":{"line":155,"column":4},"end":{"line":156,"column":25}},{"start":{"line":157,"column":4},"end":{"line":158,"column":26}},{"start":{"line":159,"column":4},"end":{"line":160,"column":26}},{"start":{"line":161,"column":4},"end":{"line":162,"column":23}},{"start":{"line":163,"column":4},"end":{"line":164,"column":23}}]},"23":{"loc":{"start":{"line":169,"column":2},"end":{"line":169,"column":76}},"type":"if","locations":[{"start":{"line":169,"column":2},"end":{"line":169,"column":76}}]},"24":{"loc":{"start":{"line":170,"column":2},"end":{"line":170,"column":104}},"type":"if","locations":[{"start":{"line":170,"column":2},"end":{"line":170,"column":104}}]},"25":{"loc":{"start":{"line":171,"column":2},"end":{"line":175,"column":3}},"type":"if","locations":[{"start":{"line":171,"column":2},"end":{"line":175,"column":3}}]},"26":{"loc":{"start":{"line":171,"column":6},"end":{"line":171,"column":67}},"type":"binary-expr","locations":[{"start":{"line":171,"column":6},"end":{"line":171,"column":37}},{"start":{"line":171,"column":41},"end":{"line":171,"column":67}}]},"27":{"loc":{"start":{"line":173,"column":4},"end":{"line":173,"column":81}},"type":"if","locations":[{"start":{"line":173,"column":4},"end":{"line":173,"column":81}}]},"28":{"loc":{"start":{"line":173,"column":8},"end":{"line":173,"column":40}},"type":"binary-expr","locations":[{"start":{"line":173,"column":8},"end":{"line":173,"column":23}},{"start":{"line":173,"column":27},"end":{"line":173,"column":40}}]},"29":{"loc":{"start":{"line":176,"column":2},"end":{"line":176,"column":78}},"type":"if","locations":[{"start":{"line":176,"column":2},"end":{"line":176,"column":78}}]},"30":{"loc":{"start":{"line":180,"column":2},"end":{"line":180,"column":100}},"type":"if","locations":[{"start":{"line":180,"column":2},"end":{"line":180,"column":100}}]},"31":{"loc":{"start":{"line":181,"column":2},"end":{"line":181,"column":100}},"type":"if","locations":[{"start":{"line":181,"column":2},"end":{"line":181,"column":100}}]},"32":{"loc":{"start":{"line":195,"column":27},"end":{"line":197,"column":39}},"type":"cond-expr","locations":[{"start":{"line":196,"column":10},"end":{"line":196,"column":40}},{"start":{"line":197,"column":10},"end":{"line":197,"column":39}}]},"33":{"loc":{"start":{"line":199,"column":6},"end":{"line":202,"column":7}},"type":"if","locations":[{"start":{"line":199,"column":6},"end":{"line":202,"column":7}}]},"34":{"loc":{"start":{"line":213,"column":6},"end":{"line":216,"column":7}},"type":"if","locations":[{"start":{"line":213,"column":6},"end":{"line":216,"column":7}}]},"35":{"loc":{"start":{"line":223,"column":6},"end":{"line":232,"column":7}},"type":"if","locations":[{"start":{"line":223,"column":6},"end":{"line":232,"column":7}}]},"36":{"loc":{"start":{"line":225,"column":8},"end":{"line":231,"column":9}},"type":"if","locations":[{"start":{"line":225,"column":8},"end":{"line":231,"column":9}}]},"37":{"loc":{"start":{"line":227,"column":10},"end":{"line":230,"column":11}},"type":"if","locations":[{"start":{"line":227,"column":10},"end":{"line":230,"column":11}}]},"38":{"loc":{"start":{"line":229,"column":26},"end":{"line":229,"column":62}},"type":"binary-expr","locations":[{"start":{"line":229,"column":26},"end":{"line":229,"column":56}},{"start":{"line":229,"column":60},"end":{"line":229,"column":62}}]},"39":{"loc":{"start":{"line":234,"column":30},"end":{"line":236,"column":59}},"type":"cond-expr","locations":[{"start":{"line":235,"column":10},"end":{"line":235,"column":46}},{"start":{"line":236,"column":11},"end":{"line":236,"column":59}}]},"40":{"loc":{"start":{"line":240,"column":8},"end":{"line":244,"column":9}},"type":"if","locations":[{"start":{"line":240,"column":8},"end":{"line":244,"column":9}}]},"41":{"loc":{"start":{"line":252,"column":6},"end":{"line":254,"column":7}},"type":"if","locations":[{"start":{"line":252,"column":6},"end":{"line":254,"column":7}}]},"42":{"loc":{"start":{"line":256,"column":6},"end":{"line":258,"column":7}},"type":"if","locations":[{"start":{"line":256,"column":6},"end":{"line":258,"column":7}}]},"43":{"loc":{"start":{"line":256,"column":10},"end":{"line":256,"column":78}},"type":"binary-expr","locations":[{"start":{"line":256,"column":10},"end":{"line":256,"column":39}},{"start":{"line":256,"column":43},"end":{"line":256,"column":78}}]},"44":{"loc":{"start":{"line":268,"column":8},"end":{"line":272,"column":9}},"type":"if","locations":[{"start":{"line":268,"column":8},"end":{"line":272,"column":9}}]},"45":{"loc":{"start":{"line":268,"column":12},"end":{"line":268,"column":101}},"type":"binary-expr","locations":[{"start":{"line":268,"column":12},"end":{"line":268,"column":38}},{"start":{"line":268,"column":42},"end":{"line":268,"column":60}},{"start":{"line":268,"column":64},"end":{"line":268,"column":101}}]},"46":{"loc":{"start":{"line":276,"column":27},"end":{"line":276,"column":74}},"type":"cond-expr","locations":[{"start":{"line":276,"column":40},"end":{"line":276,"column":69}},{"start":{"line":276,"column":72},"end":{"line":276,"column":74}}]},"47":{"loc":{"start":{"line":280,"column":8},"end":{"line":284,"column":9}},"type":"if","locations":[{"start":{"line":280,"column":8},"end":{"line":284,"column":9}}]},"48":{"loc":{"start":{"line":290,"column":15},"end":{"line":290,"column":91}},"type":"binary-expr","locations":[{"start":{"line":290,"column":15},"end":{"line":290,"column":35}},{"start":{"line":290,"column":39},"end":{"line":290,"column":91}}]},"49":{"loc":{"start":{"line":293,"column":6},"end":{"line":300,"column":7}},"type":"if","locations":[{"start":{"line":293,"column":6},"end":{"line":300,"column":7}},{"start":{"line":295,"column":13},"end":{"line":300,"column":7}}]},"50":{"loc":{"start":{"line":303,"column":6},"end":{"line":326,"column":7}},"type":"if","locations":[{"start":{"line":303,"column":6},"end":{"line":326,"column":7}}]},"51":{"loc":{"start":{"line":303,"column":10},"end":{"line":303,"column":54}},"type":"binary-expr","locations":[{"start":{"line":303,"column":10},"end":{"line":303,"column":21}},{"start":{"line":303,"column":25},"end":{"line":303,"column":54}}]},"52":{"loc":{"start":{"line":305,"column":8},"end":{"line":325,"column":9}},"type":"if","locations":[{"start":{"line":305,"column":8},"end":{"line":325,"column":9}}]},"53":{"loc":{"start":{"line":307,"column":10},"end":{"line":324,"column":11}},"type":"if","locations":[{"start":{"line":307,"column":10},"end":{"line":324,"column":11}}]},"54":{"loc":{"start":{"line":311,"column":16},"end":{"line":312,"column":120}},"type":"binary-expr","locations":[{"start":{"line":311,"column":16},"end":{"line":311,"column":35}},{"start":{"line":312,"column":16},"end":{"line":312,"column":120}}]},"55":{"loc":{"start":{"line":312,"column":42},"end":{"line":312,"column":119}},"type":"binary-expr","locations":[{"start":{"line":312,"column":42},"end":{"line":312,"column":59}},{"start":{"line":312,"column":64},"end":{"line":312,"column":91}},{"start":{"line":312,"column":95},"end":{"line":312,"column":118}}]},"56":{"loc":{"start":{"line":314,"column":14},"end":{"line":314,"column":62}},"type":"if","locations":[{"start":{"line":314,"column":14},"end":{"line":314,"column":62}}]},"57":{"loc":{"start":{"line":316,"column":12},"end":{"line":323,"column":13}},"type":"if","locations":[{"start":{"line":316,"column":12},"end":{"line":323,"column":13}},{"start":{"line":321,"column":19},"end":{"line":323,"column":13}}]},"58":{"loc":{"start":{"line":329,"column":6},"end":{"line":352,"column":7}},"type":"if","locations":[{"start":{"line":329,"column":6},"end":{"line":352,"column":7}}]},"59":{"loc":{"start":{"line":329,"column":10},"end":{"line":329,"column":54}},"type":"binary-expr","locations":[{"start":{"line":329,"column":10},"end":{"line":329,"column":21}},{"start":{"line":329,"column":25},"end":{"line":329,"column":54}}]},"60":{"loc":{"start":{"line":331,"column":8},"end":{"line":351,"column":9}},"type":"if","locations":[{"start":{"line":331,"column":8},"end":{"line":351,"column":9}}]},"61":{"loc":{"start":{"line":333,"column":10},"end":{"line":350,"column":11}},"type":"if","locations":[{"start":{"line":333,"column":10},"end":{"line":350,"column":11}}]},"62":{"loc":{"start":{"line":337,"column":16},"end":{"line":338,"column":120}},"type":"binary-expr","locations":[{"start":{"line":337,"column":16},"end":{"line":337,"column":35}},{"start":{"line":338,"column":16},"end":{"line":338,"column":120}}]},"63":{"loc":{"start":{"line":338,"column":42},"end":{"line":338,"column":119}},"type":"binary-expr","locations":[{"start":{"line":338,"column":42},"end":{"line":338,"column":59}},{"start":{"line":338,"column":64},"end":{"line":338,"column":91}},{"start":{"line":338,"column":95},"end":{"line":338,"column":118}}]},"64":{"loc":{"start":{"line":340,"column":14},"end":{"line":340,"column":62}},"type":"if","locations":[{"start":{"line":340,"column":14},"end":{"line":340,"column":62}}]},"65":{"loc":{"start":{"line":342,"column":12},"end":{"line":349,"column":13}},"type":"if","locations":[{"start":{"line":342,"column":12},"end":{"line":349,"column":13}},{"start":{"line":347,"column":19},"end":{"line":349,"column":13}}]}},"s":{"0":2,"1":2,"2":2,"3":2,"4":2,"5":2,"6":2,"7":2,"8":2,"9":2,"10":2,"11":15,"12":15,"13":1,"14":14,"15":14,"16":25,"17":2,"18":23,"19":23,"20":0,"21":23,"22":23,"23":23,"24":2,"25":21,"26":1,"27":20,"28":2,"29":18,"30":14,"31":7,"32":7,"33":7,"34":1,"35":6,"36":6,"37":6,"38":10,"39":0,"40":10,"41":10,"42":0,"43":10,"44":10,"45":6,"46":20,"47":20,"48":45,"49":45,"50":45,"51":45,"52":45,"53":35,"54":44,"55":44,"56":3,"57":41,"58":10,"59":45,"60":45,"61":45,"62":2,"63":0,"64":2,"65":0,"66":0,"67":18,"68":0,"69":18,"70":0,"71":18,"72":2,"73":0,"74":18,"75":2,"76":2,"77":16,"78":12,"79":4,"80":4,"81":4,"82":0,"83":0,"84":18,"85":0,"86":18,"87":0,"88":18,"89":16,"90":16,"91":12,"92":4,"93":2,"94":0,"95":2,"96":2,"97":2,"98":2,"99":2,"100":2,"101":2,"102":2,"103":2,"104":0,"105":0,"106":2,"107":9,"108":9,"109":9,"110":9,"111":1,"112":1,"113":8,"114":8,"115":1,"116":1,"117":7,"118":7,"119":0,"120":0,"121":7,"122":7,"123":7,"124":7,"125":5,"126":5,"127":5,"128":5,"129":5,"130":4,"131":4,"132":7,"133":7,"134":19,"135":1,"136":1,"137":1,"138":6,"139":6,"140":6,"141":6,"142":3,"143":6,"144":4,"145":6,"146":6,"147":18,"148":18,"149":18,"150":18,"151":18,"152":8,"153":18,"154":2,"155":2,"156":2,"157":18,"158":0,"159":6,"160":6,"161":18,"162":2,"163":6,"164":4,"165":2,"166":6,"167":2,"168":2,"169":2,"170":2,"171":2,"172":2,"173":2,"174":3,"175":3,"176":2,"177":3,"178":1,"179":2,"180":1,"181":1,"182":1,"183":1,"184":1,"185":6,"186":2,"187":2,"188":2,"189":2,"190":2,"191":2,"192":2,"193":3,"194":3,"195":2,"196":3,"197":1,"198":2,"199":1,"200":1,"201":1,"202":1,"203":1},"f":{"0":15,"1":7,"2":10,"3":20,"4":45,"5":2,"6":18,"7":2,"8":2,"9":12,"10":18,"11":2,"12":2,"13":2,"14":0,"15":9,"16":9,"17":5,"18":18,"19":2,"20":2,"21":3,"22":2,"23":2,"24":3,"25":2},"b":{"0":[1],"1":[2],"2":[0],"3":[2,21],"4":[1,20],"5":[2,18],"6":[20,18],"7":[1],"8":[0],"9":[0],"10":[45,0],"11":[35],"12":[45,45,10],"13":[3,41],"14":[10],"15":[45,31],"16":[0,2,0,0],"17":[0],"18":[0],"19":[0],"20":[2],"21":[2,0],"22":[0,4,4,4,0,0],"23":[0],"24":[0],"25":[16],"26":[18,16],"27":[12],"28":[16,8],"29":[0],"30":[2],"31":[0],"32":[0,9],"33":[1],"34":[0],"35":[5],"36":[5],"37":[4],"38":[4,0],"39":[4,3],"40":[1],"41":[3],"42":[4],"43":[6,4],"44":[8],"45":[18,18,11],"46":[2,0],"47":[0],"48":[18,18],"49":[4,2],"50":[2],"51":[6,2],"52":[2],"53":[2],"54":[3,3],"55":[2,1,1],"56":[1],"57":[1,1],"58":[2],"59":[6,2],"60":[2],"61":[2],"62":[3,3],"63":[2,1,1],"64":[1],"65":[1,1]}}
,"K:\\f-drive\\workspace\\ai-tools\\packages\\cli\\src\\commands\\config.ts": {"path":"K:\\f-drive\\workspace\\ai-tools\\packages\\cli\\src\\commands\\config.ts","statementMap":{"0":{"start":{"line":80,"column":0},"end":{"line":80,"column":16}},"1":{"start":{"line":15,"column":0},"end":{"line":15,"column":25}},"2":{"start":{"line":16,"column":0},"end":{"line":16,"column":25}},"3":{"start":{"line":17,"column":0},"end":{"line":17,"column":29}},"4":{"start":{"line":18,"column":0},"end":{"line":18,"column":47}},"5":{"start":{"line":19,"column":0},"end":{"line":19,"column":36}},"6":{"start":{"line":20,"column":0},"end":{"line":20,"column":26}},"7":{"start":{"line":21,"column":0},"end":{"line":21,"column":46}},"8":{"start":{"line":23,"column":0},"end":{"line":23,"column":59}},"9":{"start":{"line":25,"column":20},"end":{"line":25,"column":41}},"10":{"start":{"line":28,"column":20},"end":{"line":28,"column":57}},"11":{"start":{"line":31,"column":59},"end":{"line":34,"column":2}},"12":{"start":{"line":37,"column":2},"end":{"line":37,"column":41}},"13":{"start":{"line":41,"column":2},"end":{"line":43,"column":3}},"14":{"start":{"line":42,"column":4},"end":{"line":42,"column":55}},"15":{"start":{"line":44,"column":2},"end":{"line":48,"column":3}},"16":{"start":{"line":45,"column":19},"end":{"line":45,"column":52}},"17":{"start":{"line":46,"column":4},"end":{"line":46,"column":41}},"18":{"start":{"line":46,"column":29},"end":{"line":46,"column":41}},"19":{"start":{"line":47,"column":4},"end":{"line":47,"column":43}},"20":{"start":{"line":49,"column":2},"end":{"line":49,"column":14}},"21":{"start":{"line":53,"column":24},"end":{"line":78,"column":2}},"22":{"start":{"line":81,"column":14},"end":{"line":81,"column":87}},"23":{"start":{"line":84,"column":2},"end":{"line":119,"column":7}},"24":{"start":{"line":90,"column":6},"end":{"line":100,"column":7}},"25":{"start":{"line":91,"column":25},"end":{"line":91,"column":61}},"26":{"start":{"line":92,"column":20},"end":{"line":92,"column":76}},"27":{"start":{"line":93,"column":8},"end":{"line":96,"column":9}},"28":{"start":{"line":94,"column":10},"end":{"line":94,"column":72}},"29":{"start":{"line":95,"column":10},"end":{"line":95,"column":17}},"30":{"start":{"line":97,"column":8},"end":{"line":97,"column":75}},"31":{"start":{"line":98,"column":8},"end":{"line":98,"column":25}},"32":{"start":{"line":99,"column":8},"end":{"line":99,"column":15}},"33":{"start":{"line":102,"column":18},"end":{"line":102,"column":31}},"34":{"start":{"line":103,"column":20},"end":{"line":103,"column":57}},"35":{"start":{"line":104,"column":21},"end":{"line":104,"column":26}},"36":{"start":{"line":106,"column":6},"end":{"line":113,"column":7}},"37":{"start":{"line":107,"column":20},"end":{"line":107,"column":72}},"38":{"start":{"line":108,"column":8},"end":{"line":108,"column":27}},"39":{"start":{"line":108,"column":18},"end":{"line":108,"column":27}},"40":{"start":{"line":109,"column":8},"end":{"line":109,"column":24}},"41":{"start":{"line":110,"column":22},"end":{"line":110,"column":98}},"42":{"start":{"line":111,"column":8},"end":{"line":111,"column":66}},"43":{"start":{"line":112,"column":8},"end":{"line":112,"column":25}},"44":{"start":{"line":115,"column":6},"end":{"line":118,"column":7}},"45":{"start":{"line":116,"column":8},"end":{"line":116,"column":57}},"46":{"start":{"line":117,"column":8},"end":{"line":117,"column":86}},"47":{"start":{"line":122,"column":2},"end":{"line":150,"column":7}},"48":{"start":{"line":128,"column":18},"end":{"line":128,"column":31}},"49":{"start":{"line":129,"column":18},"end":{"line":129,"column":41}},"50":{"start":{"line":130,"column":21},"end":{"line":130,"column":34}},"51":{"start":{"line":132,"column":6},"end":{"line":136,"column":7}},"52":{"start":{"line":133,"column":8},"end":{"line":133,"column":56}},"53":{"start":{"line":134,"column":8},"end":{"line":134,"column":23}},"54":{"start":{"line":135,"column":8},"end":{"line":135,"column":24}},"55":{"start":{"line":139,"column":6},"end":{"line":143,"column":7}},"56":{"start":{"line":140,"column":8},"end":{"line":140,"column":56}},"57":{"start":{"line":142,"column":8},"end":{"line":142,"column":50}},"58":{"start":{"line":145,"column":6},"end":{"line":149,"column":7}},"59":{"start":{"line":146,"column":8},"end":{"line":146,"column":44}},"60":{"start":{"line":148,"column":8},"end":{"line":148,"column":27}},"61":{"start":{"line":153,"column":2},"end":{"line":196,"column":7}},"62":{"start":{"line":160,"column":21},"end":{"line":160,"column":34}},"63":{"start":{"line":162,"column":6},"end":{"line":166,"column":7}},"64":{"start":{"line":163,"column":8},"end":{"line":163,"column":56}},"65":{"start":{"line":164,"column":8},"end":{"line":164,"column":23}},"66":{"start":{"line":165,"column":8},"end":{"line":165,"column":24}},"67":{"start":{"line":169,"column":6},"end":{"line":176,"column":7}},"68":{"start":{"line":170,"column":24},"end":{"line":170,"column":50}},"69":{"start":{"line":171,"column":8},"end":{"line":175,"column":9}},"70":{"start":{"line":172,"column":10},"end":{"line":172,"column":75}},"71":{"start":{"line":173,"column":10},"end":{"line":173,"column":72}},"72":{"start":{"line":174,"column":10},"end":{"line":174,"column":26}},"73":{"start":{"line":178,"column":18},"end":{"line":178,"column":31}},"74":{"start":{"line":179,"column":28},"end":{"line":179,"column":50}},"75":{"start":{"line":182,"column":6},"end":{"line":187,"column":7}},"76":{"start":{"line":183,"column":8},"end":{"line":183,"column":42}},"77":{"start":{"line":185,"column":25},"end":{"line":185,"column":63}},"78":{"start":{"line":186,"column":8},"end":{"line":186,"column":74}},"79":{"start":{"line":189,"column":6},"end":{"line":195,"column":7}},"80":{"start":{"line":190,"column":8},"end":{"line":190,"column":100}},"81":{"start":{"line":191,"column":8},"end":{"line":191,"column":86}},"82":{"start":{"line":193,"column":8},"end":{"line":193,"column":106}},"83":{"start":{"line":194,"column":8},"end":{"line":194,"column":89}},"84":{"start":{"line":199,"column":2},"end":{"line":235,"column":7}},"85":{"start":{"line":204,"column":21},"end":{"line":204,"column":34}},"86":{"start":{"line":206,"column":6},"end":{"line":210,"column":7}},"87":{"start":{"line":207,"column":8},"end":{"line":207,"column":56}},"88":{"start":{"line":208,"column":8},"end":{"line":208,"column":23}},"89":{"start":{"line":209,"column":8},"end":{"line":209,"column":24}},"90":{"start":{"line":212,"column":23},"end":{"line":214,"column":47}},"91":{"start":{"line":216,"column":6},"end":{"line":219,"column":7}},"92":{"start":{"line":217,"column":8},"end":{"line":217,"column":84}},"93":{"start":{"line":218,"column":8},"end":{"line":218,"column":15}},"94":{"start":{"line":221,"column":18},"end":{"line":221,"column":90}},"95":{"start":{"line":223,"column":6},"end":{"line":231,"column":7}},"96":{"start":{"line":224,"column":8},"end":{"line":224,"column":33}},"97":{"start":{"line":226,"column":22},"end":{"line":226,"column":79}},"98":{"start":{"line":227,"column":8},"end":{"line":230,"column":9}},"99":{"start":{"line":228,"column":10},"end":{"line":228,"column":38}},"100":{"start":{"line":229,"column":10},"end":{"line":229,"column":74}},"101":{"start":{"line":229,"column":47},"end":{"line":229,"column":74}},"102":{"start":{"line":233,"column":6},"end":{"line":233,"column":78}},"103":{"start":{"line":234,"column":6},"end":{"line":234,"column":113}},"104":{"start":{"line":239,"column":2},"end":{"line":271,"column":7}},"105":{"start":{"line":244,"column":23},"end":{"line":246,"column":47}},"106":{"start":{"line":249,"column":6},"end":{"line":252,"column":7}},"107":{"start":{"line":250,"column":8},"end":{"line":250,"column":60}},"108":{"start":{"line":251,"column":8},"end":{"line":251,"column":54}},"109":{"start":{"line":254,"column":21},"end":{"line":254,"column":36}},"110":{"start":{"line":255,"column":6},"end":{"line":263,"column":7}},"111":{"start":{"line":256,"column":8},"end":{"line":256,"column":53}},"112":{"start":{"line":257,"column":8},"end":{"line":261,"column":10}},"113":{"start":{"line":262,"column":8},"end":{"line":262,"column":24}},"114":{"start":{"line":265,"column":6},"end":{"line":265,"column":74}},"115":{"start":{"line":266,"column":21},"end":{"line":266,"column":106}},"116":{"start":{"line":267,"column":6},"end":{"line":270,"column":7}},"117":{"start":{"line":268,"column":8},"end":{"line":268,"column":83}},"118":{"start":{"line":269,"column":8},"end":{"line":269,"column":24}},"119":{"start":{"line":272,"column":2},"end":{"line":272,"column":13}},"120":{"start":{"line":286,"column":2},"end":{"line":294,"column":3}},"121":{"start":{"line":287,"column":16},"end":{"line":287,"column":35}},"122":{"start":{"line":288,"column":4},"end":{"line":293,"column":5}},"123":{"start":{"line":289,"column":20},"end":{"line":289,"column":43}},"124":{"start":{"line":290,"column":18},"end":{"line":290,"column":26}},"125":{"start":{"line":291,"column":19},"end":{"line":291,"column":33}},"126":{"start":{"line":292,"column":6},"end":{"line":292,"column":36}},"127":{"start":{"line":292,"column":15},"end":{"line":292,"column":36}},"128":{"start":{"line":297,"column":21},"end":{"line":297,"column":89}},"129":{"start":{"line":298,"column":2},"end":{"line":300,"column":3}},"130":{"start":{"line":299,"column":4},"end":{"line":299,"column":45}},"131":{"start":{"line":303,"column":19},"end":{"line":303,"column":35}},"132":{"start":{"line":304,"column":2},"end":{"line":304,"column":66}},"133":{"start":{"line":304,"column":28},"end":{"line":304,"column":66}},"134":{"start":{"line":305,"column":2},"end":{"line":305,"column":62}},"135":{"start":{"line":305,"column":29},"end":{"line":305,"column":62}},"136":{"start":{"line":306,"column":2},"end":{"line":306,"column":39}},"137":{"start":{"line":309,"column":2},"end":{"line":323,"column":3}},"138":{"start":{"line":310,"column":4},"end":{"line":322,"column":5}},"139":{"start":{"line":311,"column":6},"end":{"line":311,"column":52}},"140":{"start":{"line":312,"column":6},"end":{"line":314,"column":7}},"141":{"start":{"line":313,"column":8},"end":{"line":313,"column":134}},"142":{"start":{"line":315,"column":11},"end":{"line":322,"column":5}},"143":{"start":{"line":316,"column":6},"end":{"line":316,"column":54}},"144":{"start":{"line":317,"column":6},"end":{"line":319,"column":7}},"145":{"start":{"line":318,"column":8},"end":{"line":318,"column":56}},"146":{"start":{"line":321,"column":6},"end":{"line":321,"column":68}},"147":{"start":{"line":327,"column":2},"end":{"line":327,"column":47}},"148":{"start":{"line":328,"column":2},"end":{"line":331,"column":3}},"149":{"start":{"line":329,"column":20},"end":{"line":329,"column":35}},"150":{"start":{"line":330,"column":4},"end":{"line":330,"column":87}},"151":{"start":{"line":332,"column":2},"end":{"line":332,"column":99}}},"fnMap":{"0":{"name":"isInstallPathsKey","decl":{"start":{"line":36,"column":9},"end":{"line":36,"column":26}},"loc":{"start":{"line":36,"column":38},"end":{"line":38,"column":1}}},"1":{"name":"parseKey","decl":{"start":{"line":40,"column":9},"end":{"line":40,"column":17}},"loc":{"start":{"line":40,"column":29},"end":{"line":50,"column":1}}},"2":{"name":"createConfigCommand","decl":{"start":{"line":80,"column":16},"end":{"line":80,"column":35}},"loc":{"start":{"line":80,"column":35},"end":{"line":273,"column":1}}},"3":{"name":"(anonymous_4)","decl":{"start":{"line":89,"column":12},"end":{"line":89,"column":13}},"loc":{"start":{"line":89,"column":46},"end":{"line":119,"column":5}}},"4":{"name":"(anonymous_5)","decl":{"start":{"line":127,"column":12},"end":{"line":127,"column":13}},"loc":{"start":{"line":127,"column":28},"end":{"line":150,"column":5}}},"5":{"name":"(anonymous_6)","decl":{"start":{"line":159,"column":12},"end":{"line":159,"column":13}},"loc":{"start":{"line":159,"column":74},"end":{"line":196,"column":5}}},"6":{"name":"(anonymous_7)","decl":{"start":{"line":203,"column":12},"end":{"line":203,"column":13}},"loc":{"start":{"line":203,"column":59},"end":{"line":235,"column":5}}},"7":{"name":"(anonymous_8)","decl":{"start":{"line":243,"column":12},"end":{"line":243,"column":13}},"loc":{"start":{"line":243,"column":46},"end":{"line":271,"column":5}}},"8":{"name":"resolveEditor","decl":{"start":{"line":284,"column":9},"end":{"line":284,"column":22}},"loc":{"start":{"line":284,"column":22},"end":{"line":307,"column":1}}},"9":{"name":"printConfig","decl":{"start":{"line":308,"column":9},"end":{"line":308,"column":20}},"loc":{"start":{"line":308,"column":39},"end":{"line":324,"column":1}}},"10":{"name":"printKeyHelp","decl":{"start":{"line":326,"column":9},"end":{"line":326,"column":21}},"loc":{"start":{"line":326,"column":21},"end":{"line":333,"column":1}}}},"branchMap":{"0":{"loc":{"start":{"line":41,"column":2},"end":{"line":43,"column":3}},"type":"if","locations":[{"start":{"line":41,"column":2},"end":{"line":43,"column":3}}]},"1":{"loc":{"start":{"line":44,"column":2},"end":{"line":48,"column":3}},"type":"if","locations":[{"start":{"line":44,"column":2},"end":{"line":48,"column":3}}]},"2":{"loc":{"start":{"line":46,"column":4},"end":{"line":46,"column":41}},"type":"if","locations":[{"start":{"line":46,"column":4},"end":{"line":46,"column":41}}]},"3":{"loc":{"start":{"line":90,"column":6},"end":{"line":100,"column":7}},"type":"if","locations":[{"start":{"line":90,"column":6},"end":{"line":100,"column":7}}]},"4":{"loc":{"start":{"line":93,"column":8},"end":{"line":96,"column":9}},"type":"if","locations":[{"start":{"line":93,"column":8},"end":{"line":96,"column":9}}]},"5":{"loc":{"start":{"line":108,"column":8},"end":{"line":108,"column":27}},"type":"if","locations":[{"start":{"line":108,"column":8},"end":{"line":108,"column":27}}]},"6":{"loc":{"start":{"line":110,"column":22},"end":{"line":110,"column":98}},"type":"cond-expr","locations":[{"start":{"line":110,"column":54},"end":{"line":110,"column":73}},{"start":{"line":110,"column":76},"end":{"line":110,"column":98}}]},"7":{"loc":{"start":{"line":115,"column":6},"end":{"line":118,"column":7}},"type":"if","locations":[{"start":{"line":115,"column":6},"end":{"line":118,"column":7}}]},"8":{"loc":{"start":{"line":132,"column":6},"end":{"line":136,"column":7}},"type":"if","locations":[{"start":{"line":132,"column":6},"end":{"line":136,"column":7}}]},"9":{"loc":{"start":{"line":139,"column":6},"end":{"line":143,"column":7}},"type":"if","locations":[{"start":{"line":139,"column":6},"end":{"line":143,"column":7}},{"start":{"line":141,"column":13},"end":{"line":143,"column":7}}]},"10":{"loc":{"start":{"line":145,"column":6},"end":{"line":149,"column":7}},"type":"if","locations":[{"start":{"line":145,"column":6},"end":{"line":149,"column":7}},{"start":{"line":147,"column":13},"end":{"line":149,"column":7}}]},"11":{"loc":{"start":{"line":162,"column":6},"end":{"line":166,"column":7}},"type":"if","locations":[{"start":{"line":162,"column":6},"end":{"line":166,"column":7}}]},"12":{"loc":{"start":{"line":169,"column":6},"end":{"line":176,"column":7}},"type":"if","locations":[{"start":{"line":169,"column":6},"end":{"line":176,"column":7}}]},"13":{"loc":{"start":{"line":171,"column":8},"end":{"line":175,"column":9}},"type":"if","locations":[{"start":{"line":171,"column":8},"end":{"line":175,"column":9}}]},"14":{"loc":{"start":{"line":171,"column":12},"end":{"line":171,"column":47}},"type":"binary-expr","locations":[{"start":{"line":171,"column":12},"end":{"line":171,"column":19}},{"start":{"line":171,"column":23},"end":{"line":171,"column":47}}]},"15":{"loc":{"start":{"line":182,"column":6},"end":{"line":187,"column":7}},"type":"if","locations":[{"start":{"line":182,"column":6},"end":{"line":187,"column":7}},{"start":{"line":184,"column":13},"end":{"line":187,"column":7}}]},"16":{"loc":{"start":{"line":185,"column":25},"end":{"line":185,"column":63}},"type":"binary-expr","locations":[{"start":{"line":185,"column":25},"end":{"line":185,"column":57}},{"start":{"line":185,"column":61},"end":{"line":185,"column":63}}]},"17":{"loc":{"start":{"line":189,"column":6},"end":{"line":195,"column":7}},"type":"if","locations":[{"start":{"line":189,"column":6},"end":{"line":195,"column":7}},{"start":{"line":192,"column":13},"end":{"line":195,"column":7}}]},"18":{"loc":{"start":{"line":206,"column":6},"end":{"line":210,"column":7}},"type":"if","locations":[{"start":{"line":206,"column":6},"end":{"line":210,"column":7}}]},"19":{"loc":{"start":{"line":212,"column":23},"end":{"line":214,"column":47}},"type":"cond-expr","locations":[{"start":{"line":213,"column":10},"end":{"line":213,"column":46}},{"start":{"line":214,"column":10},"end":{"line":214,"column":47}}]},"20":{"loc":{"start":{"line":216,"column":6},"end":{"line":219,"column":7}},"type":"if","locations":[{"start":{"line":216,"column":6},"end":{"line":219,"column":7}}]},"21":{"loc":{"start":{"line":223,"column":6},"end":{"line":231,"column":7}},"type":"if","locations":[{"start":{"line":223,"column":6},"end":{"line":231,"column":7}},{"start":{"line":225,"column":13},"end":{"line":231,"column":7}}]},"22":{"loc":{"start":{"line":227,"column":8},"end":{"line":230,"column":9}},"type":"if","locations":[{"start":{"line":227,"column":8},"end":{"line":230,"column":9}}]},"23":{"loc":{"start":{"line":229,"column":10},"end":{"line":229,"column":74}},"type":"if","locations":[{"start":{"line":229,"column":10},"end":{"line":229,"column":74}}]},"24":{"loc":{"start":{"line":234,"column":57},"end":{"line":234,"column":110}},"type":"cond-expr","locations":[{"start":{"line":234,"column":74},"end":{"line":234,"column":89}},{"start":{"line":234,"column":92},"end":{"line":234,"column":110}}]},"25":{"loc":{"start":{"line":244,"column":23},"end":{"line":246,"column":47}},"type":"cond-expr","locations":[{"start":{"line":245,"column":10},"end":{"line":245,"column":46}},{"start":{"line":246,"column":10},"end":{"line":246,"column":47}}]},"26":{"loc":{"start":{"line":249,"column":6},"end":{"line":252,"column":7}},"type":"if","locations":[{"start":{"line":249,"column":6},"end":{"line":252,"column":7}}]},"27":{"loc":{"start":{"line":255,"column":6},"end":{"line":263,"column":7}},"type":"if","locations":[{"start":{"line":255,"column":6},"end":{"line":263,"column":7}}]},"28":{"loc":{"start":{"line":267,"column":6},"end":{"line":270,"column":7}},"type":"if","locations":[{"start":{"line":267,"column":6},"end":{"line":270,"column":7}}]},"29":{"loc":{"start":{"line":288,"column":4},"end":{"line":293,"column":5}},"type":"if","locations":[{"start":{"line":288,"column":4},"end":{"line":293,"column":5}}]},"30":{"loc":{"start":{"line":292,"column":6},"end":{"line":292,"column":36}},"type":"if","locations":[{"start":{"line":292,"column":6},"end":{"line":292,"column":36}}]},"31":{"loc":{"start":{"line":298,"column":2},"end":{"line":300,"column":3}},"type":"if","locations":[{"start":{"line":298,"column":2},"end":{"line":300,"column":3}}]},"32":{"loc":{"start":{"line":304,"column":2},"end":{"line":304,"column":66}},"type":"if","locations":[{"start":{"line":304,"column":2},"end":{"line":304,"column":66}}]},"33":{"loc":{"start":{"line":305,"column":2},"end":{"line":305,"column":62}},"type":"if","locations":[{"start":{"line":305,"column":2},"end":{"line":305,"column":62}}]},"34":{"loc":{"start":{"line":310,"column":4},"end":{"line":322,"column":5}},"type":"if","locations":[{"start":{"line":310,"column":4},"end":{"line":322,"column":5}},{"start":{"line":315,"column":11},"end":{"line":322,"column":5}}]},"35":{"loc":{"start":{"line":313,"column":60},"end":{"line":313,"column":130}},"type":"cond-expr","locations":[{"start":{"line":313,"column":87},"end":{"line":313,"column":125}},{"start":{"line":313,"column":128},"end":{"line":313,"column":130}}]},"36":{"loc":{"start":{"line":315,"column":11},"end":{"line":322,"column":5}},"type":"if","locations":[{"start":{"line":315,"column":11},"end":{"line":322,"column":5}},{"start":{"line":320,"column":11},"end":{"line":322,"column":5}}]},"37":{"loc":{"start":{"line":330,"column":39},"end":{"line":330,"column":82}},"type":"cond-expr","locations":[{"start":{"line":330,"column":49},"end":{"line":330,"column":77}},{"start":{"line":330,"column":80},"end":{"line":330,"column":82}}]}},"s":{"0":1,"1":1,"2":1,"3":1,"4":1,"5":1,"6":1,"7":1,"8":1,"9":1,"10":1,"11":1,"12":6,"13":13,"14":7,"15":6,"16":3,"17":3,"18":0,"19":3,"20":3,"21":1,"22":21,"23":21,"24":4,"25":2,"26":2,"27":2,"28":1,"29":1,"30":1,"31":1,"32":1,"33":2,"34":2,"35":2,"36":2,"37":16,"38":16,"39":12,"40":4,"41":4,"42":4,"43":4,"44":2,"45":0,"46":0,"47":21,"48":3,"49":3,"50":3,"51":3,"52":1,"53":1,"54":1,"55":2,"56":1,"57":1,"58":2,"59":1,"60":1,"61":21,"62":6,"63":6,"64":1,"65":1,"66":1,"67":5,"68":4,"69":4,"70":1,"71":1,"72":1,"73":4,"74":4,"75":4,"76":3,"77":1,"78":1,"79":4,"80":1,"81":1,"82":3,"83":3,"84":21,"85":4,"86":4,"87":1,"88":1,"89":1,"90":3,"91":3,"92":1,"93":1,"94":2,"95":2,"96":1,"97":1,"98":1,"99":1,"100":1,"101":1,"102":2,"103":2,"104":21,"105":4,"106":4,"107":1,"108":1,"109":4,"110":4,"111":0,"112":0,"113":0,"114":4,"115":4,"116":4,"117":1,"118":1,"119":21,"120":4,"121":6,"122":6,"123":3,"124":3,"125":3,"126":3,"127":3,"128":1,"129":1,"130":1,"131":0,"132":0,"133":0,"134":0,"135":0,"136":0,"137":5,"138":7,"139":1,"140":1,"141":1,"142":6,"143":1,"144":1,"145":1,"146":5,"147":3,"148":3,"149":6,"150":6,"151":3},"f":{"0":6,"1":13,"2":21,"3":4,"4":3,"5":6,"6":4,"7":4,"8":4,"9":5,"10":3},"b":{"0":[7],"1":[3],"2":[0],"3":[2],"4":[1],"5":[12],"6":[0,4],"7":[0],"8":[1],"9":[1,1],"10":[1,1],"11":[1],"12":[4],"13":[1],"14":[4,4],"15":[3,1],"16":[1,1],"17":[1,3],"18":[1],"19":[0,3],"20":[1],"21":[1,1],"22":[1],"23":[1],"24":[0,2],"25":[0,4],"26":[1],"27":[0],"28":[1],"29":[3],"30":[3],"31":[1],"32":[0],"33":[0],"34":[1,6],"35":[1,0],"36":[1,5],"37":[6,0]}}
,"K:\\f-drive\\workspace\\ai-tools\\packages\\cli\\src\\commands\\dev-init.ts": {"path":"K:\\f-drive\\workspace\\ai-tools\\packages\\cli\\src\\commands\\dev-init.ts","statementMap":{"0":{"start":{"line":54,"column":0},"end":{"line":54,"column":16}},"1":{"start":{"line":15,"column":0},"end":{"line":15,"column":36}},"2":{"start":{"line":16,"column":0},"end":{"line":16,"column":25}},"3":{"start":{"line":17,"column":0},"end":{"line":17,"column":29}},"4":{"start":{"line":18,"column":0},"end":{"line":18,"column":26}},"5":{"start":{"line":19,"column":0},"end":{"line":19,"column":null}},"6":{"start":{"line":27,"column":0},"end":{"line":27,"column":59}},"7":{"start":{"line":28,"column":0},"end":{"line":28,"column":98}},"8":{"start":{"line":34,"column":13},"end":{"line":34,"column":39}},"9":{"start":{"line":35,"column":13},"end":{"line":35,"column":45}},"10":{"start":{"line":36,"column":64},"end":{"line":40,"column":2}},"11":{"start":{"line":55,"column":2},"end":{"line":124,"column":7}},"12":{"start":{"line":60,"column":18},"end":{"line":60,"column":31}},"13":{"start":{"line":61,"column":28},"end":{"line":61,"column":50}},"14":{"start":{"line":62,"column":21},"end":{"line":62,"column":47}},"15":{"start":{"line":64,"column":6},"end":{"line":67,"column":7}},"16":{"start":{"line":65,"column":8},"end":{"line":65,"column":72}},"17":{"start":{"line":66,"column":8},"end":{"line":66,"column":24}},"18":{"start":{"line":70,"column":19},"end":{"line":70,"column":36}},"19":{"start":{"line":71,"column":6},"end":{"line":77,"column":7}},"20":{"start":{"line":72,"column":8},"end":{"line":75,"column":10}},"21":{"start":{"line":76,"column":8},"end":{"line":76,"column":15}},"22":{"start":{"line":80,"column":26},"end":{"line":80,"column":74}},"23":{"start":{"line":81,"column":6},"end":{"line":81,"column":53}},"24":{"start":{"line":84,"column":37},"end":{"line":84,"column":39}},"25":{"start":{"line":85,"column":6},"end":{"line":90,"column":7}},"26":{"start":{"line":86,"column":25},"end":{"line":86,"column":61}},"27":{"start":{"line":87,"column":8},"end":{"line":87,"column":66}},"28":{"start":{"line":88,"column":8},"end":{"line":88,"column":57}},"29":{"start":{"line":89,"column":8},"end":{"line":89,"column":36}},"30":{"start":{"line":93,"column":24},"end":{"line":99,"column":8}},"31":{"start":{"line":100,"column":26},"end":{"line":100,"column":72}},"32":{"start":{"line":101,"column":6},"end":{"line":101,"column":38}},"33":{"start":{"line":104,"column":23},"end":{"line":104,"column":46}},"34":{"start":{"line":105,"column":30},"end":{"line":109,"column":null}},"35":{"start":{"line":111,"column":6},"end":{"line":111,"column":42}},"36":{"start":{"line":113,"column":6},"end":{"line":113,"column":114}},"37":{"start":{"line":114,"column":6},"end":{"line":116,"column":7}},"38":{"start":{"line":115,"column":8},"end":{"line":115,"column":44}},"39":{"start":{"line":118,"column":6},"end":{"line":123,"column":7}},"40":{"start":{"line":119,"column":8},"end":{"line":122,"column":10}}},"fnMap":{"0":{"name":"createDevInitCommand","decl":{"start":{"line":54,"column":16},"end":{"line":54,"column":36}},"loc":{"start":{"line":54,"column":36},"end":{"line":125,"column":1}}},"1":{"name":"(anonymous_2)","decl":{"start":{"line":59,"column":12},"end":{"line":59,"column":13}},"loc":{"start":{"line":59,"column":40},"end":{"line":124,"column":5}}}},"branchMap":{"0":{"loc":{"start":{"line":62,"column":21},"end":{"line":62,"column":47}},"type":"binary-expr","locations":[{"start":{"line":62,"column":21},"end":{"line":62,"column":34}},{"start":{"line":62,"column":38},"end":{"line":62,"column":47}}]},"1":{"loc":{"start":{"line":64,"column":6},"end":{"line":67,"column":7}},"type":"if","locations":[{"start":{"line":64,"column":6},"end":{"line":67,"column":7}}]},"2":{"loc":{"start":{"line":64,"column":10},"end":{"line":64,"column":49}},"type":"binary-expr","locations":[{"start":{"line":64,"column":10},"end":{"line":64,"column":29}},{"start":{"line":64,"column":33},"end":{"line":64,"column":49}}]},"3":{"loc":{"start":{"line":71,"column":6},"end":{"line":77,"column":7}},"type":"if","locations":[{"start":{"line":71,"column":6},"end":{"line":77,"column":7}}]},"4":{"loc":{"start":{"line":71,"column":10},"end":{"line":71,"column":52}},"type":"binary-expr","locations":[{"start":{"line":71,"column":10},"end":{"line":71,"column":34}},{"start":{"line":71,"column":38},"end":{"line":71,"column":52}}]},"5":{"loc":{"start":{"line":104,"column":23},"end":{"line":104,"column":46}},"type":"binary-expr","locations":[{"start":{"line":104,"column":23},"end":{"line":104,"column":40}},{"start":{"line":104,"column":44},"end":{"line":104,"column":46}}]},"6":{"loc":{"start":{"line":118,"column":6},"end":{"line":123,"column":7}},"type":"if","locations":[{"start":{"line":118,"column":6},"end":{"line":123,"column":7}}]}},"s":{"0":1,"1":1,"2":1,"3":1,"4":1,"5":1,"6":1,"7":1,"8":1,"9":1,"10":1,"11":4,"12":4,"13":4,"14":4,"15":4,"16":1,"17":1,"18":3,"19":3,"20":1,"21":1,"22":2,"23":2,"24":2,"25":2,"26":6,"27":6,"28":6,"29":6,"30":2,"31":2,"32":2,"33":2,"34":2,"35":2,"36":2,"37":2,"38":6,"39":2,"40":0},"f":{"0":4,"1":4},"b":{"0":[4,3],"1":[1],"2":[4,1],"3":[1],"4":[3,1],"5":[2,2],"6":[0]}}
[...]
5}}]},"53":{"loc":{"start":{"line":417,"column":6},"end":{"line":417,"column":62}},"type":"if","locations":[{"start":{"line":417,"column":6},"end":{"line":417,"column":62}}]},"54":{"loc":{"start":{"line":418,"column":11},"end":{"line":420,"column":5}},"type":"if","locations":[{"start":{"line":418,"column":11},"end":{"line":420,"column":5}}]},"55":{"loc":{"start":{"line":430,"column":9},"end":{"line":430,"column":58}},"type":"cond-expr","locations":[{"start":{"line":430,"column":46},"end":{"line":430,"column":53}},{"start":{"line":430,"column":56},"end":{"line":430,"column":58}}]},"56":{"loc":{"start":{"line":430,"column":9},"end":{"line":430,"column":43}},"type":"binary-expr","locations":[{"start":{"line":430,"column":9},"end":{"line":430,"column":12}},{"start":{"line":430,"column":16},"end":{"line":430,"column":43}}]},"57":{"loc":{"start":{"line":434,"column":2},"end":{"line":434,"column":41}},"type":"if","locations":[{"start":{"line":434,"column":2},"end":{"line":434,"column":41}}]},"58":{"loc":{"start":{"line":444,"column":2},"end":{"line":444,"column":67}},"type":"if","locations":[{"start":{"line":444,"column":2},"end":{"line":444,"column":67}}]},"59":{"loc":{"start":{"line":445,"column":2},"end":{"line":445,"column":102}},"type":"if","locations":[{"start":{"line":445,"column":2},"end":{"line":445,"column":102}}]},"60":{"loc":{"start":{"line":445,"column":6},"end":{"line":445,"column":93}},"type":"binary-expr","locations":[{"start":{"line":445,"column":6},"end":{"line":445,"column":38}},{"start":{"line":445,"column":42},"end":{"line":445,"column":93}}]},"61":{"loc":{"start":{"line":448,"column":4},"end":{"line":451,"column":5}},"type":"if","locations":[{"start":{"line":448,"column":4},"end":{"line":451,"column":5}}]}},"s":{"0":6,"1":6,"2":6,"3":6,"4":6,"5":68,"6":68,"7":68,"8":37,"9":37,"10":0,"11":37,"12":4,"13":3,"14":33,"15":6,"16":27,"17":23,"18":6,"19":6,"20":0,"21":6,"22":6,"23":0,"24":0,"25":6,"26":6,"27":6,"28":6,"29":6,"30":6,"31":6,"32":6,"33":6,"34":6,"35":6,"36":2,"37":6,"38":6,"39":6,"40":6,"41":6,"42":6,"43":2,"44":2,"45":2,"46":2,"47":2,"48":2,"49":0,"50":0,"51":0,"52":0,"53":4,"54":4,"55":4,"56":6,"57":4,"58":4,"59":6,"60":6,"61":6,"62":6,"63":6,"64":27,"65":3,"66":3,"67":1,"68":26,"69":2,"70":2,"71":24,"72":23,"73":21,"74":21,"75":23,"76":23,"77":23,"78":23,"79":23,"80":23,"81":23,"82":23,"83":23,"84":23,"85":23,"86":23,"87":23,"88":23,"89":23,"90":23,"91":23,"92":4,"93":4,"94":4,"95":0,"96":0,"97":0,"98":4,"99":2,"100":2,"101":2,"102":2,"103":2,"104":2,"105":2,"106":2,"107":21,"108":21,"109":21,"110":21,"111":21,"112":23,"113":23,"114":23,"115":23,"116":0,"117":0,"118":0,"119":0,"120":0,"121":0,"122":0,"123":23,"124":23,"125":23,"126":4,"127":1,"128":3,"129":3,"130":3,"131":3,"132":1,"133":1,"134":1,"135":0,"136":3,"137":3,"138":3,"139":3,"140":3,"141":3,"142":3,"143":3,"144":12,"145":12,"146":12,"147":2,"148":10,"149":10,"150":10,"151":2,"152":2,"153":2,"154":2,"155":8,"156":8,"157":8,"158":7,"159":7,"160":7,"161":10,"162":10,"163":10,"164":12,"165":6,"166":6,"167":2,"168":4,"169":0,"170":4,"171":2,"172":2,"173":2,"174":4,"175":4,"176":4,"177":4,"178":29,"179":29,"180":31,"181":28,"182":28,"183":3,"184":1,"185":29,"186":3,"187":2,"188":0,"189":2,"190":2,"191":2,"192":2,"193":9,"194":9,"195":9,"196":7,"197":2,"198":0,"199":2,"200":2,"201":2,"202":2,"203":2},"f":{"0":68,"1":37,"2":6,"3":27,"4":4,"5":12,"6":12,"7":6,"8":29,"9":3,"10":2,"11":9},"b":{"0":[0],"1":[68,40],"2":[0],"3":[4],"4":[6],"5":[0],"6":[0,6],"7":[6,0],"8":[2],"9":[2,4],"10":[6,2],"11":[2],"12":[0],"13":[0,0],"14":[4],"15":[3],"16":[27,3],"17":[1],"18":[3,2],"19":[2,24],"20":[23,19],"21":[0,23],"22":[23,23],"23":[4],"24":[23,22],"25":[0],"26":[2],"27":[4,2],"28":[2],"29":[2],"30":[0],"31":[0,0],"32":[0],"33":[0,0],"34":[1],"35":[1],"36":[0,3],"37":[3,0],"38":[3,0],"39":[2],"40":[10,10,10,2],"41":[2,8],"42":[2,0],"43":[7,1],"44":[7],"45":[2],"46":[6,4],"47":[0,4],"48":[2,2],"49":[2],"50":[4],"51":[28,3],"52":[31,3],"53":[28],"54":[1],"55":[0,3],"56":[3,0],"57":[0],"58":[7],"59":[0],"60":[2,2],"61":[2]}}
,"K:\\f-drive\\workspace\\ai-tools\\packages\\cli\\src\\utils\\registry-client.ts": {"path":"K:\\f-drive\\workspace\\ai-tools\\packages\\cli\\src\\utils\\registry-client.ts","statementMap":{"0":{"start":{"line":55,"column":0},"end":{"line":55,"column":16}},"1":{"start":{"line":186,"column":0},"end":{"line":186,"column":16}},"2":{"start":{"line":15,"column":0},"end":{"line":15,"column":31}},"3":{"start":{"line":16,"column":0},"end":{"line":16,"column":29}},"4":{"start":{"line":18,"column":0},"end":{"line":18,"column":52}},"5":{"start":{"line":19,"column":0},"end":{"line":19,"column":67}},"6":{"start":{"line":56,"column":15},"end":{"line":56,"column":44}},"7":{"start":{"line":59,"column":44},"end":{"line":59,"column":82}},"8":{"start":{"line":60,"column":4},"end":{"line":67,"column":5}},"9":{"start":{"line":61,"column":6},"end":{"line":66,"column":7}},"10":{"start":{"line":62,"column":8},"end":{"line":62,"column":65}},"11":{"start":{"line":63,"column":13},"end":{"line":66,"column":7}},"12":{"start":{"line":64,"column":22},"end":{"line":64,"column":103}},"13":{"start":{"line":65,"column":8},"end":{"line":65,"column":52}},"14":{"start":{"line":68,"column":4},"end":{"line":68,"column":19}},"15":{"start":{"line":72,"column":4},"end":{"line":91,"column":7}},"16":{"start":{"line":73,"column":21},"end":{"line":73,"column":33}},"17":{"start":{"line":74,"column":18},"end":{"line":74,"column":61}},"18":{"start":{"line":75,"column":22},"end":{"line":75,"column":36}},"19":{"start":{"line":77,"column":6},"end":{"line":90,"column":29}},"20":{"start":{"line":78,"column":8},"end":{"line":81,"column":9}},"21":{"start":{"line":79,"column":10},"end":{"line":79,"column":100}},"22":{"start":{"line":80,"column":10},"end":{"line":80,"column":17}},"23":{"start":{"line":82,"column":8},"end":{"line":85,"column":9}},"24":{"start":{"line":83,"column":10},"end":{"line":83,"column":90}},"25":{"start":{"line":84,"column":10},"end":{"line":84,"column":17}},"26":{"start":{"line":86,"column":33},"end":{"line":86,"column":35}},"27":{"start":{"line":87,"column":8},"end":{"line":87,"column":62}},"28":{"start":{"line":87,"column":42},"end":{"line":87,"column":60}},"29":{"start":{"line":88,"column":8},"end":{"line":88,"column":60}},"30":{"start":{"line":88,"column":28},"end":{"line":88,"column":58}},"31":{"start":{"line":89,"column":8},"end":{"line":89,"column":32}},"32":{"start":{"line":95,"column":16},"end":{"line":95,"column":47}},"33":{"start":{"line":96,"column":4},"end":{"line":96,"column":49}},"34":{"start":{"line":99,"column":2},"end":{"line":179,"column":4}},"35":{"start":{"line":102,"column":22},"end":{"line":102,"column":46}},"36":{"start":{"line":103,"column":6},"end":{"line":103,"column":71}},"37":{"start":{"line":106,"column":22},"end":{"line":106,"column":46}},"38":{"start":{"line":107,"column":21},"end":{"line":107,"column":106}},"39":{"start":{"line":108,"column":6},"end":{"line":108,"column":29}},"40":{"start":{"line":111,"column":16},"end":{"line":111,"column":41}},"41":{"start":{"line":112,"column":22},"end":{"line":112,"column":73}},"42":{"start":{"line":113,"column":6},"end":{"line":113,"column":66}},"43":{"start":{"line":113,"column":33},"end":{"line":113,"column":63}},"44":{"start":{"line":116,"column":22},"end":{"line":116,"column":46}},"45":{"start":{"line":117,"column":18},"end":{"line":117,"column":67}},"46":{"start":{"line":118,"column":6},"end":{"line":141,"column":9}},"47":{"start":{"line":119,"column":23},"end":{"line":119,"column":35}},"48":{"start":{"line":120,"column":20},"end":{"line":120,"column":63}},"49":{"start":{"line":121,"column":24},"end":{"line":121,"column":38}},"50":{"start":{"line":123,"column":8},"end":{"line":140,"column":31}},"51":{"start":{"line":124,"column":10},"end":{"line":127,"column":11}},"52":{"start":{"line":125,"column":12},"end":{"line":125,"column":102}},"53":{"start":{"line":126,"column":12},"end":{"line":126,"column":19}},"54":{"start":{"line":128,"column":10},"end":{"line":131,"column":11}},"55":{"start":{"line":129,"column":12},"end":{"line":129,"column":92}},"56":{"start":{"line":130,"column":12},"end":{"line":130,"column":19}},"57":{"start":{"line":132,"column":35},"end":{"line":132,"column":37}},"58":{"start":{"line":133,"column":10},"end":{"line":133,"column":64}},"59":{"start":{"line":133,"column":44},"end":{"line":133,"column":62}},"60":{"start":{"line":134,"column":10},"end":{"line":138,"column":13}},"61":{"start":{"line":135,"column":25},"end":{"line":135,"column":46}},"62":{"start":{"line":136,"column":30},"end":{"line":136,"column":78}},"63":{"start":{"line":137,"column":12},"end":{"line":137,"column":41}},"64":{"start":{"line":139,"column":10},"end":{"line":139,"column":34}},"65":{"start":{"line":144,"column":19},"end":{"line":144,"column":54}},"66":{"start":{"line":145,"column":22},"end":{"line":145,"column":36}},"67":{"start":{"line":146,"column":6},"end":{"line":146,"column":69}},"68":{"start":{"line":147,"column":6},"end":{"line":177,"column":9}},"69":{"start":{"line":148,"column":23},"end":{"line":148,"column":51}},"70":{"start":{"line":149,"column":20},"end":{"line":149,"column":63}},"71":{"start":{"line":150,"column":20},"end":{"line":172,"column":null}},"72":{"start":{"line":153,"column":37},"end":{"line":153,"column":39}},"73":{"start":{"line":154,"column":12},"end":{"line":154,"column":58}},"74":{"start":{"line":154,"column":42},"end":{"line":154,"column":56}},"75":{"start":{"line":155,"column":12},"end":{"line":170,"column":15}},"76":{"start":{"line":156,"column":27},"end":{"line":156,"column":65}},"77":{"start":{"line":158,"column":14},"end":{"line":163,"column":15}},"78":{"start":{"line":159,"column":16},"end":{"line":159,"column":40}},"79":{"start":{"line":161,"column":16},"end":{"line":161,"column":139}},"80":{"start":{"line":162,"column":16},"end":{"line":162,"column":23}},"81":{"start":{"line":164,"column":14},"end":{"line":169,"column":15}},"82":{"start":{"line":165,"column":16},"end":{"line":165,"column":47}},"83":{"start":{"line":167,"column":29},"end":{"line":167,"column":90}},"84":{"start":{"line":168,"column":16},"end":{"line":168,"column":69}},"85":{"start":{"line":171,"column":12},"end":{"line":171,"column":36}},"86":{"start":{"line":174,"column":8},"end":{"line":174,"column":32}},"87":{"start":{"line":175,"column":8},"end":{"line":175,"column":24}},"88":{"start":{"line":176,"column":8},"end":{"line":176,"column":18}},"89":{"start":{"line":187,"column":2},"end":{"line":189,"column":3}},"90":{"start":{"line":188,"column":4},"end":{"line":188,"column":43}},"91":{"start":{"line":190,"column":2},"end":{"line":190,"column":42}}},"fnMap":{"0":{"name":"createHttpRegistryClient","decl":{"start":{"line":55,"column":16},"end":{"line":55,"column":40}},"loc":{"start":{"line":55,"column":67},"end":{"line":180,"column":1}}},"1":{"name":"buildHeaders","decl":{"start":{"line":58,"column":11},"end":{"line":58,"column":23}},"loc":{"start":{"line":58,"column":23},"end":{"line":69,"column":3}}},"2":{"name":"request","decl":{"start":{"line":71,"column":11},"end":{"line":71,"column":18}},"loc":{"start":{"line":71,"column":30},"end":{"line":92,"column":3}}},"3":{"name":"(anonymous_4)","decl":{"start":{"line":72,"column":23},"end":{"line":72,"column":24}},"loc":{"start":{"line":72,"column":43},"end":{"line":91,"column":5}}},"4":{"name":"(anonymous_5)","decl":{"start":{"line":77,"column":32},"end":{"line":77,"column":33}},"loc":{"start":{"line":77,"column":40},"end":{"line":90,"column":7}}},"5":{"name":"(anonymous_6)","decl":{"start":{"line":87,"column":23},"end":{"line":87,"column":24}},"loc":{"start":{"line":87,"column":42},"end":{"line":87,"column":60}}},"6":{"name":"(anonymous_7)","decl":{"start":{"line":88,"column":22},"end":{"line":88,"column":25}},"loc":{"start":{"line":88,"column":28},"end":{"line":88,"column":58}}},"7":{"name":"getJSON","decl":{"start":{"line":94,"column":17},"end":{"line":94,"column":24}},"loc":{"start":{"line":94,"column":40},"end":{"line":97,"column":3}}},"8":{"name":"(anonymous_9)","decl":{"start":{"line":101,"column":4},"end":{"line":101,"column":9}},"loc":{"start":{"line":101,"column":54},"end":{"line":104,"column":5}}},"9":{"name":"(anonymous_10)","decl":{"start":{"line":105,"column":4},"end":{"line":105,"column":9}},"loc":{"start":{"line":105,"column":35},"end":{"line":109,"column":5}}},"10":{"name":"(anonymous_11)","decl":{"start":{"line":110,"column":4},"end":{"line":110,"column":9}},"loc":{"start":{"line":110,"column":30},"end":{"line":114,"column":5}}},"11":{"name":"(anonymous_12)","decl":{"start":{"line":113,"column":25},"end":{"line":113,"column":26}},"loc":{"start":{"line":113,"column":33},"end":{"line":113,"column":63}}},"12":{"name":"(anonymous_13)","decl":{"start":{"line":115,"column":4},"end":{"line":115,"column":9}},"loc":{"start":{"line":115,"column":48},"end":{"line":142,"column":5}}},"13":{"name":"(anonymous_14)","decl":{"start":{"line":118,"column":25},"end":{"line":118,"column":26}},"loc":{"start":{"line":118,"column":45},"end":{"line":141,"column":7}}},"14":{"name":"(anonymous_15)","decl":{"start":{"line":123,"column":34},"end":{"line":123,"column":35}},"loc":{"start":{"line":123,"column":42},"end":{"line":140,"column":9}}},"15":{"name":"(anonymous_16)","decl":{"start":{"line":133,"column":25},"end":{"line":133,"column":26}},"loc":{"start":{"line":133,"column":44},"end":{"line":133,"column":62}}},"16":{"name":"(anonymous_17)","decl":{"start":{"line":134,"column":24},"end":{"line":134,"column":27}},"loc":{"start":{"line":134,"column":29},"end":{"line":138,"column":11}}},"17":{"name":"(anonymous_18)","decl":{"start":{"line":143,"column":4},"end":{"line":143,"column":9}},"loc":{"start":{"line":143,"column":71},"end":{"line":178,"column":5}}},"18":{"name":"(anonymous_19)","decl":{"start":{"line":147,"column":25},"end":{"line":147,"column":26}},"loc":{"start":{"line":147,"column":45},"end":{"line":177,"column":7}}},"19":{"name":"(anonymous_20)","decl":{"start":{"line":152,"column":10},"end":{"line":152,"column":11}},"loc":{"start":{"line":152,"column":18},"end":{"line":172,"column":11}}},"20":{"name":"(anonymous_21)","decl":{"start":{"line":154,"column":27},"end":{"line":154,"column":28}},"loc":{"start":{"line":154,"column":42},"end":{"line":154,"column":56}}},"21":{"name":"(anonymous_22)","decl":{"start":{"line":155,"column":26},"end":{"line":155,"column":29}},"loc":{"start":{"line":155,"column":31},"end":{"line":170,"column":13}}},"22":{"name":"createRegistryClient","decl":{"start":{"line":186,"column":16},"end":{"line":186,"column":36}},"loc":{"start":{"line":186,"column":59},"end":{"line":191,"column":1}}}},"branchMap":{"0":{"loc":{"start":{"line":60,"column":4},"end":{"line":67,"column":5}},"type":"if","locations":[{"start":{"line":60,"column":4},"end":{"line":67,"column":5}}]},"1":{"loc":{"start":{"line":61,"column":6},"end":{"line":66,"column":7}},"type":"if","locations":[{"start":{"line":61,"column":6},"end":{"line":66,"column":7}},{"start":{"line":63,"column":13},"end":{"line":66,"column":7}}]},"2":{"loc":{"start":{"line":61,"column":10},"end":{"line":61,"column":60}},"type":"binary-expr","locations":[{"start":{"line":61,"column":10},"end":{"line":61,"column":39}},{"start":{"line":61,"column":43},"end":{"line":61,"column":60}}]},"3":{"loc":{"start":{"line":63,"column":13},"end":{"line":66,"column":7}},"type":"if","locations":[{"start":{"line":63,"column":13},"end":{"line":66,"column":7}}]},"4":{"loc":{"start":{"line":63,"column":17},"end":{"line":63,"column":93}},"type":"binary-expr","locations":[{"start":{"line":63,"column":17},"end":{"line":63,"column":45}},{"start":{"line":63,"column":49},"end":{"line":63,"column":69}},{"start":{"line":63,"column":73},"end":{"line":63,"column":93}}]},"5":{"loc":{"start":{"line":74,"column":18},"end":{"line":74,"column":61}},"type":"cond-expr","locations":[{"start":{"line":74,"column":49},"end":{"line":74,"column":54}},{"start":{"line":74,"column":57},"end":{"line":74,"column":61}}]},"6":{"loc":{"start":{"line":78,"column":8},"end":{"line":81,"column":9}},"type":"if","locations":[{"start":{"line":78,"column":8},"end":{"line":81,"column":9}}]},"7":{"loc":{"start":{"line":78,"column":12},"end":{"line":78,"column":60}},"type":"binary-expr","locations":[{"start":{"line":78,"column":12},"end":{"line":78,"column":34}},{"start":{"line":78,"column":38},"end":{"line":78,"column":60}}]},"8":{"loc":{"start":{"line":82,"column":8},"end":{"line":85,"column":9}},"type":"if","locations":[{"start":{"line":82,"column":8},"end":{"line":85,"column":9}}]},"9":{"loc":{"start":{"line":82,"column":12},"end":{"line":82,"column":51}},"type":"binary-expr","locations":[{"start":{"line":82,"column":12},"end":{"line":82,"column":26}},{"start":{"line":82,"column":30},"end":{"line":82,"column":51}}]},"10":{"loc":{"start":{"line":101,"column":36},"end":{"line":101,"column":54}},"type":"default-arg","locations":[{"start":{"line":101,"column":46},"end":{"line":101,"column":54}}]},"11":{"loc":{"start":{"line":120,"column":20},"end":{"line":120,"column":63}},"type":"cond-expr","locations":[{"start":{"line":120,"column":51},"end":{"line":120,"column":56}},{"start":{"line":120,"column":59},"end":{"line":120,"column":63}}]},"12":{"loc":{"start":{"line":124,"column":10},"end":{"line":127,"column":11}},"type":"if","locations":[{"start":{"line":124,"column":10},"end":{"line":127,"column":11}}]},"13":{"loc":{"start":{"line":124,"column":14},"end":{"line":124,"column":62}},"type":"binary-expr","locations":[{"start":{"line":124,"column":14},"end":{"line":124,"column":36}},{"start":{"line":124,"column":40},"end":{"line":124,"column":62}}]},"14":{"loc":{"start":{"line":128,"column":10},"end":{"line":131,"column":11}},"type":"if","locations":[{"start":{"line":128,"column":10},"end":{"line":131,"column":11}}]},"15":{"loc":{"start":{"line":128,"column":14},"end":{"line":128,"column":53}},"type":"binary-expr","locations":[{"start":{"line":128,"column":14},"end":{"line":128,"column":28}},{"start":{"line":128,"column":32},"end":{"line":128,"column":53}}]},"16":{"loc":{"start":{"line":149,"column":20},"end":{"line":149,"column":63}},"type":"cond-expr","locations":[{"start":{"line":149,"column":51},"end":{"line":149,"column":56}},{"start":{"line":149,"column":59},"end":{"line":149,"column":63}}]},"17":{"loc":{"start":{"line":164,"column":14},"end":{"line":169,"column":15}},"type":"if","locations":[{"start":{"line":164,"column":14},"end":{"line":169,"column":15}},{"start":{"line":166,"column":21},"end":{"line":169,"column":15}}]},"18":{"loc":{"start":{"line":167,"column":29},"end":{"line":167,"column":90}},"type":"binary-expr","locations":[{"start":{"line":167,"column":29},"end":{"line":167,"column":62}},{"start":{"line":167,"column":66},"end":{"line":167,"column":90}}]},"19":{"loc":{"start":{"line":187,"column":2},"end":{"line":189,"column":3}},"type":"if","locations":[{"start":{"line":187,"column":2},"end":{"line":189,"column":3}}]}},"s":{"0":4,"1":4,"2":4,"3":4,"4":4,"5":4,"6":30,"7":30,"8":30,"9":2,"10":1,"11":1,"12":1,"13":1,"14":30,"15":21,"16":21,"17":21,"18":21,"19":21,"20":19,"21":2,"22":2,"23":17,"24":3,"25":3,"26":14,"27":14,"28":14,"29":14,"30":14,"31":14,"32":21,"33":14,"34":30,"35":13,"36":13,"37":3,"38":3,"39":2,"40":5,"41":5,"42":3,"43":1,"44":3,"45":3,"46":3,"47":3,"48":3,"49":3,"50":3,"51":2,"52":0,"53":0,"54":2,"55":1,"56":1,"57":1,"58":1,"59":1,"60":1,"61":1,"62":1,"63":1,"64":1,"65":6,"66":6,"67":6,"68":6,"69":6,"70":6,"71":6,"72":5,"73":5,"74":5,"75":5,"76":5,"77":5,"78":5,"79":0,"80":0,"81":5,"82":2,"83":3,"84":3,"85":5,"86":6,"87":6,"88":6,"89":31,"90":1,"91":30},"f":{"0":30,"1":30,"2":21,"3":21,"4":19,"5":14,"6":14,"7":21,"8":13,"9":3,"10":5,"11":1,"12":3,"13":3,"14":2,"15":1,"16":1,"17":6,"18":6,"19":5,"20":5,"21":5,"22":31},"b":{"0":[2],"1":[1,1],"2":[2,1],"3":[1],"4":[1,1,1],"5":[0,21],"6":[2],"7":[19,18],"8":[3],"9":[17,17],"10":[1],"11":[0,3],"12":[0],"13":[2,2],"14":[1],"15":[2,2],"16":[0,6],"17":[2,3],"18":[3,0],"19":[1]}}
}
