TN:
SF:src\utils\config-manager.ts
FN:30,(anonymous_1)
FN:35,(anonymous_2)
FN:39,(anonymous_3)
FN:47,(anonymous_4)
FN:61,(anonymous_5)
FN:72,(anonymous_6)
FN:74,(anonymous_7)
FN:78,(anonymous_8)
FNF:8
FNH:6
FNDA:18,(anonymous_1)
FNDA:0,(anonymous_2)
FNDA:2,(anonymous_3)
FNDA:7,(anonymous_4)
FNDA:1,(anonymous_5)
FNDA:3,(anonymous_6)
FNDA:2,(anonymous_7)
FNDA:0,(anonymous_8)
DA:1,2
DA:2,2
DA:3,2
DA:4,2
DA:11,2
DA:26,2
DA:31,18
DA:32,18
DA:36,0
DA:40,2
DA:48,7
DA:49,7
DA:50,7
DA:51,1
DA:53,6
DA:54,6
DA:55,5
DA:57,1
DA:62,1
DA:63,0
DA:65,1
DA:73,3
DA:74,3
DA:79,0
DA:80,0
DA:81,0
DA:82,0
DA:84,0
DA:85,0
LF:29
LH:21
BRDA:30,0,0,0
BRDA:40,1,0,2
BRDA:40,1,1,1
BRDA:50,2,0,1
BRDA:54,3,0,5
BRDA:62,4,0,0
BRDA:62,5,0,1
BRDA:62,5,1,1
BRDA:73,6,0,3
BRDA:73,6,1,1
BRDA:74,7,0,2
BRDA:74,7,1,0
BRDA:74,8,0,2
BRDA:74,8,1,1
BRDA:81,9,0,0
BRF:15
BRH:11
end_of_record
TN:
SF:src\utils\installer.ts
FN:19,(anonymous_1)
FN:27,(anonymous_2)
FN:45,(anonymous_3)
FN:81,(anonymous_4)
FN:103,(anonymous_5)
FN:110,sha256
FN:123,parseTarball
FN:134,cleanEmptyDirs
FNF:8
FNH:8
FNDA:8,(anonymous_1)
FNDA:2,(anonymous_2)
FNDA:1,(anonymous_3)
FNDA:5,(anonymous_4)
FNDA:4,(anonymous_5)
FNDA:2,sha256
FNDA:2,parseTarball
FNDA:3,cleanEmptyDirs
DA:1,1
DA:2,1
DA:3,1
DA:5,1
DA:18,1
DA:20,8
DA:21,8
DA:32,2
DA:33,2
DA:34,2
DA:36,2
DA:38,2
DA:42,2
DA:44,2
DA:45,2
DA:46,2
DA:47,1
DA:49,1
DA:53,1
DA:54,1
DA:55,1
DA:58,1
DA:70,1
DA:71,1
DA:72,1
DA:74,1
DA:82,5
DA:83,5
DA:84,5
DA:85,1
DA:88,4
DA:89,4
DA:90,4
DA:91,3
DA:92,3
DA:94,3
DA:98,4
DA:99,4
DA:100,4
DA:104,4
DA:111,2
DA:124,2
DA:125,2
DA:126,0
DA:128,2
DA:135,3
DA:136,0
DA:137,0
DA:138,0
DA:139,0
DA:140,0
LF:51
LH:45
BRDA:21,0,0,0
BRDA:46,1,0,1
BRDA:49,2,0,1
BRDA:49,2,1,0
BRDA:84,3,0,1
BRDA:90,4,0,3
BRDA:125,5,0,0
BRDA:135,6,0,3
BRDA:135,7,0,3
BRDA:135,7,1,0
BRDA:138,8,0,0
BRF:11
BRH:6
end_of_record
