TN:
SF:src\adapters\claude.ts
FN:50,(anonymous_1)
FN:56,(anonymous_2)
FN:61,(anonymous_3)
FNF:3
FNH:3
FNDA:7,(anonymous_1)
FNDA:1,(anonymous_2)
FNDA:1,(anonymous_3)
DA:15,14
DA:16,14
DA:18,14
DA:32,14
DA:33,15
DA:35,15
DA:51,7
DA:52,7
DA:53,7
DA:57,1
DA:58,1
DA:62,1
DA:63,0
LF:13
LH:12
BRDA:53,0,0,6
BRDA:53,0,1,1
BRDA:57,1,0,0
BRDA:62,2,0,1
BRF:4
BRH:3
end_of_record
TN:
SF:src\adapters\cursor.ts
FN:50,(anonymous_1)
FN:56,(anonymous_2)
FN:61,(anonymous_3)
FNF:3
FNH:3
FNDA:4,(anonymous_1)
FNDA:2,(anonymous_2)
FNDA:8,(anonymous_3)
DA:15,14
DA:16,14
DA:18,14
DA:32,14
DA:33,15
DA:35,15
DA:51,4
DA:52,4
DA:53,4
DA:57,2
DA:58,1
DA:62,8
DA:63,1
LF:13
LH:13
BRDA:53,0,0,3
BRDA:53,0,1,1
BRDA:57,1,0,1
BRDA:62,2,0,7
BRF:4
BRH:4
end_of_record
TN:
SF:src\adapters\index.ts
FN:23,(anonymous_0)
FN:24,(anonymous_1)
FN:25,(anonymous_2)
FN:26,(anonymous_3)
FN:27,(anonymous_4)
FN:42,getAdapter
FNF:6
FNH:1
FNDA:0,(anonymous_0)
FNDA:0,(anonymous_1)
FNDA:0,(anonymous_2)
FNDA:0,(anonymous_3)
FNDA:0,(anonymous_4)
FNDA:126,getAdapter
DA:17,14
DA:18,14
DA:19,14
DA:20,14
DA:21,14
DA:23,14
DA:24,14
DA:25,14
DA:26,14
DA:27,14
DA:30,14
DA:42,14
DA:43,126
LF:13
LH:13
BRDA:42,0,0,3
BRF:1
BRH:1
end_of_record
TN:
SF:src\adapters\types.ts
FN:49,resolveFileCategory
FNF:1
FNH:1
FNDA:49,resolveFileCategory
DA:16,14
DA:49,14
DA:50,49
DA:51,49
DA:52,1
DA:54,48
LF:6
LH:6
BRDA:51,0,0,1
BRDA:51,1,0,49
BRDA:51,1,1,48
BRF:3
BRH:3
end_of_record
TN:
SF:src\adapters\universal.ts
FN:45,(anonymous_1)
FN:51,(anonymous_2)
FN:56,(anonymous_3)
FNF:3
FNH:3
FNDA:3,(anonymous_1)
FNDA:2,(anonymous_2)
FNDA:1,(anonymous_3)
DA:15,14
DA:16,14
DA:18,14
DA:27,14
DA:28,15
DA:30,15
DA:46,3
DA:47,3
DA:48,3
DA:52,2
DA:53,1
DA:57,1
LF:12
LH:12
BRDA:48,0,0,2
BRDA:48,0,1,1
BRDA:52,1,0,1
BRF:3
BRH:3
end_of_record
TN:
SF:src\adapters\vscode.ts
FN:50,(anonymous_1)
FN:56,(anonymous_2)
FN:61,(anonymous_3)
FNF:3
FNH:3
FNDA:28,(anonymous_1)
FNDA:7,(anonymous_2)
FNDA:1,(anonymous_3)
DA:15,14
DA:16,14
DA:18,14
DA:32,14
DA:33,15
DA:35,15
DA:51,28
DA:52,28
DA:53,28
DA:57,7
DA:58,1
DA:62,1
DA:63,0
LF:13
LH:12
BRDA:53,0,0,27
BRDA:53,0,1,1
BRDA:57,1,0,6
BRDA:62,2,0,1
BRF:4
BRH:4
end_of_record
TN:
SF:src\adapters\windsurf.ts
FN:50,(anonymous_1)
FN:56,(anonymous_2)
FN:61,(anonymous_3)
FNF:3
FNH:3
FNDA:5,(anonymous_1)
FNDA:2,(anonymous_2)
FNDA:1,(anonymous_3)
DA:15,14
DA:16,14
DA:18,14
DA:32,14
DA:33,15
DA:35,15
DA:51,5
DA:52,5
DA:53,5
DA:57,2
DA:58,1
DA:62,1
DA:63,1
LF:13
LH:13
BRDA:53,0,0,4
BRDA:53,0,1,1
BRDA:57,1,0,1
BRDA:62,2,0,0
BRF:4
BRH:3
end_of_record
TN:
SF:src\bundled\aitools-convert.ts
FNF:0
FNH:0
DA:16,1
DA:61,1
DA:62,1
LF:3
LH:3
BRF:0
BRH:0
end_of_record
TN:
SF:src\bundled\create-ai-tool.ts
FNF:0
FNH:0
DA:18,1
DA:151,1
DA:266,1
LF:3
LH:3
BRF:0
BRH:0
end_of_record
TN:
SF:src\commands\compat.ts
FN:41,parseSkillFrontmatter
FN:63,rewriteSkillFrontmatter
FN:71,(anonymous_3)
FN:99,analyzeCompat
FN:107,(anonymous_5)
FN:135,supportIcon
FN:144,overallIcon
FN:147,(anonymous_8)
FN:148,(anonymous_9)
FN:152,confidenceColor
FN:168,overallLabel
FN:177,(anonymous_12)
FN:178,(anonymous_13)
FN:180,(anonymous_14)
FN:181,(anonymous_15)
FN:187,createCompatCommand
FN:193,(anonymous_17)
FN:224,(anonymous_18)
FN:290,(anonymous_19)
FN:290,(anonymous_20)
FN:304,(anonymous_21)
FN:310,(anonymous_22)
FN:312,(anonymous_23)
FN:330,(anonymous_24)
FN:336,(anonymous_25)
FN:338,(anonymous_26)
FNF:26
FNH:25
FNDA:15,parseSkillFrontmatter
FNDA:7,rewriteSkillFrontmatter
FNDA:10,(anonymous_3)
FNDA:20,analyzeCompat
FNDA:45,(anonymous_5)
FNDA:2,supportIcon
FNDA:18,overallIcon
FNDA:2,(anonymous_8)
FNDA:2,(anonymous_9)
FNDA:12,confidenceColor
FNDA:18,overallLabel
FNDA:2,(anonymous_12)
FNDA:2,(anonymous_13)
FNDA:2,(anonymous_14)
FNDA:0,(anonymous_15)
FNDA:9,createCompatCommand
FNDA:9,(anonymous_17)
FNDA:5,(anonymous_18)
FNDA:18,(anonymous_19)
FNDA:2,(anonymous_20)
FNDA:2,(anonymous_21)
FNDA:3,(anonymous_22)
FNDA:2,(anonymous_23)
FNDA:2,(anonymous_24)
FNDA:3,(anonymous_25)
FNDA:2,(anonymous_26)
DA:15,2
DA:16,2
DA:17,2
DA:18,2
DA:19,2
DA:27,2
DA:30,2
DA:41,2
DA:42,15
DA:43,15
DA:44,14
DA:45,14
DA:46,25
DA:47,23
DA:48,23
DA:49,23
DA:50,23
DA:51,23
DA:52,21
DA:53,20
DA:54,18
DA:56,14
DA:63,2
DA:64,7
DA:65,7
DA:66,7
DA:67,6
DA:68,6
DA:69,6
DA:72,10
DA:73,10
DA:74,10
DA:75,10
DA:76,10
DA:79,6
DA:99,2
DA:105,20
DA:107,20
DA:108,45
DA:109,45
DA:111,45
DA:114,45
DA:115,45
DA:116,35
DA:117,44
DA:118,44
DA:119,3
DA:120,41
DA:121,10
DA:126,45
DA:127,45
DA:129,45
DA:136,2
DA:137,0
DA:138,2
DA:139,0
DA:140,0
DA:145,18
DA:146,18
DA:147,18
DA:148,18
DA:149,16
DA:153,12
DA:156,4
DA:158,4
DA:160,4
DA:162,0
DA:164,0
DA:169,18
DA:170,18
DA:171,18
DA:172,16
DA:173,16
DA:174,4
DA:176,2
DA:177,2
DA:178,2
DA:179,2
DA:180,2
DA:181,2
DA:182,2
DA:187,2
DA:188,9
DA:194,9
DA:195,9
DA:199,9
DA:200,1
DA:201,1
DA:205,8
DA:206,8
DA:208,1
DA:209,1
DA:212,7
DA:213,7
DA:214,0
DA:215,0
DA:218,7
DA:219,7
DA:222,7
DA:223,7
DA:224,5
DA:225,5
DA:226,5
DA:227,5
DA:228,4
DA:229,4
DA:234,7
DA:239,7
DA:240,19
DA:241,1
DA:242,1
DA:243,1
DA:247,6
DA:250,6
DA:251,6
DA:252,6
DA:253,3
DA:256,6
DA:257,4
DA:260,6
DA:262,6
DA:263,18
DA:264,18
DA:265,18
DA:266,18
DA:268,18
DA:269,8
DA:274,18
DA:275,2
DA:276,2
DA:277,2
DA:280,18
DA:281,0
DA:287,6
DA:289,6
DA:290,18
DA:293,6
DA:294,4
DA:296,2
DA:303,6
DA:304,2
DA:305,2
DA:306,2
DA:307,2
DA:308,2
DA:309,2
DA:310,3
DA:311,3
DA:312,2
DA:314,3
DA:316,2
DA:317,1
DA:318,1
DA:319,1
DA:320,1
DA:322,1
DA:329,6
DA:330,2
DA:331,2
DA:332,2
DA:333,2
DA:334,2
DA:335,2
DA:336,3
DA:337,3
DA:338,2
DA:340,3
DA:342,2
DA:343,1
DA:344,1
DA:345,1
DA:346,1
DA:348,1
LF:173
LH:165
BRDA:43,0,0,1
BRDA:46,1,0,2
BRDA:48,2,0,0
BRDA:51,3,0,2
BRDA:51,3,1,21
BRDA:52,4,0,1
BRDA:52,4,1,20
BRDA:53,5,0,2
BRDA:53,5,1,18
BRDA:53,6,0,20
BRDA:53,6,1,18
BRDA:66,7,0,1
BRDA:72,8,0,0
BRDA:74,9,0,0
BRDA:111,10,0,45
BRDA:111,10,1,0
BRDA:115,11,0,35
BRDA:115,12,0,45
BRDA:115,12,1,45
BRDA:115,12,2,10
BRDA:118,13,0,3
BRDA:118,13,1,41
BRDA:120,14,0,10
BRDA:126,15,0,45
BRDA:126,15,1,31
BRDA:136,16,0,0
BRDA:136,16,1,2
BRDA:136,16,2,0
BRDA:136,16,3,0
BRDA:145,17,0,0
BRDA:146,18,0,0
BRDA:147,19,0,0
BRDA:148,20,0,2
BRDA:148,21,0,2
BRDA:148,21,1,0
BRDA:153,22,0,0
BRDA:153,22,1,4
BRDA:153,22,2,4
BRDA:153,22,3,4
BRDA:153,22,4,0
BRDA:153,22,5,0
BRDA:169,23,0,0
BRDA:170,24,0,0
BRDA:171,25,0,16
BRDA:171,26,0,18
BRDA:171,26,1,16
BRDA:173,27,0,12
BRDA:173,28,0,16
BRDA:173,28,1,8
BRDA:176,29,0,0
BRDA:180,30,0,2
BRDA:181,31,0,0
BRDA:195,32,0,0
BRDA:195,32,1,9
BRDA:199,33,0,1
BRDA:213,34,0,0
BRDA:223,35,0,5
BRDA:225,36,0,5
BRDA:227,37,0,4
BRDA:229,38,0,4
BRDA:229,38,1,0
BRDA:234,39,0,4
BRDA:234,39,1,3
BRDA:240,40,0,1
BRDA:252,41,0,3
BRDA:256,42,0,4
BRDA:256,43,0,6
BRDA:256,43,1,4
BRDA:268,44,0,8
BRDA:268,45,0,18
BRDA:268,45,1,18
BRDA:268,45,2,11
BRDA:276,46,0,2
BRDA:276,46,1,0
BRDA:280,47,0,0
BRDA:290,48,0,18
BRDA:290,48,1,18
BRDA:293,49,0,4
BRDA:293,49,1,2
BRDA:303,50,0,2
BRDA:303,51,0,6
BRDA:303,51,1,2
BRDA:305,52,0,2
BRDA:307,53,0,2
BRDA:311,54,0,3
BRDA:311,54,1,3
BRDA:312,55,0,2
BRDA:312,55,1,1
BRDA:312,55,2,1
BRDA:314,56,0,1
BRDA:316,57,0,1
BRDA:316,57,1,1
BRDA:329,58,0,2
BRDA:329,59,0,6
BRDA:329,59,1,2
BRDA:331,60,0,2
BRDA:333,61,0,2
BRDA:337,62,0,3
BRDA:337,62,1,3
BRDA:338,63,0,2
BRDA:338,63,1,1
BRDA:338,63,2,1
BRDA:340,64,0,1
BRDA:342,65,0,1
BRDA:342,65,1,1
BRF:105
BRH:82
end_of_record
TN:
SF:src\commands\config.ts
FN:36,isInstallPathsKey
FN:40,parseKey
FN:80,createConfigCommand
FN:89,(anonymous_4)
FN:127,(anonymous_5)
FN:159,(anonymous_6)
FN:203,(anonymous_7)
FN:243,(anonymous_8)
FN:284,resolveEditor
FN:308,printConfig
FN:326,printKeyHelp
FNF:11
FNH:11
FNDA:6,isInstallPathsKey
FNDA:13,parseKey
FNDA:21,createConfigCommand
FNDA:4,(anonymous_4)
FNDA:3,(anonymous_5)
FNDA:6,(anonymous_6)
FNDA:4,(anonymous_7)
FNDA:4,(anonymous_8)
FNDA:4,resolveEditor
FNDA:5,printConfig
FNDA:3,printKeyHelp
DA:15,1
DA:16,1
DA:17,1
DA:18,1
DA:19,1
DA:20,1
DA:21,1
DA:23,1
DA:25,1
DA:28,1
DA:31,1
DA:37,6
DA:41,13
DA:42,7
DA:44,6
DA:45,3
DA:46,3
DA:47,3
DA:49,3
DA:53,1
DA:80,1
DA:81,21
DA:84,21
DA:90,4
DA:91,2
DA:92,2
DA:93,2
DA:94,1
DA:95,1
DA:97,1
DA:98,1
DA:99,1
DA:102,2
DA:103,2
DA:104,2
DA:106,2
DA:107,16
DA:108,16
DA:109,4
DA:110,4
DA:111,4
DA:112,4
DA:115,2
DA:116,0
DA:117,0
DA:122,21
DA:128,3
DA:129,3
DA:130,3
DA:132,3
DA:133,1
DA:134,1
DA:135,1
DA:139,2
DA:140,1
DA:142,1
DA:145,2
DA:146,1
DA:148,1
DA:153,21
DA:160,6
DA:162,6
DA:163,1
DA:164,1
DA:165,1
DA:169,5
DA:170,4
DA:171,4
DA:172,1
DA:173,1
DA:174,1
DA:178,4
DA:179,4
DA:182,4
DA:183,3
DA:185,1
DA:186,1
DA:189,4
DA:190,1
DA:191,1
DA:193,3
DA:194,3
DA:199,21
DA:204,4
DA:206,4
DA:207,1
DA:208,1
DA:209,1
DA:212,3
DA:216,3
DA:217,1
DA:218,1
DA:221,2
DA:223,2
DA:224,1
DA:226,1
DA:227,1
DA:228,1
DA:229,1
DA:233,2
DA:234,2
DA:239,21
DA:244,4
DA:249,4
DA:250,1
DA:251,1
DA:254,4
DA:255,4
DA:256,0
DA:257,0
DA:262,0
DA:265,4
DA:266,4
DA:267,4
DA:268,1
DA:269,1
DA:272,21
DA:286,4
DA:287,6
DA:288,6
DA:289,3
DA:290,3
DA:291,3
DA:292,3
DA:297,1
DA:298,1
DA:299,1
DA:303,0
DA:304,0
DA:305,0
DA:306,0
DA:309,5
DA:310,7
DA:311,1
DA:312,1
DA:313,1
DA:315,6
DA:316,1
DA:317,1
DA:318,1
DA:321,5
DA:327,3
DA:328,3
DA:329,6
DA:330,6
DA:332,3
LF:146
LH:137
BRDA:41,0,0,7
BRDA:44,1,0,3
BRDA:46,2,0,0
BRDA:90,3,0,2
BRDA:93,4,0,1
BRDA:108,5,0,12
BRDA:110,6,0,0
BRDA:110,6,1,4
BRDA:115,7,0,0
BRDA:132,8,0,1
BRDA:139,9,0,1
BRDA:139,9,1,1
BRDA:145,10,0,1
BRDA:145,10,1,1
BRDA:162,11,0,1
BRDA:169,12,0,4
BRDA:171,13,0,1
BRDA:171,14,0,4
BRDA:171,14,1,4
BRDA:182,15,0,3
BRDA:182,15,1,1
BRDA:185,16,0,1
BRDA:185,16,1,1
BRDA:189,17,0,1
BRDA:189,17,1,3
BRDA:206,18,0,1
BRDA:212,19,0,0
BRDA:212,19,1,3
BRDA:216,20,0,1
BRDA:223,21,0,1
BRDA:223,21,1,1
BRDA:227,22,0,1
BRDA:229,23,0,1
BRDA:234,24,0,0
BRDA:234,24,1,2
BRDA:244,25,0,0
BRDA:244,25,1,4
BRDA:249,26,0,1
BRDA:255,27,0,0
BRDA:267,28,0,1
BRDA:288,29,0,3
BRDA:292,30,0,3
BRDA:298,31,0,1
BRDA:304,32,0,0
BRDA:305,33,0,0
BRDA:310,34,0,1
BRDA:310,34,1,6
BRDA:313,35,0,1
BRDA:313,35,1,0
BRDA:315,36,0,1
BRDA:315,36,1,5
BRDA:330,37,0,6
BRDA:330,37,1,0
BRF:53
BRH:42
end_of_record
TN:
SF:src\commands\dev-init.ts
FN:54,createDevInitCommand
FN:59,(anonymous_2)
FNF:2
FNH:2
FNDA:4,createDevInitCommand
FNDA:4,(anonymous_2)
DA:15,1
DA:16,1
DA:17,1
DA:18,1
DA:19,1
DA:27,1
DA:28,1
DA:34,1
DA:35,1
DA:36,1
DA:54,1
DA:55,4
DA:60,4
DA:61,4
DA:62,4
DA:64,4
DA:65,1
DA:66,1
DA:70,3
DA:71,3
DA:72,1
DA:76,1
DA:80,2
DA:81,2
DA:84,2
DA:85,2
DA:86,6
DA:87,6
DA:88,6
DA:89,6
DA:93,2
DA:100,2
DA:101,2
DA:104,2
DA:105,2
DA:111,2
DA:113,2
DA:114,2
DA:115,6
DA:118,2
DA:119,0
LF:41
LH:40
BRDA:62,0,0,4
BRDA:62,0,1,3
BRDA:64,1,0,1
BRDA:64,2,0,4
BRDA:64,2,1,1
BRDA:71,3,0,1
BRDA:71,4,0,3
BRDA:71,4,1,1
BRDA:104,5,0,2
BRDA:104,5,1,2
BRDA:118,6,0,0
BRF:11
BRH:10
end_of_record
TN:
SF:src\commands\init.ts
FN:34,convertSkillDest
FN:45,installConvertSkill
FN:76,createInitCommand
FN:81,(anonymous_4)
FNF:4
FNH:4
FNDA:1,convertSkillDest
FNDA:1,installConvertSkill
FNDA:4,createInitCommand
FNDA:4,(anonymous_4)
DA:15,1
DA:17,1
DA:18,1
DA:19,1
DA:20,1
DA:26,1
DA:27,1
DA:35,1
DA:37,1
DA:39,0
DA:41,0
DA:46,1
DA:47,1
DA:48,1
DA:49,1
DA:50,1
DA:52,1
DA:53,1
DA:54,1
DA:68,1
DA:76,1
DA:77,4
DA:82,4
DA:83,4
DA:85,4
DA:86,1
DA:88,3
DA:89,3
DA:94,3
DA:95,3
DA:98,4
DA:99,1
DA:100,1
DA:101,1
DA:104,4
DA:105,4
LF:36
LH:34
BRDA:35,0,0,1
BRDA:35,0,1,0
BRDA:35,0,2,0
BRDA:85,1,0,1
BRDA:85,1,1,3
BRDA:85,2,0,4
BRDA:85,2,1,1
BRDA:98,3,0,1
BRF:8
BRH:6
end_of_record
TN:
SF:src\commands\install.ts
FN:41,createInstallCommand
FN:49,(anonymous_2)
FN:63,installSingle
FN:136,installAll
FN:201,parsePackageArg
FNF:5
FNH:5
FNDA:12,createInstallCommand
FNDA:12,(anonymous_2)
FNDA:7,installSingle
FNDA:5,installAll
FNDA:14,parsePackageArg
DA:15,1
DA:16,1
DA:17,1
DA:18,1
DA:19,1
DA:25,1
DA:26,1
DA:27,1
DA:41,1
DA:42,12
DA:50,12
DA:51,12
DA:52,12
DA:53,12
DA:55,12
DA:56,7
DA:58,5
DA:71,7
DA:72,7
DA:74,7
DA:75,1
DA:76,1
DA:79,6
DA:81,6
DA:82,6
DA:84,6
DA:85,6
DA:86,6
DA:87,6
DA:88,5
DA:89,5
DA:95,6
DA:96,1
DA:97,1
DA:100,5
DA:103,5
DA:104,5
DA:105,4
DA:108,4
DA:109,4
DA:112,1
DA:113,1
DA:116,4
DA:117,1
DA:121,3
DA:122,1
DA:129,4
DA:130,4
DA:131,4
DA:132,4
DA:133,4
DA:142,5
DA:143,5
DA:144,1
DA:145,1
DA:148,4
DA:153,4
DA:154,4
DA:155,1
DA:156,1
DA:159,3
DA:160,3
DA:161,3
DA:163,3
DA:164,3
DA:165,3
DA:168,3
DA:169,1
DA:170,1
DA:173,2
DA:174,2
DA:176,2
DA:177,2
DA:178,2
DA:179,2
DA:180,1
DA:181,1
DA:182,1
DA:183,1
DA:184,1
DA:185,1
DA:186,1
DA:192,2
DA:193,1
DA:197,3
DA:201,1
DA:202,14
DA:203,14
DA:204,4
DA:206,10
LF:90
LH:90
BRDA:53,0,0,12
BRDA:53,0,1,0
BRDA:55,1,0,7
BRDA:55,1,1,5
BRDA:74,2,0,1
BRDA:87,3,0,6
BRDA:87,3,1,6
BRDA:95,4,0,1
BRDA:95,5,0,6
BRDA:95,5,1,5
BRDA:116,6,0,1
BRDA:116,6,1,3
BRDA:121,7,0,1
BRDA:129,8,0,4
BRDA:129,8,1,4
BRDA:131,9,0,4
BRDA:131,9,1,3
BRDA:143,10,0,1
BRDA:149,11,0,4
BRDA:149,11,1,0
BRDA:150,12,0,4
BRDA:150,12,1,4
BRDA:154,13,0,1
BRDA:164,14,0,3
BRDA:164,14,1,0
BRDA:168,15,0,1
BRDA:168,16,0,3
BRDA:168,16,1,1
BRDA:180,17,0,1
BRDA:180,17,1,0
BRDA:192,18,0,1
BRDA:203,19,0,4
BRDA:204,20,0,4
BRDA:204,20,1,3
BRF:34
BRH:30
end_of_record
TN:
SF:src\commands\list.ts
FN:25,createListCommand
FN:30,(anonymous_2)
FNF:2
FNH:2
FNDA:3,createListCommand
FNDA:3,(anonymous_2)
DA:15,1
DA:16,1
DA:17,1
DA:18,1
DA:25,1
DA:26,3
DA:31,3
DA:32,3
DA:33,3
DA:34,3
DA:36,3
DA:38,3
DA:39,1
DA:40,1
DA:43,2
DA:44,1
DA:45,1
DA:48,1
DA:50,1
DA:51,1
DA:52,1
DA:53,1
DA:56,1
LF:23
LH:23
BRDA:38,0,0,1
BRDA:43,1,0,1
BRF:2
BRH:2
end_of_record
TN:
SF:src\commands\manifest.ts
FN:73,detectFiles
FN:109,detectSkillFolders
FN:115,scan
FN:124,(anonymous_4)
FN:162,parseFileEntry
FN:183,writeAndPrintManifest
FN:229,createManifestInitCommand
FN:243,(anonymous_8)
FN:248,(anonymous_9)
FN:270,initNonInteractive
FN:285,(anonymous_11)
FN:301,(anonymous_12)
FN:304,(anonymous_13)
FN:309,initInteractive
FN:318,(anonymous_15)
FN:386,(anonymous_16)
FN:389,(anonymous_17)
FN:400,createManifestValidateCommand
FN:403,(anonymous_19)
FN:467,createManifestBumpCommand
FN:471,(anonymous_21)
FN:541,createManifestUpdateCommand
FN:556,(anonymous_23)
FN:582,updateNonInteractive
FN:601,(anonymous_25)
FN:606,(anonymous_26)
FN:611,(anonymous_27)
FN:620,updateInteractive
FN:627,(anonymous_29)
FN:677,(anonymous_30)
FN:680,(anonymous_31)
FN:683,(anonymous_32)
FN:696,createManifestCommand
FNF:33
FNH:30
FNDA:6,detectFiles
FNDA:2,detectSkillFolders
FNDA:5,scan
FNDA:6,(anonymous_4)
FNDA:1,parseFileEntry
FNDA:14,writeAndPrintManifest
FNDA:29,createManifestInitCommand
FNDA:1,(anonymous_8)
FNDA:7,(anonymous_9)
FNDA:4,initNonInteractive
FNDA:1,(anonymous_11)
FNDA:2,(anonymous_12)
FNDA:0,(anonymous_13)
FNDA:2,initInteractive
FNDA:16,(anonymous_15)
FNDA:0,(anonymous_16)
FNDA:0,(anonymous_17)
FNDA:29,createManifestValidateCommand
FNDA:5,(anonymous_19)
FNDA:29,createManifestBumpCommand
FNDA:8,(anonymous_21)
FNDA:29,createManifestUpdateCommand
FNDA:9,(anonymous_23)
FNDA:6,updateNonInteractive
FNDA:4,(anonymous_25)
FNDA:2,(anonymous_26)
FNDA:3,(anonymous_27)
FNDA:2,updateInteractive
FNDA:18,(anonymous_29)
FNDA:2,(anonymous_30)
FNDA:2,(anonymous_31)
FNDA:3,(anonymous_32)
FNDA:29,createManifestCommand
DA:15,1
DA:16,1
DA:17,1
DA:18,1
DA:19,1
DA:20,1
DA:21,1
DA:22,1
DA:24,1
DA:28,1
DA:39,1
DA:56,1
DA:74,6
DA:76,6
DA:77,6
DA:79,0
DA:81,6
DA:82,4
DA:84,4
DA:85,4
DA:87,0
DA:89,4
DA:90,0
DA:91,0
DA:93,4
DA:98,4
DA:101,6
DA:113,2
DA:117,5
DA:118,5
DA:120,0
DA:124,5
DA:125,6
DA:126,6
DA:132,0
DA:136,5
DA:138,3
DA:139,3
DA:140,3
DA:142,3
DA:146,2
DA:147,3
DA:148,3
DA:149,3
DA:150,3
DA:158,2
DA:159,2
DA:163,1
DA:164,1
DA:165,1
DA:184,14
DA:185,14
DA:186,0
DA:187,0
DA:188,0
DA:189,0
DA:191,0
DA:192,0
DA:195,14
DA:196,14
DA:197,14
DA:198,14
DA:199,14
DA:200,14
DA:201,14
DA:202,14
DA:204,14
DA:205,2
DA:207,14
DA:208,1
DA:210,14
DA:230,29
DA:243,1
DA:249,7
DA:250,7
DA:252,7
DA:253,1
DA:257,1
DA:260,6
DA:262,6
DA:263,4
DA:265,2
DA:276,4
DA:277,4
DA:280,4
DA:281,1
DA:283,3
DA:284,3
DA:285,1
DA:287,2
DA:288,2
DA:292,4
DA:301,2
DA:304,0
DA:315,2
DA:318,2
DA:319,16
DA:320,16
DA:321,16
DA:324,2
DA:325,2
DA:327,2
DA:328,2
DA:329,2
DA:330,2
DA:331,2
DA:335,2
DA:336,2
DA:337,2
DA:338,2
DA:339,2
DA:344,2
DA:345,0
DA:347,2
DA:348,2
DA:350,2
DA:351,2
DA:352,2
DA:353,2
DA:354,3
DA:355,3
DA:356,1
DA:357,1
DA:361,2
DA:362,1
DA:364,1
DA:365,1
DA:366,1
DA:369,0
DA:370,0
DA:371,0
DA:375,2
DA:377,2
DA:386,0
DA:389,0
DA:393,0
DA:394,0
DA:401,29
DA:404,5
DA:405,5
DA:407,5
DA:408,1
DA:409,1
DA:410,1
DA:414,4
DA:415,4
DA:417,1
DA:418,1
DA:421,3
DA:423,3
DA:425,3
DA:426,1
DA:427,1
DA:428,4
DA:429,4
DA:431,1
DA:434,2
DA:435,2
DA:436,2
DA:437,2
DA:440,2
DA:441,2
DA:442,2
DA:443,2
DA:444,2
DA:445,1
DA:447,1
DA:448,1
DA:452,2
DA:453,1
DA:456,1
DA:459,1
DA:468,29
DA:472,8
DA:473,8
DA:475,8
DA:476,1
DA:477,1
DA:478,1
DA:482,7
DA:483,7
DA:485,0
DA:486,0
DA:489,7
DA:490,7
DA:491,1
DA:492,1
DA:496,6
DA:497,6
DA:498,3
DA:499,3
DA:500,2
DA:501,1
DA:504,1
DA:506,1
DA:508,1
DA:512,1
DA:515,4
DA:516,0
DA:517,0
DA:520,4
DA:521,4
DA:522,4
DA:542,29
DA:557,9
DA:558,9
DA:560,9
DA:561,1
DA:562,1
DA:563,1
DA:567,8
DA:568,8
DA:570,0
DA:571,0
DA:574,8
DA:575,6
DA:577,2
DA:587,6
DA:589,6
DA:590,6
DA:591,6
DA:592,6
DA:593,0
DA:594,0
DA:596,6
DA:597,0
DA:598,0
DA:600,6
DA:601,4
DA:602,2
DA:603,1
DA:605,6
DA:606,2
DA:607,1
DA:608,0
DA:610,6
DA:611,3
DA:612,2
DA:613,1
DA:616,6
DA:617,6
DA:625,2
DA:627,2
DA:628,18
DA:629,18
DA:630,18
DA:631,17
DA:634,2
DA:635,2
DA:637,2
DA:638,2
DA:641,2
DA:644,2
DA:648,2
DA:649,2
DA:650,2
DA:651,2
DA:655,2
DA:656,2
DA:657,2
DA:658,2
DA:659,2
DA:664,2
DA:666,2
DA:674,2
DA:675,2
DA:677,2
DA:678,2
DA:680,2
DA:681,2
DA:683,3
DA:684,2
DA:686,2
DA:687,2
DA:689,0
DA:690,0
DA:696,1
DA:697,29
DA:700,29
DA:701,29
DA:702,29
DA:703,29
DA:704,29
LF:283
LH:249
BRDA:73,0,0,3
BRDA:89,1,0,0
BRDA:89,1,1,4
BRDA:90,2,0,0
BRDA:93,3,0,4
BRDA:94,4,0,4
BRDA:94,4,1,4
BRDA:94,4,2,4
BRDA:127,5,0,6
BRDA:127,5,1,3
BRDA:127,5,2,3
BRDA:136,6,0,3
BRDA:136,7,0,5
BRDA:136,7,1,3
BRDA:139,8,0,3
BRDA:149,9,0,3
BRDA:149,10,0,3
BRDA:149,10,1,3
BRDA:164,11,0,0
BRDA:185,12,0,0
BRDA:188,13,0,0
BRDA:188,13,1,0
BRDA:204,14,0,2
BRDA:207,15,0,1
BRDA:252,16,0,1
BRDA:252,17,0,7
BRDA:252,17,1,1
BRDA:262,18,0,4
BRDA:262,18,1,2
BRDA:276,19,0,4
BRDA:276,19,1,2
BRDA:277,20,0,4
BRDA:277,20,1,0
BRDA:280,21,0,1
BRDA:280,21,1,3
BRDA:280,22,0,4
BRDA:280,22,1,4
BRDA:283,23,0,3
BRDA:283,23,1,0
BRDA:284,24,0,1
BRDA:284,24,1,2
BRDA:294,25,0,4
BRDA:294,25,1,4
BRDA:295,26,0,4
BRDA:295,26,1,4
BRDA:298,27,0,1
BRDA:298,27,1,3
BRDA:299,28,0,0
BRDA:299,28,1,4
BRDA:300,29,0,1
BRDA:300,29,1,3
BRDA:303,30,0,0
BRDA:303,30,1,4
BRDA:319,31,0,16
BRDA:319,31,1,0
BRDA:319,32,0,16
BRDA:319,32,1,10
BRDA:321,33,0,16
BRDA:321,33,1,15
BRDA:321,33,2,10
BRDA:328,34,0,2
BRDA:328,34,1,2
BRDA:329,35,0,2
BRDA:329,35,1,2
BRDA:330,36,0,2
BRDA:330,36,1,2
BRDA:333,37,0,2
BRDA:333,37,1,2
BRDA:335,38,0,2
BRDA:335,38,1,0
BRDA:336,39,0,2
BRDA:336,39,1,2
BRDA:337,40,0,2
BRDA:337,40,1,2
BRDA:338,41,0,2
BRDA:338,41,1,2
BRDA:339,42,0,2
BRDA:339,42,1,2
BRDA:344,43,0,0
BRDA:344,43,1,2
BRDA:344,44,0,2
BRDA:344,44,1,2
BRDA:347,45,0,2
BRDA:347,45,1,0
BRDA:350,46,0,2
BRDA:350,46,1,0
BRDA:355,47,0,1
BRDA:355,48,0,3
BRDA:355,48,1,3
BRDA:361,49,0,1
BRDA:361,49,1,1
BRDA:380,50,0,2
BRDA:380,50,1,2
BRDA:383,51,0,0
BRDA:383,51,1,2
BRDA:384,52,0,0
BRDA:384,52,1,2
BRDA:385,53,0,0
BRDA:385,53,1,2
BRDA:388,54,0,0
BRDA:388,54,1,2
BRDA:407,55,0,1
BRDA:425,56,0,1
BRDA:428,57,0,4
BRDA:428,57,1,0
BRDA:444,58,0,1
BRDA:444,58,1,1
BRDA:452,59,0,1
BRDA:475,60,0,1
BRDA:489,61,0,7
BRDA:489,61,1,0
BRDA:490,62,0,1
BRDA:497,63,0,3
BRDA:497,63,1,3
BRDA:499,64,0,2
BRDA:499,64,1,1
BRDA:500,65,0,1
BRDA:515,66,0,0
BRDA:560,67,0,1
BRDA:574,68,0,6
BRDA:574,68,1,2
BRDA:589,69,0,0
BRDA:590,70,0,1
BRDA:591,71,0,0
BRDA:592,72,0,0
BRDA:593,73,0,0
BRDA:593,73,1,0
BRDA:596,74,0,0
BRDA:597,75,0,0
BRDA:597,75,1,0
BRDA:600,76,0,2
BRDA:602,77,0,1
BRDA:602,77,1,1
BRDA:605,78,0,1
BRDA:607,79,0,1
BRDA:607,79,1,0
BRDA:610,80,0,2
BRDA:612,81,0,1
BRDA:612,81,1,1
BRDA:628,82,0,18
BRDA:628,82,1,0
BRDA:628,83,0,18
BRDA:628,83,1,7
BRDA:630,84,0,1
BRDA:631,85,0,17
BRDA:631,85,1,15
BRDA:631,85,2,7
BRDA:638,86,0,0
BRDA:638,86,1,2
BRDA:641,87,0,0
BRDA:641,87,1,2
BRDA:644,88,0,2
BRDA:644,88,1,0
BRDA:648,89,0,2
BRDA:648,89,1,2
BRDA:648,90,0,2
BRDA:648,90,1,0
BRDA:649,91,0,2
BRDA:649,91,1,0
BRDA:650,92,0,2
BRDA:650,92,1,2
BRDA:650,93,0,2
BRDA:650,93,1,0
BRDA:653,94,0,2
BRDA:653,94,1,2
BRDA:653,95,0,2
BRDA:653,95,1,0
BRDA:655,96,0,2
BRDA:655,96,1,2
BRDA:655,97,0,2
BRDA:655,97,1,1
BRDA:656,98,0,2
BRDA:656,98,1,2
BRDA:656,99,0,2
BRDA:656,99,1,2
BRDA:657,100,0,2
BRDA:657,100,1,2
BRDA:658,101,0,2
BRDA:658,101,1,2
BRDA:661,102,0,2
BRDA:661,102,1,2
BRDA:670,103,0,2
BRDA:670,103,1,0
BRDA:670,104,0,0
BRDA:670,104,1,0
BRDA:671,105,0,2
BRDA:671,105,1,0
BRDA:674,106,0,1
BRDA:674,106,1,1
BRDA:675,107,0,0
BRDA:675,107,1,2
BRDA:678,108,0,0
BRDA:678,108,1,2
BRDA:681,109,0,0
BRDA:681,109,1,2
BRDA:684,110,0,1
BRDA:684,110,1,1
BRF:197
BRH:151
end_of_record
TN:
SF:src\commands\mcp.ts
FN:50,detectMcpTargets
FN:79,writeMcpEntry
FN:95,removeMcpEntry
FN:111,runMcpServer
FN:122,(anonymous_5)
FN:193,(anonymous_6)
FN:214,handleMcpToolCall
FN:236,(anonymous_8)
FN:265,(anonymous_9)
FN:274,(anonymous_10)
FN:285,(anonymous_11)
FN:304,toolJson
FN:310,toolError
FN:317,createMcpCommand
FN:325,(anonymous_15)
FN:343,(anonymous_16)
FN:358,(anonymous_17)
FNF:17
FNH:13
FNDA:8,detectMcpTargets
FNDA:4,writeMcpEntry
FNDA:4,removeMcpEntry
FNDA:0,runMcpServer
FNDA:0,(anonymous_5)
FNDA:0,(anonymous_6)
FNDA:9,handleMcpToolCall
FNDA:1,(anonymous_8)
FNDA:4,(anonymous_9)
FNDA:1,(anonymous_10)
FNDA:1,(anonymous_11)
FNDA:6,toolJson
FNDA:3,toolError
FNDA:4,createMcpCommand
FNDA:2,(anonymous_15)
FNDA:2,(anonymous_16)
FNDA:0,(anonymous_17)
DA:15,1
DA:16,1
DA:17,1
DA:18,1
DA:19,1
DA:20,1
DA:21,1
DA:22,1
DA:26,1
DA:28,1
DA:29,1
DA:30,1
DA:31,1
DA:33,1
DA:34,1
DA:50,1
DA:51,8
DA:52,8
DA:61,8
DA:62,7
DA:63,3
DA:65,7
DA:66,1
DA:68,7
DA:69,1
DA:71,7
DA:72,1
DA:76,8
DA:79,1
DA:80,4
DA:81,4
DA:82,4
DA:83,1
DA:84,1
DA:86,1
DA:89,3
DA:90,3
DA:91,3
DA:92,3
DA:95,1
DA:96,4
DA:98,3
DA:99,3
DA:101,1
DA:103,2
DA:104,2
DA:105,2
DA:106,2
DA:107,2
DA:108,2
DA:112,0
DA:113,0
DA:114,0
DA:115,0
DA:117,0
DA:122,0
DA:193,0
DA:194,0
DA:195,0
DA:198,0
DA:199,0
DA:214,1
DA:219,9
DA:220,9
DA:221,9
DA:223,1
DA:224,1
DA:225,1
DA:226,1
DA:227,1
DA:228,0
DA:230,1
DA:231,1
DA:232,1
DA:233,1
DA:236,1
DA:246,2
DA:247,2
DA:248,2
DA:249,1
DA:251,1
DA:252,1
DA:253,1
DA:256,2
DA:257,2
DA:258,2
DA:259,2
DA:260,1
DA:262,1
DA:263,1
DA:264,1
DA:265,4
DA:270,1
DA:273,1
DA:274,1
DA:280,1
DA:283,1
DA:284,1
DA:285,1
DA:288,1
DA:289,1
DA:290,1
DA:291,1
DA:292,1
DA:293,1
DA:294,1
DA:297,1
DA:300,0
DA:305,6
DA:311,3
DA:317,1
DA:318,4
DA:321,4
DA:326,2
DA:327,2
DA:328,2
DA:329,1
DA:330,1
DA:331,1
DA:333,1
DA:334,1
DA:335,1
DA:339,4
DA:344,2
DA:345,2
DA:346,2
DA:347,2
DA:348,1
DA:349,1
DA:350,1
DA:353,2
DA:354,1
DA:358,4
DA:359,0
DA:362,4
LF:135
LH:121
BRDA:52,0,0,1
BRDA:52,0,1,7
BRDA:61,1,0,7
BRDA:62,2,0,3
BRDA:65,3,0,1
BRDA:68,4,0,1
BRDA:68,5,0,7
BRDA:68,5,1,7
BRDA:71,6,0,1
BRDA:82,7,0,1
BRDA:89,8,0,3
BRDA:89,8,1,3
BRDA:96,9,0,1
BRDA:104,10,0,0
BRDA:104,11,0,2
BRDA:104,11,1,2
BRDA:221,12,0,1
BRDA:221,12,1,2
BRDA:221,12,2,2
BRDA:221,12,3,1
BRDA:221,12,4,1
BRDA:221,12,5,1
BRDA:221,12,6,1
BRDA:223,13,0,1
BRDA:223,13,1,0
BRDA:225,14,0,1
BRDA:225,14,1,1
BRDA:227,15,0,0
BRDA:231,16,0,1
BRDA:231,16,1,1
BRDA:238,17,0,1
BRDA:238,17,1,1
BRDA:246,18,0,2
BRDA:246,18,1,0
BRDA:248,19,0,1
BRDA:256,20,0,2
BRDA:256,20,1,0
BRDA:259,21,0,1
BRDA:263,22,0,1
BRDA:263,22,1,0
BRDA:283,23,0,1
BRDA:283,23,1,0
BRDA:288,24,0,1
BRDA:288,24,1,0
BRDA:289,25,0,1
BRDA:289,25,1,0
BRDA:328,26,0,1
BRDA:348,27,0,1
BRDA:353,28,0,1
BRF:49
BRH:40
end_of_record
TN:
SF:src\commands\publish.ts
FN:48,createPublishCommand
FN:61,(anonymous_2)
FN:120,(anonymous_3)
FN:127,(anonymous_4)
FN:128,(anonymous_5)
FN:133,(anonymous_6)
FN:163,(anonymous_7)
FNF:7
FNH:6
FNDA:14,createPublishCommand
FNDA:14,(anonymous_2)
FNDA:10,(anonymous_3)
FNDA:10,(anonymous_4)
FNDA:8,(anonymous_5)
FNDA:6,(anonymous_6)
FNDA:0,(anonymous_7)
DA:15,1
DA:16,1
DA:17,1
DA:18,1
DA:19,1
DA:20,1
DA:21,1
DA:23,1
DA:25,1
DA:27,1
DA:48,1
DA:49,14
DA:62,14
DA:63,0
DA:65,14
DA:66,14
DA:69,14
DA:72,14
DA:73,1
DA:77,1
DA:81,13
DA:82,13
DA:84,1
DA:85,1
DA:88,12
DA:89,12
DA:90,1
DA:91,1
DA:92,4
DA:94,1
DA:97,11
DA:100,11
DA:101,11
DA:103,11
DA:104,11
DA:105,11
DA:106,1
DA:108,10
DA:112,11
DA:113,1
DA:114,1
DA:115,1
DA:119,10
DA:120,10
DA:121,10
DA:122,2
DA:123,2
DA:124,2
DA:125,2
DA:126,2
DA:127,2
DA:128,10
DA:130,2
DA:131,2
DA:132,2
DA:133,6
DA:134,6
DA:137,2
DA:138,1
DA:139,1
DA:141,1
DA:148,9
DA:149,1
DA:150,1
DA:151,1
DA:152,1
DA:153,1
DA:155,1
DA:159,8
DA:160,8
DA:163,8
DA:164,8
DA:166,8
DA:167,1
DA:170,8
DA:171,1
DA:176,1
DA:180,7
DA:184,7
DA:185,7
DA:186,7
DA:187,5
DA:190,5
DA:191,5
DA:193,2
DA:195,2
DA:196,1
DA:198,1
DA:202,2
DA:203,2
LF:90
LH:89
BRDA:62,0,0,0
BRDA:66,1,0,0
BRDA:66,1,1,14
BRDA:72,2,0,1
BRDA:89,3,0,1
BRDA:105,4,0,1
BRDA:105,4,1,10
BRDA:112,5,0,1
BRDA:119,6,0,10
BRDA:121,7,0,2
BRDA:123,8,0,2
BRDA:124,9,0,2
BRDA:124,9,1,0
BRDA:128,10,0,8
BRDA:128,10,1,8
BRDA:130,11,0,2
BRDA:133,12,0,6
BRDA:133,12,1,6
BRDA:137,13,0,1
BRDA:148,14,0,1
BRDA:163,15,0,8
BRDA:163,15,1,1
BRDA:163,16,0,0
BRDA:163,16,1,0
BRDA:163,17,0,0
BRDA:163,17,1,0
BRDA:166,18,0,1
BRDA:170,19,0,1
BRDA:195,20,0,1
BRDA:195,20,1,1
BRDA:195,21,0,2
BRDA:195,21,1,1
BRDA:195,21,2,1
BRDA:198,22,0,1
BRDA:198,22,1,0
BRDA:199,23,0,1
BRDA:199,23,1,0
BRDA:199,23,2,0
BRF:38
BRH:28
end_of_record
TN:
SF:src\commands\registry.ts
FN:21,defaultRegistryName
FN:36,createRegistryCommand
FN:43,(anonymous_3)
FN:85,(anonymous_4)
FN:144,(anonymous_5)
FN:167,(anonymous_6)
FN:171,(anonymous_7)
FNF:7
FNH:7
FNDA:3,defaultRegistryName
FNDA:18,createRegistryCommand
FNDA:5,(anonymous_3)
FNDA:10,(anonymous_4)
FNDA:2,(anonymous_5)
FNDA:3,(anonymous_6)
FNDA:2,(anonymous_7)
DA:15,1
DA:16,1
DA:17,1
DA:18,1
DA:22,3
DA:23,3
DA:25,3
DA:26,3
DA:27,1
DA:36,1
DA:37,18
DA:39,18
DA:44,5
DA:45,5
DA:47,5
DA:48,1
DA:49,1
DA:50,1
DA:53,4
DA:54,4
DA:55,4
DA:56,4
DA:57,4
DA:58,2
DA:60,4
DA:61,1
DA:62,1
DA:63,1
DA:64,1
DA:65,1
DA:67,3
DA:68,1
DA:71,4
DA:74,18
DA:98,10
DA:99,10
DA:101,10
DA:102,10
DA:103,1
DA:104,1
DA:107,9
DA:110,9
DA:111,4
DA:112,1
DA:113,1
DA:115,3
DA:125,5
DA:134,8
DA:135,8
DA:136,0
DA:137,0
DA:139,8
DA:141,8
DA:142,8
DA:144,8
DA:145,8
DA:146,1
DA:147,1
DA:149,7
DA:150,7
DA:153,8
DA:154,1
DA:155,1
DA:157,7
DA:158,7
DA:162,18
DA:168,3
DA:169,3
DA:170,3
DA:171,3
DA:173,3
DA:174,1
DA:175,1
DA:178,2
DA:179,1
DA:181,1
DA:183,2
DA:186,18
LF:78
LH:76
BRDA:26,0,0,2
BRDA:27,1,0,1
BRDA:27,1,1,0
BRDA:47,2,0,1
BRDA:55,3,0,1
BRDA:55,3,1,3
BRDA:57,4,0,2
BRDA:60,5,0,1
BRDA:60,5,1,3
BRDA:62,6,0,1
BRDA:62,6,1,0
BRDA:63,7,0,1
BRDA:63,7,1,0
BRDA:63,7,2,0
BRDA:64,8,0,1
BRDA:67,9,0,1
BRDA:67,10,0,3
BRDA:67,10,1,1
BRDA:101,11,0,10
BRDA:101,11,1,0
BRDA:102,12,0,1
BRDA:102,13,0,10
BRDA:102,13,1,5
BRDA:107,14,0,9
BRDA:107,14,1,3
BRDA:110,15,0,4
BRDA:110,15,1,5
BRDA:111,16,0,1
BRDA:119,17,0,3
BRDA:119,17,1,0
BRDA:120,18,0,1
BRDA:120,18,1,2
BRDA:121,19,0,1
BRDA:121,19,1,2
BRDA:122,20,0,1
BRDA:122,20,1,2
BRDA:129,21,0,5
BRDA:129,21,1,0
BRDA:130,22,0,1
BRDA:130,22,1,4
BRDA:135,23,0,0
BRDA:142,24,0,8
BRDA:142,24,1,0
BRDA:145,25,0,1
BRDA:145,25,1,7
BRDA:153,26,0,1
BRDA:153,26,1,7
BRDA:171,27,0,3
BRDA:171,27,1,0
BRDA:173,28,0,1
BRDA:173,29,0,3
BRDA:173,29,1,0
BRDA:178,30,0,1
BRDA:178,30,1,1
BRF:54
BRH:43
end_of_record
TN:
SF:src\commands\search.ts
FN:27,createSearchCommand
FN:34,(anonymous_2)
FN:81,createFindCommand
FN:86,(anonymous_4)
FN:126,printResults
FNF:5
FNH:5
FNDA:8,createSearchCommand
FNDA:8,(anonymous_2)
FNDA:5,createFindCommand
FNDA:5,(anonymous_4)
FNDA:5,printResults
DA:15,1
DA:16,1
DA:17,1
DA:18,1
DA:19,1
DA:27,1
DA:28,8
DA:35,8
DA:36,8
DA:37,8
DA:41,8
DA:42,1
DA:43,1
DA:46,7
DA:47,7
DA:49,7
DA:50,8
DA:51,8
DA:52,8
DA:53,7
DA:59,7
DA:61,7
DA:62,2
DA:63,2
DA:66,5
DA:67,1
DA:68,1
DA:71,4
DA:81,1
DA:82,5
DA:87,5
DA:88,5
DA:89,5
DA:91,5
DA:92,1
DA:93,1
DA:96,4
DA:97,4
DA:99,4
DA:100,4
DA:101,4
DA:103,4
DA:104,4
DA:110,4
DA:112,4
DA:113,2
DA:114,2
DA:117,2
DA:118,1
DA:119,1
DA:122,1
DA:127,5
DA:134,5
DA:135,5
DA:136,5
DA:137,5
DA:138,5
DA:139,1
DA:141,5
DA:142,5
LF:60
LH:60
BRDA:37,0,0,1
BRDA:37,0,1,7
BRDA:41,1,0,1
BRDA:61,2,0,2
BRDA:66,3,0,1
BRDA:91,4,0,1
BRDA:112,5,0,2
BRDA:117,6,0,1
BRDA:135,7,0,5
BRDA:135,7,1,0
BRDA:138,8,0,1
BRF:11
BRH:10
end_of_record
TN:
SF:src\commands\uninstall.ts
FN:28,createUninstallCommand
FN:35,(anonymous_2)
FNF:2
FNH:2
FNDA:4,createUninstallCommand
FNDA:4,(anonymous_2)
DA:15,1
DA:16,1
DA:17,1
DA:18,1
DA:19,1
DA:20,1
DA:28,1
DA:29,4
DA:36,4
DA:37,4
DA:38,4
DA:40,4
DA:43,4
DA:44,4
DA:45,3
DA:46,3
DA:47,3
DA:50,1
DA:51,1
DA:55,3
DA:56,3
DA:57,1
DA:58,1
DA:59,1
LF:24
LH:24
BRDA:56,0,0,1
BRF:1
BRH:1
end_of_record
TN:
SF:src\commands\update.ts
FN:31,createUpdateCommand
FN:37,(anonymous_2)
FNF:2
FNH:2
FNDA:5,createUpdateCommand
FNDA:5,(anonymous_2)
DA:15,1
DA:16,1
DA:17,1
DA:18,1
DA:19,1
DA:20,1
DA:21,1
DA:22,1
DA:31,1
DA:32,5
DA:38,5
DA:39,5
DA:40,5
DA:42,5
DA:44,5
DA:45,5
DA:46,1
DA:47,1
DA:50,4
DA:55,4
DA:56,4
DA:57,1
DA:58,1
DA:61,3
DA:62,3
DA:64,3
DA:65,3
DA:66,1
DA:67,1
DA:70,2
DA:71,2
DA:72,2
DA:77,2
DA:78,2
DA:79,2
DA:81,2
DA:82,2
DA:83,2
DA:84,2
DA:85,1
DA:86,1
DA:87,1
DA:88,1
DA:89,1
DA:90,1
DA:91,1
DA:97,2
DA:98,1
DA:102,3
LF:49
LH:49
BRDA:45,0,0,1
BRDA:51,1,0,4
BRDA:51,1,1,0
BRDA:52,2,0,4
BRDA:52,2,1,4
BRDA:55,3,0,1
BRDA:55,3,1,3
BRDA:56,4,0,1
BRDA:65,5,0,1
BRDA:70,6,0,2
BRDA:70,6,1,0
BRDA:79,7,0,2
BRDA:79,7,1,2
BRDA:79,7,2,2
BRDA:85,8,0,1
BRDA:85,8,1,0
BRDA:97,9,0,1
BRF:17
BRH:14
end_of_record
TN:
SF:src\transformers\agent.ts
FN:25,parseFrontmatter
FN:31,filterFrontmatterLines
FN:53,transformAgent
FNF:3
FNH:3
FNDA:5,parseFrontmatter
FNDA:4,filterFrontmatterLines
FNDA:10,transformAgent
DA:17,9
DA:19,9
DA:21,9
DA:22,9
DA:23,9
DA:26,5
DA:27,5
DA:28,4
DA:32,4
DA:33,4
DA:34,9
DA:35,0
DA:36,0
DA:38,9
DA:39,9
DA:40,0
DA:41,0
DA:43,9
DA:44,9
DA:45,4
DA:46,4
DA:48,5
DA:50,4
DA:53,9
DA:58,10
DA:59,4
DA:62,6
DA:64,5
DA:65,5
DA:66,1
DA:69,4
DA:70,4
DA:72,4
DA:73,1
DA:74,3
DA:75,1
DA:76,2
DA:77,1
DA:78,1
DA:79,1
DA:82,4
DA:83,4
DA:85,4
DA:87,4
LF:44
LH:40
BRDA:27,0,0,1
BRDA:28,1,0,4
BRDA:28,1,1,0
BRDA:34,2,0,0
BRDA:39,3,0,0
BRDA:44,4,0,4
BRDA:58,5,0,4
BRDA:62,6,0,1
BRDA:65,7,0,1
BRDA:72,8,0,1
BRDA:72,8,1,3
BRDA:72,9,0,4
BRDA:72,9,1,2
BRDA:74,10,0,1
BRDA:74,10,1,2
BRDA:74,11,0,3
BRDA:74,11,1,2
BRDA:76,12,0,1
BRDA:76,12,1,1
BRDA:76,13,0,2
BRDA:76,13,1,1
BRDA:78,14,0,1
BRDA:78,15,0,1
BRDA:78,15,1,1
BRDA:83,16,0,3
BRDA:83,16,1,1
BRDA:85,17,0,2
BRF:27
BRH:24
end_of_record
TN:
SF:src\transformers\command.ts
FN:21,hasFrontmatter
FN:25,ensureDescriptionFrontmatter
FN:33,transformCommand
FNF:3
FNH:3
FNDA:1,hasFrontmatter
FNDA:1,ensureDescriptionFrontmatter
FNDA:9,transformCommand
DA:17,9
DA:19,9
DA:22,1
DA:26,1
DA:27,1
DA:33,9
DA:38,9
DA:40,8
DA:41,8
DA:42,8
DA:45,8
DA:46,2
DA:47,6
DA:48,1
DA:49,1
DA:50,1
DA:51,5
DA:52,1
DA:53,1
DA:54,1
DA:55,1
DA:56,1
DA:58,4
DA:59,1
DA:60,3
DA:61,2
DA:62,2
DA:64,1
DA:67,7
LF:29
LH:29
BRDA:26,0,0,0
BRDA:38,1,0,1
BRDA:45,2,0,2
BRDA:45,2,1,6
BRDA:45,3,0,8
BRDA:45,3,1,4
BRDA:47,4,0,1
BRDA:47,4,1,5
BRDA:47,5,0,6
BRDA:47,5,1,2
BRDA:51,6,0,1
BRDA:51,6,1,4
BRDA:51,7,0,5
BRDA:51,7,1,1
BRDA:54,8,0,1
BRDA:58,9,0,1
BRDA:58,9,1,3
BRDA:58,10,0,4
BRDA:58,10,1,3
BRDA:60,11,0,2
BRDA:60,11,1,1
BRDA:60,12,0,3
BRDA:60,12,1,2
BRF:23
BRH:22
end_of_record
TN:
SF:src\transformers\hook.ts
FN:59,(anonymous_0)
FN:75,isPlatformSpecificEvent
FN:82,mapEventName
FN:96,transformHandler
FN:123,extractHooks
FN:133,wrapHooks
FN:140,transformHook
FN:211,mergeHookConfigs
FN:216,(anonymous_8)
FN:255,estimateHookConfidence
FN:264,estimateCategoryConfidence
FNF:11
FNH:11
FNDA:54,(anonymous_0)
FNDA:16,isPlatformSpecificEvent
FNDA:9,mapEventName
FNDA:9,transformHandler
FNDA:22,extractHooks
FNDA:5,wrapHooks
FNDA:19,transformHook
FNDA:9,mergeHookConfigs
FNDA:9,(anonymous_8)
FNDA:11,estimateHookConfidence
FNDA:55,estimateCategoryConfidence
DA:17,9
DA:20,9
DA:29,9
DA:36,9
DA:43,9
DA:49,9
DA:58,9
DA:59,54
DA:63,9
DA:76,16
DA:77,9
DA:78,9
DA:79,9
DA:83,9
DA:84,2
DA:86,7
DA:88,3
DA:90,4
DA:91,4
DA:93,0
DA:97,9
DA:99,9
DA:100,1
DA:101,1
DA:103,8
DA:104,2
DA:105,2
DA:107,6
DA:108,1
DA:109,1
DA:112,5
DA:114,5
DA:115,1
DA:116,1
DA:120,5
DA:124,22
DA:125,20
DA:126,3
DA:127,3
DA:128,0
DA:130,17
DA:134,5
DA:135,1
DA:137,4
DA:140,9
DA:145,19
DA:146,5
DA:154,14
DA:156,13
DA:157,13
DA:160,13
DA:161,13
DA:163,2
DA:171,11
DA:173,11
DA:174,16
DA:176,16
DA:177,7
DA:178,7
DA:179,7
DA:182,9
DA:183,9
DA:185,9
DA:186,9
DA:187,9
DA:190,9
DA:191,5
DA:195,11
DA:196,6
DA:204,5
DA:206,5
DA:207,5
DA:211,9
DA:216,9
DA:217,9
DA:218,5
DA:219,5
DA:220,4
DA:221,1
DA:223,3
DA:225,1
DA:229,9
DA:230,9
DA:232,9
DA:233,10
DA:234,9
DA:235,9
DA:238,9
DA:239,2
DA:240,2
DA:241,1
DA:242,1
DA:244,0
DA:247,2
DA:248,2
DA:251,7
DA:255,9
DA:256,11
DA:257,10
DA:258,9
DA:259,5
DA:260,3
DA:261,3
DA:264,9
DA:269,55
DA:270,18
DA:273,6
DA:275,2
DA:276,1
DA:277,0
DA:279,1
DA:280,0
DA:282,1
DA:283,0
DA:285,8
DA:287,0
LF:116
LH:109
BRDA:76,0,0,7
BRDA:77,1,0,0
BRDA:78,2,0,0
BRDA:83,3,0,2
BRDA:84,4,0,2
BRDA:84,4,1,0
BRDA:84,4,2,0
BRDA:86,5,0,3
BRDA:88,6,0,3
BRDA:88,6,1,3
BRDA:90,7,0,4
BRDA:91,8,0,4
BRDA:91,8,1,1
BRDA:91,8,2,0
BRDA:91,9,0,1
BRDA:91,9,1,0
BRDA:93,10,0,0
BRDA:93,10,1,0
BRDA:99,11,0,1
BRDA:103,12,0,2
BRDA:103,13,0,8
BRDA:103,13,1,7
BRDA:107,14,0,1
BRDA:107,15,0,6
BRDA:107,15,1,1
BRDA:107,15,2,1
BRDA:114,16,0,1
BRDA:114,17,0,5
BRDA:114,17,1,4
BRDA:115,18,0,1
BRDA:125,19,0,3
BRDA:127,20,0,3
BRDA:127,21,0,3
BRDA:127,21,1,3
BRDA:134,22,0,1
BRDA:145,23,0,5
BRDA:145,24,0,19
BRDA:145,24,1,6
BRDA:145,24,2,1
BRDA:154,25,0,1
BRDA:174,26,0,0
BRDA:176,27,0,7
BRDA:176,28,0,16
BRDA:176,28,1,9
BRDA:176,28,2,1
BRDA:176,29,0,1
BRDA:176,29,1,0
BRDA:187,30,0,5
BRDA:190,31,0,5
BRDA:195,32,0,6
BRDA:204,33,0,1
BRDA:217,34,0,4
BRDA:220,35,0,1
BRDA:221,36,0,1
BRDA:221,36,1,0
BRDA:233,37,0,1
BRDA:234,38,0,9
BRDA:234,38,1,9
BRDA:238,39,0,2
BRDA:240,40,0,1
BRDA:256,41,0,1
BRDA:257,42,0,1
BRDA:257,43,0,10
BRDA:257,43,1,1
BRDA:257,43,2,0
BRDA:258,44,0,4
BRDA:259,45,0,2
BRDA:259,46,0,5
BRDA:259,46,1,5
BRDA:260,47,0,0
BRDA:260,48,0,3
BRDA:260,48,1,0
BRDA:269,49,0,37
BRDA:269,50,0,55
BRDA:269,50,1,45
BRDA:270,51,0,5
BRDA:270,51,1,6
BRDA:270,51,2,2
BRDA:270,51,3,1
BRDA:270,51,4,1
BRDA:270,51,5,8
BRDA:270,51,6,0
BRDA:275,52,0,1
BRDA:275,53,0,2
BRDA:275,53,1,2
BRDA:275,53,2,1
BRDA:275,53,3,0
BRDA:276,54,0,1
BRDA:279,55,0,1
BRDA:279,56,0,1
BRDA:279,56,1,1
BRDA:282,57,0,1
BRF:92
BRH:76
end_of_record
TN:
SF:src\transformers\index.ts
FN:25,(anonymous_0)
FN:25,(anonymous_1)
FN:25,(anonymous_2)
FN:27,applyExtension
FN:36,transform
FN:91,applyDestExtension
FNF:6
FNH:5
FNDA:49,(anonymous_0)
FNDA:0,(anonymous_1)
FNDA:4,(anonymous_2)
FNDA:8,applyExtension
FNDA:16,transform
FNDA:5,applyDestExtension
DA:16,9
DA:18,9
DA:19,9
DA:20,9
DA:21,9
DA:22,9
DA:25,58
DA:28,8
DA:29,7
DA:30,7
DA:36,9
DA:43,16
DA:45,16
DA:46,3
DA:51,13
DA:54,1
DA:55,1
DA:57,3
DA:58,3
DA:60,1
DA:61,1
DA:63,3
DA:64,3
DA:66,5
DA:67,5
DA:69,0
DA:72,13
DA:73,4
DA:76,9
DA:78,6
DA:81,6
DA:84,9
DA:85,3
DA:88,9
DA:91,9
DA:92,5
LF:36
LH:35
BRDA:28,0,0,1
BRDA:41,1,0,6
BRDA:45,2,0,3
BRDA:45,3,0,16
BRDA:45,3,1,15
BRDA:51,4,0,1
BRDA:51,4,1,1
BRDA:51,4,2,3
BRDA:51,4,3,1
BRDA:51,4,4,3
BRDA:51,4,5,5
BRDA:51,4,6,0
BRDA:72,5,0,4
BRDA:76,6,0,6
BRDA:76,7,0,9
BRDA:76,7,1,6
BRDA:76,7,2,6
BRDA:78,8,0,6
BRDA:78,8,1,0
BRDA:84,9,0,3
BRDA:84,10,0,9
BRDA:84,10,1,3
BRF:22
BRH:20
end_of_record
TN:
SF:src\transformers\rule.ts
FN:21,parseFrontmatter
FN:27,parseYamlScalars
FN:43,serializeFrontmatter
FN:56,renameExtension
FN:61,transformRule
FN:129,applyRuleExtension
FNF:6
FNH:6
FNDA:11,parseFrontmatter
FNDA:10,parseYamlScalars
FNDA:5,serializeFrontmatter
FNDA:2,renameExtension
FNDA:12,transformRule
FNDA:2,applyRuleExtension
DA:17,9
DA:19,9
DA:22,11
DA:23,11
DA:24,10
DA:28,10
DA:29,10
DA:30,12
DA:31,12
DA:32,12
DA:33,12
DA:34,12
DA:35,12
DA:36,10
DA:37,9
DA:38,9
DA:40,10
DA:44,5
DA:45,5
DA:46,6
DA:47,1
DA:49,5
DA:52,5
DA:53,5
DA:57,2
DA:58,2
DA:61,9
DA:66,12
DA:68,11
DA:69,11
DA:70,11
DA:71,11
DA:72,11
DA:75,11
DA:76,2
DA:77,1
DA:78,1
DA:80,2
DA:81,1
DA:82,1
DA:83,1
DA:85,2
DA:86,2
DA:87,9
DA:88,2
DA:89,1
DA:90,1
DA:91,1
DA:92,1
DA:94,2
DA:95,7
DA:96,4
DA:97,4
DA:103,3
DA:104,1
DA:105,1
DA:106,1
DA:108,1
DA:109,1
DA:110,2
DA:111,1
DA:112,1
DA:119,1
DA:122,5
DA:126,5
DA:129,9
DA:130,2
DA:131,1
DA:132,0
LF:69
LH:68
BRDA:23,0,0,1
BRDA:24,1,0,10
BRDA:24,1,1,0
BRDA:30,2,0,0
BRDA:32,3,0,0
BRDA:35,4,0,2
BRDA:35,4,1,10
BRDA:36,5,0,1
BRDA:36,5,1,9
BRDA:37,6,0,0
BRDA:37,6,1,9
BRDA:37,7,0,9
BRDA:37,7,1,9
BRDA:46,8,0,1
BRDA:46,8,1,5
BRDA:66,9,0,1
BRDA:69,10,0,11
BRDA:69,10,1,1
BRDA:70,11,0,10
BRDA:70,11,1,1
BRDA:75,12,0,2
BRDA:75,12,1,9
BRDA:75,13,0,11
BRDA:75,13,1,8
BRDA:76,14,0,1
BRDA:80,15,0,1
BRDA:87,16,0,2
BRDA:87,16,1,7
BRDA:87,17,0,9
BRDA:87,17,1,6
BRDA:88,18,0,1
BRDA:88,18,1,1
BRDA:91,19,0,1
BRDA:95,20,0,4
BRDA:95,20,1,3
BRDA:95,21,0,7
BRDA:95,21,1,4
BRDA:103,22,0,1
BRDA:103,22,1,2
BRDA:103,23,0,3
BRDA:103,23,1,2
BRDA:104,24,0,1
BRDA:110,25,0,1
BRDA:110,25,1,1
BRDA:122,26,0,5
BRDA:122,26,1,0
BRDA:130,27,0,1
BRDA:131,28,0,1
BRF:48
BRH:43
end_of_record
TN:
SF:src\transformers\types.ts
FN:40,buildSkillPrompt
FN:44,annotate
FN:48,mergeConfidence
FN:53,withSkillPrompt
FN:67,nativeResult
FN:71,passthrough
FN:75,unsupportedCategory
FNF:7
FNH:7
FNDA:9,buildSkillPrompt
FNDA:7,annotate
FNDA:10,mergeConfidence
FNDA:8,withSkillPrompt
FNDA:8,nativeResult
FNDA:4,passthrough
FNDA:5,unsupportedCategory
DA:40,10
DA:41,9
DA:44,10
DA:45,7
DA:48,10
DA:49,10
DA:50,10
DA:53,10
DA:58,8
DA:59,1
DA:61,7
DA:67,10
DA:68,8
DA:71,10
DA:72,4
DA:75,10
DA:76,5
LF:17
LH:17
BRDA:58,0,0,1
BRDA:58,1,0,8
BRDA:58,1,1,8
BRF:3
BRH:3
end_of_record
TN:
SF:src\utils\cache-manager.ts
FN:53,(anonymous_1)
FN:60,(anonymous_2)
FN:65,(anonymous_3)
FN:72,(anonymous_4)
FN:80,(anonymous_5)
FN:99,(anonymous_6)
FN:118,(anonymous_7)
FN:152,(anonymous_8)
FN:166,sha256
FN:174,safeName
FN:183,parseTarball
FNF:11
FNH:11
FNDA:79,(anonymous_1)
FNDA:87,(anonymous_2)
FNDA:2,(anonymous_3)
FNDA:39,(anonymous_4)
FNDA:4,(anonymous_5)
FNDA:42,(anonymous_6)
FNDA:43,(anonymous_7)
FNDA:3,(anonymous_8)
FNDA:42,sha256
FNDA:89,safeName
FNDA:41,parseTarball
DA:15,7
DA:16,7
DA:17,7
DA:18,7
DA:49,7
DA:54,79
DA:61,87
DA:66,2
DA:73,39
DA:81,4
DA:82,4
DA:83,1
DA:85,3
DA:100,42
DA:101,42
DA:102,42
DA:104,42
DA:105,1
DA:113,41
DA:115,41
DA:117,41
DA:118,43
DA:119,43
DA:120,2
DA:126,41
DA:127,41
DA:128,41
DA:131,39
DA:137,39
DA:143,39
DA:154,3
DA:160,3
DA:167,42
DA:175,89
DA:184,41
DA:185,41
DA:186,0
DA:188,41
LF:38
LH:37
BRDA:53,0,0,40
BRDA:82,1,0,1
BRDA:104,2,0,1
BRDA:104,3,0,42
BRDA:104,3,1,2
BRDA:119,4,0,2
BRDA:154,5,0,1
BRDA:154,5,1,2
BRDA:154,6,0,3
BRDA:154,6,1,2
BRDA:156,7,0,1
BRDA:156,7,1,1
BRDA:185,8,0,0
BRF:13
BRH:12
end_of_record
TN:
SF:src\utils\config-manager.ts
FN:35,detectPlatformFromEnv
FN:62,(anonymous_2)
FN:74,(anonymous_3)
FN:78,(anonymous_4)
FN:82,(anonymous_5)
FN:86,(anonymous_6)
FN:94,(anonymous_7)
FN:106,(anonymous_8)
FN:118,(anonymous_9)
FN:127,(anonymous_10)
FN:137,(anonymous_11)
FN:139,(anonymous_12)
FN:143,(anonymous_13)
FN:148,(anonymous_14)
FN:152,(anonymous_15)
FNF:15
FNH:14
FNDA:80,detectPlatformFromEnv
FNDA:121,(anonymous_2)
FNDA:9,(anonymous_3)
FNDA:4,(anonymous_4)
FNDA:44,(anonymous_5)
FNDA:0,(anonymous_6)
FNDA:33,(anonymous_7)
FNDA:6,(anonymous_8)
FNDA:6,(anonymous_9)
FNDA:1,(anonymous_10)
FNDA:31,(anonymous_11)
FNDA:3,(anonymous_12)
FNDA:3,(anonymous_13)
FNDA:1,(anonymous_14)
FNDA:4,(anonymous_15)
DA:15,13
DA:16,13
DA:17,13
DA:18,13
DA:20,13
DA:35,13
DA:36,80
DA:37,73
DA:39,7
DA:40,1
DA:42,6
DA:43,2
DA:45,4
DA:46,1
DA:48,3
DA:51,13
DA:63,121
DA:64,121
DA:65,121
DA:66,73
DA:67,73
DA:68,71
DA:71,121
DA:75,9
DA:79,4
DA:83,44
DA:87,0
DA:95,33
DA:96,33
DA:97,33
DA:98,1
DA:100,32
DA:107,6
DA:108,6
DA:109,0
DA:111,6
DA:119,6
DA:120,6
DA:121,0
DA:123,6
DA:128,1
DA:129,0
DA:131,1
DA:138,31
DA:139,31
DA:144,3
DA:149,1
DA:153,4
DA:154,4
DA:155,1
DA:157,4
DA:158,4
LF:52
LH:48
BRDA:36,0,0,73
BRDA:36,1,0,80
BRDA:36,1,1,8
BRDA:39,2,0,1
BRDA:42,3,0,2
BRDA:45,4,0,1
BRDA:62,5,0,0
BRDA:65,6,0,73
BRDA:67,7,0,71
BRDA:79,8,0,4
BRDA:79,8,1,1
BRDA:83,9,0,44
BRDA:83,9,1,3
BRDA:97,10,0,1
BRDA:108,11,0,0
BRDA:120,12,0,0
BRDA:128,13,0,0
BRDA:128,14,0,1
BRDA:128,14,1,1
BRDA:138,15,0,31
BRDA:138,15,1,5
BRDA:139,16,0,3
BRDA:139,16,1,1
BRDA:139,17,0,3
BRDA:139,17,1,2
BRDA:154,18,0,1
BRF:26
BRH:22
end_of_record
TN:
SF:src\utils\git-registry-client.ts
FN:25,sanitizeToolName
FN:29,runGit
FN:38,readBranch
FN:42,publishBranch
FN:46,registryRoot
FN:51,gitCacheDir
FN:55,toolDir
FN:59,versionDir
FN:63,buildTarballBuffer
FN:64,(anonymous_10)
FN:71,computeIntegrity
FN:75,ensureGitIdentity
FN:83,branchExistsLocally
FN:88,branchExistsRemotely
FN:96,ensureClone
FN:130,pushWithRebase
FN:138,walkManifests
FN:152,(anonymous_18)
FN:153,(anonymous_19)
FN:154,(anonymous_20)
FN:170,resolveLatestVersion
FN:176,(anonymous_22)
FN:177,(anonymous_23)
FN:178,(anonymous_24)
FN:188,createGitRegistryClient
FN:192,(anonymous_26)
FN:210,(anonymous_27)
FN:217,(anonymous_28)
FN:218,(anonymous_29)
FN:219,(anonymous_30)
FN:223,(anonymous_31)
FN:258,(anonymous_32)
FN:277,(anonymous_33)
FNF:33
FNH:33
FNDA:31,sanitizeToolName
FNDA:230,runGit
FNDA:16,readBranch
FNDA:16,publishBranch
FNDA:34,registryRoot
FNDA:48,gitCacheDir
FNDA:30,toolDir
FNDA:25,versionDir
FNDA:15,buildTarballBuffer
FNDA:15,(anonymous_10)
FNDA:17,computeIntegrity
FNDA:15,ensureGitIdentity
FNDA:1,branchExistsLocally
FNDA:32,branchExistsRemotely
FNDA:32,ensureClone
FNDA:15,pushWithRebase
FNDA:4,walkManifests
FNDA:5,(anonymous_18)
FNDA:5,(anonymous_19)
FNDA:5,(anonymous_20)
FNDA:2,resolveLatestVersion
FNDA:2,(anonymous_22)
FNDA:2,(anonymous_23)
FNDA:2,(anonymous_24)
FNDA:17,createGitRegistryClient
FNDA:7,(anonymous_26)
FNDA:3,(anonymous_27)
FNDA:2,(anonymous_28)
FNDA:2,(anonymous_29)
FNDA:2,(anonymous_30)
FNDA:4,(anonymous_31)
FNDA:2,(anonymous_32)
FNDA:16,(anonymous_33)
DA:15,5
DA:16,5
DA:17,5
DA:18,5
DA:19,5
DA:20,5
DA:25,5
DA:26,31
DA:29,5
DA:30,230
DA:31,230
DA:32,1
DA:33,1
DA:35,229
DA:39,16
DA:43,16
DA:47,34
DA:48,34
DA:51,5
DA:52,48
DA:56,30
DA:60,25
DA:64,15
DA:68,15
DA:72,17
DA:76,15
DA:77,15
DA:78,0
DA:79,0
DA:84,1
DA:85,1
DA:89,32
DA:93,32
DA:97,32
DA:98,32
DA:100,32
DA:101,16
DA:102,16
DA:103,16
DA:104,0
DA:105,0
DA:108,16
DA:109,15
DA:110,1
DA:111,1
DA:113,16
DA:116,16
DA:118,16
DA:119,16
DA:120,16
DA:121,0
DA:122,0
DA:124,0
DA:127,16
DA:131,15
DA:132,15
DA:134,0
DA:135,0
DA:142,4
DA:143,4
DA:145,4
DA:147,4
DA:148,9
DA:149,5
DA:150,5
DA:152,5
DA:153,5
DA:154,5
DA:157,5
DA:158,5
DA:160,5
DA:161,5
DA:163,5
DA:164,5
DA:167,4
DA:171,2
DA:172,2
DA:174,2
DA:176,2
DA:177,2
DA:178,2
DA:181,2
DA:188,5
DA:189,17
DA:193,7
DA:194,7
DA:195,7
DA:196,0
DA:199,7
DA:203,7
DA:204,1
DA:207,6
DA:211,3
DA:212,3
DA:213,3
DA:215,2
DA:217,2
DA:218,2
DA:219,2
DA:224,4
DA:225,4
DA:229,4
DA:230,4
DA:232,4
DA:233,5
DA:243,5
DA:244,5
DA:255,4
DA:259,2
DA:260,2
DA:261,2
DA:262,0
DA:265,2
DA:269,2
DA:270,0
DA:273,2
DA:274,2
DA:278,16
DA:279,16
DA:280,16
DA:282,16
DA:283,1
DA:288,15
DA:290,15
DA:291,15
DA:293,15
DA:298,15
DA:300,15
DA:301,15
DA:302,15
DA:306,15
DA:308,15
LF:132
LH:120
BRDA:31,0,0,1
BRDA:32,1,0,1
BRDA:32,1,1,1
BRDA:32,1,2,1
BRDA:35,2,0,229
BRDA:35,2,1,0
BRDA:35,3,0,229
BRDA:35,3,1,0
BRDA:39,4,0,16
BRDA:39,4,1,0
BRDA:43,5,0,16
BRDA:43,5,1,0
BRDA:47,6,0,34
BRDA:47,6,1,0
BRDA:48,7,0,32
BRDA:48,7,1,2
BRDA:77,8,0,0
BRDA:77,9,0,15
BRDA:77,9,1,15
BRDA:100,10,0,16
BRDA:103,11,0,0
BRDA:104,12,0,0
BRDA:104,12,1,0
BRDA:104,12,2,0
BRDA:108,13,0,15
BRDA:108,13,1,1
BRDA:110,14,0,1
BRDA:118,15,0,16
BRDA:118,15,1,0
BRDA:121,16,0,0
BRDA:121,16,1,0
BRDA:132,17,0,15
BRDA:143,18,0,0
BRDA:148,19,0,4
BRDA:158,20,0,0
BRDA:161,21,0,0
BRDA:172,22,0,0
BRDA:181,23,0,2
BRDA:181,23,1,0
BRDA:192,24,0,1
BRDA:194,25,0,2
BRDA:194,25,1,5
BRDA:195,26,0,0
BRDA:203,27,0,1
BRDA:213,28,0,1
BRDA:225,29,0,1
BRDA:225,29,1,3
BRDA:237,30,0,5
BRDA:237,30,1,5
BRDA:238,31,0,5
BRDA:238,31,1,5
BRDA:243,32,0,5
BRDA:243,33,0,5
BRDA:243,33,1,4
BRDA:260,34,0,0
BRDA:260,34,1,2
BRDA:261,35,0,0
BRDA:269,36,0,0
BRDA:282,37,0,1
BRF:59
BRH:37
end_of_record
TN:
SF:src\utils\installer.ts
FN:48,(anonymous_1)
FN:56,(anonymous_2)
FN:79,(anonymous_3)
FN:169,(anonymous_4)
FN:293,(anonymous_5)
FN:350,(anonymous_6)
FN:386,(anonymous_7)
FN:391,emitTransformMessages
FN:413,selectFilesForPlatform
FN:429,envEntry
FN:433,removeMcpEntry
FN:441,cleanEmptyDirs
FNF:12
FNH:12
FNDA:68,(anonymous_1)
FNDA:37,(anonymous_2)
FNDA:6,(anonymous_3)
FNDA:27,(anonymous_4)
FNDA:4,(anonymous_5)
FNDA:12,(anonymous_6)
FNDA:12,(anonymous_7)
FNDA:6,emitTransformMessages
FNDA:29,selectFilesForPlatform
FNDA:3,envEntry
FNDA:2,removeMcpEntry
FNDA:9,cleanEmptyDirs
DA:15,6
DA:16,6
DA:18,6
DA:28,6
DA:29,6
DA:45,6
DA:49,68
DA:50,68
DA:53,68
DA:61,37
DA:62,37
DA:63,0
DA:66,37
DA:67,4
DA:68,3
DA:71,33
DA:72,6
DA:75,27
DA:76,23
DA:84,6
DA:85,6
DA:86,0
DA:92,6
DA:96,6
DA:97,0
DA:98,0
DA:100,6
DA:101,6
DA:102,6
DA:103,6
DA:106,6
DA:107,6
DA:108,6
DA:109,6
DA:111,6
DA:112,6
DA:113,6
DA:114,2
DA:117,6
DA:119,6
DA:120,6
DA:121,6
DA:122,6
DA:125,6
DA:126,2
DA:127,2
DA:128,2
DA:129,2
DA:130,2
DA:131,2
DA:133,0
DA:134,0
DA:135,0
DA:137,0
DA:139,4
DA:140,4
DA:143,4
DA:146,6
DA:147,4
DA:148,4
DA:151,6
DA:163,6
DA:164,6
DA:165,6
DA:166,6
DA:174,27
DA:175,3
DA:176,3
DA:177,1
DA:188,26
DA:189,2
DA:190,2
DA:192,24
DA:193,23
DA:194,21
DA:195,21
DA:198,23
DA:199,23
DA:200,23
DA:202,23
DA:203,23
DA:204,23
DA:205,23
DA:207,23
DA:208,23
DA:210,23
DA:211,23
DA:212,23
DA:214,23
DA:218,23
DA:219,23
DA:221,23
DA:224,23
DA:225,4
DA:228,4
DA:230,4
DA:231,0
DA:232,0
DA:233,0
DA:236,4
DA:237,2
DA:240,2
DA:241,2
DA:243,2
DA:244,2
DA:247,2
DA:248,2
DA:249,2
DA:253,21
DA:254,21
DA:255,21
DA:256,21
DA:257,21
DA:260,23
DA:272,23
DA:273,23
DA:274,23
DA:275,0
DA:276,0
DA:277,0
DA:280,0
DA:281,0
DA:282,0
DA:283,0
DA:288,23
DA:289,23
DA:290,23
DA:298,4
DA:299,1
DA:304,3
DA:305,3
DA:307,3
DA:308,3
DA:309,1
DA:310,1
DA:311,1
DA:313,0
DA:320,3
DA:321,3
DA:330,3
DA:332,3
DA:344,3
DA:345,3
DA:346,3
DA:347,3
DA:351,12
DA:352,12
DA:353,12
DA:354,2
DA:357,10
DA:359,10
DA:361,10
DA:362,2
DA:363,2
DA:366,2
DA:367,2
DA:369,8
DA:370,8
DA:373,8
DA:374,7
DA:375,7
DA:376,7
DA:381,10
DA:382,10
DA:383,10
DA:387,12
DA:392,6
DA:394,4
DA:395,0
DA:398,4
DA:399,2
DA:400,2
DA:401,2
DA:404,4
DA:405,4
DA:408,4
DA:409,4
DA:414,29
DA:415,29
DA:416,31
DA:417,28
DA:418,3
DA:419,1
DA:422,29
DA:430,3
DA:434,2
DA:435,2
DA:436,2
DA:437,2
DA:438,2
DA:442,9
DA:443,9
DA:444,9
DA:445,2
DA:446,2
DA:447,2
DA:448,2
DA:449,2
DA:450,2
LF:199
LH:179
BRDA:50,0,0,0
BRDA:53,1,0,68
BRDA:53,1,1,40
BRDA:62,2,0,0
BRDA:66,3,0,4
BRDA:71,4,0,6
BRDA:85,5,0,0
BRDA:96,6,0,0
BRDA:96,6,1,6
BRDA:109,7,0,6
BRDA:109,7,1,0
BRDA:113,8,0,2
BRDA:125,9,0,2
BRDA:125,9,1,4
BRDA:125,10,0,6
BRDA:125,10,1,2
BRDA:128,11,0,2
BRDA:133,12,0,0
BRDA:133,13,0,0
BRDA:133,13,1,0
BRDA:146,14,0,4
BRDA:174,15,0,3
BRDA:174,16,0,27
BRDA:174,16,1,3
BRDA:176,17,0,1
BRDA:176,18,0,3
BRDA:176,18,1,2
BRDA:188,19,0,2
BRDA:188,19,1,24
BRDA:203,20,0,23
BRDA:203,20,1,19
BRDA:214,21,0,0
BRDA:214,21,1,23
BRDA:214,22,0,23
BRDA:214,22,1,23
BRDA:224,23,0,4
BRDA:224,24,0,23
BRDA:224,24,1,22
BRDA:230,25,0,0
BRDA:236,26,0,2
BRDA:236,27,0,4
BRDA:236,27,1,2
BRDA:240,28,0,2
BRDA:248,29,0,2
BRDA:274,30,0,0
BRDA:277,31,0,0
BRDA:277,31,1,0
BRDA:281,32,0,0
BRDA:281,33,0,0
BRDA:281,33,1,0
BRDA:298,34,0,1
BRDA:308,35,0,1
BRDA:321,36,0,0
BRDA:321,36,1,3
BRDA:324,37,0,3
BRDA:324,37,1,0
BRDA:326,38,0,3
BRDA:326,38,1,0
BRDA:353,39,0,2
BRDA:359,40,0,10
BRDA:359,40,1,10
BRDA:359,40,2,10
BRDA:359,40,3,2
BRDA:361,41,0,2
BRDA:361,41,1,8
BRDA:363,42,0,2
BRDA:363,42,1,0
BRDA:370,43,0,7
BRDA:370,43,1,1
BRDA:373,44,0,7
BRDA:392,45,0,2
BRDA:392,46,0,6
BRDA:392,46,1,4
BRDA:394,47,0,0
BRDA:394,47,1,4
BRDA:398,48,0,2
BRDA:398,48,1,2
BRDA:400,49,0,2
BRDA:408,50,0,4
BRDA:416,51,0,28
BRDA:416,51,1,3
BRDA:416,52,0,31
BRDA:416,52,1,3
BRDA:417,53,0,28
BRDA:418,54,0,1
BRDA:430,55,0,0
BRDA:430,55,1,3
BRDA:430,56,0,3
BRDA:430,56,1,0
BRDA:434,57,0,0
BRDA:444,58,0,7
BRDA:445,59,0,0
BRDA:445,60,0,2
BRDA:445,60,1,2
BRDA:448,61,0,2
BRF:95
BRH:70
end_of_record
TN:
SF:src\utils\registry-client.ts
FN:55,createHttpRegistryClient
FN:58,buildHeaders
FN:71,request
FN:72,(anonymous_4)
FN:77,(anonymous_5)
FN:87,(anonymous_6)
FN:88,(anonymous_7)
FN:94,getJSON
FN:101,(anonymous_9)
FN:105,(anonymous_10)
FN:110,(anonymous_11)
FN:113,(anonymous_12)
FN:115,(anonymous_13)
FN:118,(anonymous_14)
FN:123,(anonymous_15)
FN:133,(anonymous_16)
FN:134,(anonymous_17)
FN:143,(anonymous_18)
FN:147,(anonymous_19)
FN:152,(anonymous_20)
FN:154,(anonymous_21)
FN:155,(anonymous_22)
FN:186,createRegistryClient
FNF:23
FNH:23
FNDA:30,createHttpRegistryClient
FNDA:30,buildHeaders
FNDA:21,request
FNDA:21,(anonymous_4)
FNDA:19,(anonymous_5)
FNDA:14,(anonymous_6)
FNDA:14,(anonymous_7)
FNDA:21,getJSON
FNDA:13,(anonymous_9)
FNDA:3,(anonymous_10)
FNDA:5,(anonymous_11)
FNDA:1,(anonymous_12)
FNDA:3,(anonymous_13)
FNDA:3,(anonymous_14)
FNDA:2,(anonymous_15)
FNDA:1,(anonymous_16)
FNDA:1,(anonymous_17)
FNDA:6,(anonymous_18)
FNDA:6,(anonymous_19)
FNDA:5,(anonymous_20)
FNDA:5,(anonymous_21)
FNDA:5,(anonymous_22)
FNDA:31,createRegistryClient
DA:15,4
DA:16,4
DA:18,4
DA:19,4
DA:55,4
DA:56,30
DA:59,30
DA:60,30
DA:61,2
DA:62,1
DA:63,1
DA:64,1
DA:65,1
DA:68,30
DA:72,21
DA:73,21
DA:74,21
DA:75,21
DA:77,21
DA:78,19
DA:79,2
DA:80,2
DA:82,17
DA:83,3
DA:84,3
DA:86,14
DA:87,14
DA:88,14
DA:89,14
DA:95,21
DA:96,14
DA:99,30
DA:102,13
DA:103,13
DA:106,3
DA:107,3
DA:108,2
DA:111,5
DA:112,5
DA:113,3
DA:116,3
DA:117,3
DA:118,3
DA:119,3
DA:120,3
DA:121,3
DA:123,3
DA:124,2
DA:125,0
DA:126,0
DA:128,2
DA:129,1
DA:130,1
DA:132,1
DA:133,1
DA:134,1
DA:135,1
DA:136,1
DA:137,1
DA:139,1
DA:144,6
DA:145,6
DA:146,6
DA:147,6
DA:148,6
DA:149,6
DA:150,6
DA:153,5
DA:154,5
DA:155,5
DA:156,5
DA:158,5
DA:159,5
DA:161,0
DA:162,0
DA:164,5
DA:165,2
DA:167,3
DA:168,3
DA:171,5
DA:174,6
DA:175,6
DA:176,6
DA:186,4
DA:187,31
DA:188,1
DA:190,30
LF:87
LH:83
BRDA:60,0,0,2
BRDA:61,1,0,1
BRDA:61,1,1,1
BRDA:61,2,0,2
BRDA:61,2,1,1
BRDA:63,3,0,1
BRDA:63,4,0,1
BRDA:63,4,1,1
BRDA:63,4,2,1
BRDA:74,5,0,0
BRDA:74,5,1,21
BRDA:78,6,0,2
BRDA:78,7,0,19
BRDA:78,7,1,18
BRDA:82,8,0,3
BRDA:82,9,0,17
BRDA:82,9,1,17
BRDA:101,10,0,1
BRDA:120,11,0,0
BRDA:120,11,1,3
BRDA:124,12,0,0
BRDA:124,13,0,2
BRDA:124,13,1,2
BRDA:128,14,0,1
BRDA:128,15,0,2
BRDA:128,15,1,2
BRDA:149,16,0,0
BRDA:149,16,1,6
BRDA:164,17,0,2
BRDA:164,17,1,3
BRDA:167,18,0,3
BRDA:167,18,1,0
BRDA:187,19,0,1
BRF:33
BRH:28
end_of_record
